<?xml version="1.0" encoding="UTF-8"?>
<!-- Generated by org.testng.reporters.JUnitXMLReporter -->
<testsuite hostname="SEZ10AUTODATA" ignored="0" name="Unityworks" tests="64" failures="0" timestamp="18 Apr 2018 10:49:27 GMT" time="1939.999" errors="0">
  <testcase name="doubleclickreportTest" time="35.245" classname="com.unityworks.testcases.AffinitiveTest"/>
  <testcase name="doubleclickreportTest" time="27.466" classname="com.unityworks.testcases.AffinitiveTest"/>
  <testcase name="verifyPageViewandReportTitle" time="27.706" classname="com.unityworks.testcases.AffinitiveTest"/>
  <testcase name="verifyPageViewandReportTitle" time="27.143" classname="com.unityworks.testcases.AffinitiveTest"/>
  <testcase name="verifyPageViewandReportTitle" time="25.414" classname="com.unityworks.testcases.AffinitiveTest"/>
  <testcase name="verifyPageViewandReportTitle" time="25.377" classname="com.unityworks.testcases.AffinitiveTest"/>
  <testcase name="verifyPageViewandReportTitle" time="38.661" classname="com.unityworks.testcases.AffinitiveTest"/>
  <testcase name="verifyPageViewandReportTitle" time="29.435" classname="com.unityworks.testcases.AffinitiveTest"/>
  <testcase name="verifyPageViewandReportTitle" time="261.638" classname="com.unityworks.testcases.AffinitiveTest"/>
  <testcase name="verifyPageViewandReportTitle" time="40.396" classname="com.unityworks.testcases.AffinitiveTest"/>
  <testcase name="verifyPageViewandReportTitle" time="28.359" classname="com.unityworks.testcases.AffinitiveTest"/>
  <testcase name="verifyPageViewandReportTitle" time="25.725" classname="com.unityworks.testcases.AffinitiveTest"/>
  <testcase name="verifyPageViewandReportTitle" time="25.779" classname="com.unityworks.testcases.AffinitiveTest"/>
  <testcase name="verifyPageViewandReportTitle" time="26.15" classname="com.unityworks.testcases.AffinitiveTest"/>
  <testcase name="verifyPageViewandReportTitle" time="30.226" classname="com.unityworks.testcases.AffinitiveTest"/>
  <testcase name="verifyPageViewandReportTitle" time="28.304" classname="com.unityworks.testcases.AffinitiveTest"/>
  <testcase name="verifyPageViewandReportTitle" time="37.076" classname="com.unityworks.testcases.AffinitiveTest"/>
  <testcase name="verifyPageViewandReportTitle" time="26.432" classname="com.unityworks.testcases.AffinitiveTest"/>
  <testcase name="verifyPageViewandReportTitle" time="25.109" classname="com.unityworks.testcases.AffinitiveTest"/>
  <testcase name="verifyPageViewandReportTitle" time="25.476" classname="com.unityworks.testcases.AffinitiveTest"/>
  <testcase name="verifyPageViewandReportTitle" time="25.162" classname="com.unityworks.testcases.AffinitiveTest"/>
  <testcase name="verifyPageViewandReportTitle" time="27.362" classname="com.unityworks.testcases.AffinitiveTest"/>
  <testcase name="verifyPageViewandReportTitle" time="28.252" classname="com.unityworks.testcases.AffinitiveTest"/>
  <testcase name="verifyPageViewandReportTitle" time="27.65" classname="com.unityworks.testcases.AffinitiveTest"/>
  <testcase name="verifyPageViewandReportTitle" time="25.58" classname="com.unityworks.testcases.AffinitiveTest"/>
  <testcase name="verifyPageViewandReportTitle" time="25.184" classname="com.unityworks.testcases.AffinitiveTest"/>
  <testcase name="verifyPageViewandReportTitle" time="25.518" classname="com.unityworks.testcases.AffinitiveTest"/>
  <testcase name="verifyPageViewandReportTitle" time="26.198" classname="com.unityworks.testcases.AffinitiveTest"/>
  <testcase name="verifyPageViewandReportTitle" time="25.229" classname="com.unityworks.testcases.AffinitiveTest"/>
  <testcase name="verifyPageViewandReportTitle" time="28.327" classname="com.unityworks.testcases.AffinitiveTest"/>
  <testcase name="verifyPageViewandReportTitle" time="28.4" classname="com.unityworks.testcases.AffinitiveTest"/>
  <testcase name="verifyPageViewandReportTitle" time="26.568" classname="com.unityworks.testcases.AffinitiveTest"/>
  <testcase name="verifyPageViewandReportTitle" time="26.786" classname="com.unityworks.testcases.AffinitiveTest"/>
  <testcase name="verifyPageViewandReportTitle" time="25.212" classname="com.unityworks.testcases.AffinitiveTest"/>
  <testcase name="verifyPageViewandReportTitle" time="25.142" classname="com.unityworks.testcases.AffinitiveTest"/>
  <testcase name="verifyPageViewandReportTitle" time="25.766" classname="com.unityworks.testcases.AffinitiveTest"/>
  <testcase name="verifyPageViewandReportTitle" time="25.387" classname="com.unityworks.testcases.AffinitiveTest"/>
  <testcase name="verifyPageViewandReportTitle" time="25.877" classname="com.unityworks.testcases.AffinitiveTest"/>
  <testcase name="verifyPageViewandReportTitle" time="25.552" classname="com.unityworks.testcases.AffinitiveTest"/>
  <testcase name="verifyPageViewandReportTitle" time="26.214" classname="com.unityworks.testcases.AffinitiveTest"/>
  <testcase name="verifyPageViewandReportTitle" time="25.17" classname="com.unityworks.testcases.AffinitiveTest"/>
  <testcase name="verifyPageViewandReportTitle" time="27.074" classname="com.unityworks.testcases.AffinitiveTest"/>
  <testcase name="verifyPageViewandReportTitle" time="26.082" classname="com.unityworks.testcases.AffinitiveTest"/>
  <testcase name="verifyPageViewandReportTitle" time="26.41" classname="com.unityworks.testcases.AffinitiveTest"/>
  <testcase name="verifyPageViewandReportTitle" time="26.441" classname="com.unityworks.testcases.AffinitiveTest"/>
  <testcase name="verifyPageViewandReportTitle" time="25.557" classname="com.unityworks.testcases.AffinitiveTest"/>
  <testcase name="verifyPageViewandReportTitle" time="26.283" classname="com.unityworks.testcases.AffinitiveTest"/>
  <testcase name="verifyPageViewandReportTitle" time="27.849" classname="com.unityworks.testcases.AffinitiveTest"/>
  <testcase name="verifyPageViewandReportTitle" time="26.823" classname="com.unityworks.testcases.AffinitiveTest"/>
  <testcase name="verifyPageViewandReportTitle" time="25.406" classname="com.unityworks.testcases.AffinitiveTest"/>
  <testcase name="verifyPageViewandReportTitle" time="25.361" classname="com.unityworks.testcases.AffinitiveTest"/>
  <testcase name="verifyPageViewandReportTitle" time="25.449" classname="com.unityworks.testcases.AffinitiveTest"/>
  <testcase name="verifyPageViewandReportTitle" time="25.303" classname="com.unityworks.testcases.AffinitiveTest"/>
  <testcase name="verifyPageViewandReportTitle" time="25.639" classname="com.unityworks.testcases.AffinitiveTest"/>
  <testcase name="verifyPageViewandReportTitle" time="26.656" classname="com.unityworks.testcases.AffinitiveTest"/>
  <testcase name="verifyPageViewandReportTitle" time="25.364" classname="com.unityworks.testcases.AffinitiveTest"/>
  <testcase name="verifyPageViewandReportTitle" time="26.435" classname="com.unityworks.testcases.AffinitiveTest"/>
  <testcase name="verifyPageViewandReportTitle" time="25.4" classname="com.unityworks.testcases.AffinitiveTest"/>
  <testcase name="verifyPageViewandReportTitle" time="49.148" classname="com.unityworks.testcases.AffinitiveTest"/>
  <testcase name="verifyPageViewandReportTitle" time="25.672" classname="com.unityworks.testcases.AffinitiveTest"/>
  <testcase name="verifyPageViewandReportTitle" time="26.785" classname="com.unityworks.testcases.AffinitiveTest"/>
  <testcase name="verifyPageViewandReportTitle" time="26.896" classname="com.unityworks.testcases.AffinitiveTest"/>
  <testcase name="verifyPageViewandReportTitle" time="0.001" classname="com.unityworks.testcases.AffinitiveTest">
    <skipped/>
  </testcase> <!-- verifyPageViewandReportTitle -->
  <testcase name="verifyPageViewandReportTitle" time="0.0" classname="com.unityworks.testcases.AffinitiveTest">
    <skipped/>
  </testcase> <!-- verifyPageViewandReportTitle -->
</testsuite> <!-- Unityworks -->
