<?xml version="1.0" encoding="UTF-8"?>
<!-- Generated by org.testng.reporters.JUnitXMLReporter -->
<testsuite hostname="SEZ10AUTODATA" ignored="0" name="Unityworks" tests="62" failures="0" timestamp="28 Jun 2018 06:01:00 GMT" time="33.756" errors="0">
  <testcase name="doubleclickreportTest" time="0.002" classname="com.unityworks.testcases.AffinitiveTest">
    <skipped/>
  </testcase> <!-- doubleclickreportTest -->
  <testcase name="doubleclickreportTest" time="0.0" classname="com.unityworks.testcases.AffinitiveTest">
    <skipped/>
  </testcase> <!-- doubleclickreportTest -->
  <testcase name="verifyPageViewandReportTitle" time="33.405" classname="com.unityworks.testcases.AffinitiveTest"/>
  <testcase name="verifyPageViewandReportTitle" time="0.0" classname="com.unityworks.testcases.AffinitiveTest">
    <skipped/>
  </testcase> <!-- verifyPageViewandReportTitle -->
  <testcase name="verifyPageViewandReportTitle" time="0.0" classname="com.unityworks.testcases.AffinitiveTest">
    <skipped/>
  </testcase> <!-- verifyPageViewandReportTitle -->
  <testcase name="verifyPageViewandReportTitle" time="0.0" classname="com.unityworks.testcases.AffinitiveTest">
    <skipped/>
  </testcase> <!-- verifyPageViewandReportTitle -->
  <testcase name="verifyPageViewandReportTitle" time="0.001" classname="com.unityworks.testcases.AffinitiveTest">
    <skipped/>
  </testcase> <!-- verifyPageViewandReportTitle -->
  <testcase name="verifyPageViewandReportTitle" time="0.0" classname="com.unityworks.testcases.AffinitiveTest">
    <skipped/>
  </testcase> <!-- verifyPageViewandReportTitle -->
  <testcase name="verifyPageViewandReportTitle" time="0.0" classname="com.unityworks.testcases.AffinitiveTest">
    <skipped/>
  </testcase> <!-- verifyPageViewandReportTitle -->
  <testcase name="verifyPageViewandReportTitle" time="0.001" classname="com.unityworks.testcases.AffinitiveTest">
    <skipped/>
  </testcase> <!-- verifyPageViewandReportTitle -->
  <testcase name="verifyPageViewandReportTitle" time="0.0" classname="com.unityworks.testcases.AffinitiveTest">
    <skipped/>
  </testcase> <!-- verifyPageViewandReportTitle -->
  <testcase name="verifyPageViewandReportTitle" time="0.0" classname="com.unityworks.testcases.AffinitiveTest">
    <skipped/>
  </testcase> <!-- verifyPageViewandReportTitle -->
  <testcase name="verifyPageViewandReportTitle" time="0.0" classname="com.unityworks.testcases.AffinitiveTest">
    <skipped/>
  </testcase> <!-- verifyPageViewandReportTitle -->
  <testcase name="verifyPageViewandReportTitle" time="0.0" classname="com.unityworks.testcases.AffinitiveTest">
    <skipped/>
  </testcase> <!-- verifyPageViewandReportTitle -->
  <testcase name="verifyPageViewandReportTitle" time="0.0" classname="com.unityworks.testcases.AffinitiveTest">
    <skipped/>
  </testcase> <!-- verifyPageViewandReportTitle -->
  <testcase name="verifyPageViewandReportTitle" time="0.0" classname="com.unityworks.testcases.AffinitiveTest">
    <skipped/>
  </testcase> <!-- verifyPageViewandReportTitle -->
  <testcase name="verifyPageViewandReportTitle" time="0.0" classname="com.unityworks.testcases.AffinitiveTest">
    <skipped/>
  </testcase> <!-- verifyPageViewandReportTitle -->
  <testcase name="verifyPageViewandReportTitle" time="0.001" classname="com.unityworks.testcases.AffinitiveTest">
    <skipped/>
  </testcase> <!-- verifyPageViewandReportTitle -->
  <testcase name="verifyPageViewandReportTitle" time="0.0" classname="com.unityworks.testcases.AffinitiveTest">
    <skipped/>
  </testcase> <!-- verifyPageViewandReportTitle -->
  <testcase name="verifyPageViewandReportTitle" time="0.0" classname="com.unityworks.testcases.AffinitiveTest">
    <skipped/>
  </testcase> <!-- verifyPageViewandReportTitle -->
  <testcase name="verifyPageViewandReportTitle" time="0.0" classname="com.unityworks.testcases.AffinitiveTest">
    <skipped/>
  </testcase> <!-- verifyPageViewandReportTitle -->
  <testcase name="verifyPageViewandReportTitle" time="0.0" classname="com.unityworks.testcases.AffinitiveTest">
    <skipped/>
  </testcase> <!-- verifyPageViewandReportTitle -->
  <testcase name="verifyPageViewandReportTitle" time="0.0" classname="com.unityworks.testcases.AffinitiveTest">
    <skipped/>
  </testcase> <!-- verifyPageViewandReportTitle -->
  <testcase name="verifyPageViewandReportTitle" time="0.0" classname="com.unityworks.testcases.AffinitiveTest">
    <skipped/>
  </testcase> <!-- verifyPageViewandReportTitle -->
  <testcase name="verifyPageViewandReportTitle" time="0.0" classname="com.unityworks.testcases.AffinitiveTest">
    <skipped/>
  </testcase> <!-- verifyPageViewandReportTitle -->
  <testcase name="verifyPageViewandReportTitle" time="0.0" classname="com.unityworks.testcases.AffinitiveTest">
    <skipped/>
  </testcase> <!-- verifyPageViewandReportTitle -->
  <testcase name="verifyPageViewandReportTitle" time="0.0" classname="com.unityworks.testcases.AffinitiveTest">
    <skipped/>
  </testcase> <!-- verifyPageViewandReportTitle -->
  <testcase name="verifyPageViewandReportTitle" time="0.0" classname="com.unityworks.testcases.AffinitiveTest">
    <skipped/>
  </testcase> <!-- verifyPageViewandReportTitle -->
  <testcase name="verifyPageViewandReportTitle" time="0.0" classname="com.unityworks.testcases.AffinitiveTest">
    <skipped/>
  </testcase> <!-- verifyPageViewandReportTitle -->
  <testcase name="verifyPageViewandReportTitle" time="0.0" classname="com.unityworks.testcases.AffinitiveTest">
    <skipped/>
  </testcase> <!-- verifyPageViewandReportTitle -->
  <testcase name="verifyPageViewandReportTitle" time="0.0" classname="com.unityworks.testcases.AffinitiveTest">
    <skipped/>
  </testcase> <!-- verifyPageViewandReportTitle -->
  <testcase name="verifyPageViewandReportTitle" time="0.0" classname="com.unityworks.testcases.AffinitiveTest">
    <skipped/>
  </testcase> <!-- verifyPageViewandReportTitle -->
  <testcase name="verifyPageViewandReportTitle" time="0.0" classname="com.unityworks.testcases.AffinitiveTest">
    <skipped/>
  </testcase> <!-- verifyPageViewandReportTitle -->
  <testcase name="verifyPageViewandReportTitle" time="0.0" classname="com.unityworks.testcases.AffinitiveTest">
    <skipped/>
  </testcase> <!-- verifyPageViewandReportTitle -->
  <testcase name="verifyPageViewandReportTitle" time="0.0" classname="com.unityworks.testcases.AffinitiveTest">
    <skipped/>
  </testcase> <!-- verifyPageViewandReportTitle -->
  <testcase name="verifyPageViewandReportTitle" time="0.001" classname="com.unityworks.testcases.AffinitiveTest">
    <skipped/>
  </testcase> <!-- verifyPageViewandReportTitle -->
  <testcase name="verifyPageViewandReportTitle" time="0.0" classname="com.unityworks.testcases.AffinitiveTest">
    <skipped/>
  </testcase> <!-- verifyPageViewandReportTitle -->
  <testcase name="verifyPageViewandReportTitle" time="0.0" classname="com.unityworks.testcases.AffinitiveTest">
    <skipped/>
  </testcase> <!-- verifyPageViewandReportTitle -->
  <testcase name="verifyPageViewandReportTitle" time="0.001" classname="com.unityworks.testcases.AffinitiveTest">
    <skipped/>
  </testcase> <!-- verifyPageViewandReportTitle -->
  <testcase name="verifyPageViewandReportTitle" time="0.0" classname="com.unityworks.testcases.AffinitiveTest">
    <skipped/>
  </testcase> <!-- verifyPageViewandReportTitle -->
  <testcase name="verifyPageViewandReportTitle" time="0.0" classname="com.unityworks.testcases.AffinitiveTest">
    <skipped/>
  </testcase> <!-- verifyPageViewandReportTitle -->
  <testcase name="verifyPageViewandReportTitle" time="0.0" classname="com.unityworks.testcases.AffinitiveTest">
    <skipped/>
  </testcase> <!-- verifyPageViewandReportTitle -->
  <testcase name="verifyPageViewandReportTitle" time="0.0" classname="com.unityworks.testcases.AffinitiveTest">
    <skipped/>
  </testcase> <!-- verifyPageViewandReportTitle -->
  <testcase name="verifyPageViewandReportTitle" time="0.0" classname="com.unityworks.testcases.AffinitiveTest">
    <skipped/>
  </testcase> <!-- verifyPageViewandReportTitle -->
  <testcase name="verifyPageViewandReportTitle" time="0.0" classname="com.unityworks.testcases.AffinitiveTest">
    <skipped/>
  </testcase> <!-- verifyPageViewandReportTitle -->
  <testcase name="verifyPageViewandReportTitle" time="0.0" classname="com.unityworks.testcases.AffinitiveTest">
    <skipped/>
  </testcase> <!-- verifyPageViewandReportTitle -->
  <testcase name="verifyPageViewandReportTitle" time="0.0" classname="com.unityworks.testcases.AffinitiveTest">
    <skipped/>
  </testcase> <!-- verifyPageViewandReportTitle -->
  <testcase name="verifyPageViewandReportTitle" time="0.0" classname="com.unityworks.testcases.AffinitiveTest">
    <skipped/>
  </testcase> <!-- verifyPageViewandReportTitle -->
  <testcase name="verifyPageViewandReportTitle" time="0.0" classname="com.unityworks.testcases.AffinitiveTest">
    <skipped/>
  </testcase> <!-- verifyPageViewandReportTitle -->
  <testcase name="verifyPageViewandReportTitle" time="0.0" classname="com.unityworks.testcases.AffinitiveTest">
    <skipped/>
  </testcase> <!-- verifyPageViewandReportTitle -->
  <testcase name="verifyPageViewandReportTitle" time="0.0" classname="com.unityworks.testcases.AffinitiveTest">
    <skipped/>
  </testcase> <!-- verifyPageViewandReportTitle -->
  <testcase name="verifyPageViewandReportTitle" time="0.0" classname="com.unityworks.testcases.AffinitiveTest">
    <skipped/>
  </testcase> <!-- verifyPageViewandReportTitle -->
  <testcase name="verifyPageViewandReportTitle" time="0.0" classname="com.unityworks.testcases.AffinitiveTest">
    <skipped/>
  </testcase> <!-- verifyPageViewandReportTitle -->
  <testcase name="verifyPageViewandReportTitle" time="0.0" classname="com.unityworks.testcases.AffinitiveTest">
    <skipped/>
  </testcase> <!-- verifyPageViewandReportTitle -->
  <testcase name="verifyPageViewandReportTitle" time="0.0" classname="com.unityworks.testcases.AffinitiveTest">
    <skipped/>
  </testcase> <!-- verifyPageViewandReportTitle -->
  <testcase name="verifyPageViewandReportTitle" time="0.0" classname="com.unityworks.testcases.AffinitiveTest">
    <skipped/>
  </testcase> <!-- verifyPageViewandReportTitle -->
  <testcase name="verifyPageViewandReportTitle" time="0.0" classname="com.unityworks.testcases.AffinitiveTest">
    <skipped/>
  </testcase> <!-- verifyPageViewandReportTitle -->
  <testcase name="verifyPageViewandReportTitle" time="0.0" classname="com.unityworks.testcases.AffinitiveTest">
    <skipped/>
  </testcase> <!-- verifyPageViewandReportTitle -->
  <testcase name="verifyPageViewandReportTitle" time="0.0" classname="com.unityworks.testcases.AffinitiveTest">
    <skipped/>
  </testcase> <!-- verifyPageViewandReportTitle -->
  <testcase name="verifyPageViewandReportTitle" time="0.0" classname="com.unityworks.testcases.AffinitiveTest">
    <skipped/>
  </testcase> <!-- verifyPageViewandReportTitle -->
  <testcase name="verifyPageViewandReportTitle" time="0.0" classname="com.unityworks.testcases.AffinitiveTest">
    <skipped/>
  </testcase> <!-- verifyPageViewandReportTitle -->
  <testcase name="verifyPageViewandReportTitle" time="0.0" classname="com.unityworks.testcases.AffinitiveTest">
    <skipped/>
  </testcase> <!-- verifyPageViewandReportTitle -->
</testsuite> <!-- Unityworks -->
