<?xml version="1.0" encoding="UTF-8"?>
<!-- Generated by org.testng.reporters.JUnitXMLReporter -->
<testsuite hostname="SEZ-10" ignored="0" name="Unityworks" tests="17" failures="0" timestamp="10 Apr 2018 11:21:31 GMT" time="106.665" errors="0">
  <testcase name="newreports" time="42.688" classname="com.unityworks.testcases.AffinitiveTest"/>
  <testcase name="unityworksReportTest" time="63.692" classname="com.unityworks.testcases.AffinitiveTest"/>
  <testcase name="unityworksReportTest" time="0.0" classname="com.unityworks.testcases.AffinitiveTest">
    <skipped/>
  </testcase> <!-- unityworksReportTest -->
  <testcase name="unityworksReportTest" time="0.0" classname="com.unityworks.testcases.AffinitiveTest">
    <skipped/>
  </testcase> <!-- unityworksReportTest -->
  <testcase name="unityworksReportTest" time="0.001" classname="com.unityworks.testcases.AffinitiveTest">
    <skipped/>
  </testcase> <!-- unityworksReportTest -->
  <testcase name="unityworksReportTest" time="0.001" classname="com.unityworks.testcases.AffinitiveTest">
    <skipped/>
  </testcase> <!-- unityworksReportTest -->
  <testcase name="unityworksReportTest" time="0.0" classname="com.unityworks.testcases.AffinitiveTest">
    <skipped/>
  </testcase> <!-- unityworksReportTest -->
  <testcase name="unityworksReportTest" time="0.001" classname="com.unityworks.testcases.AffinitiveTest">
    <skipped/>
  </testcase> <!-- unityworksReportTest -->
  <testcase name="unityworksReportTest" time="0.0" classname="com.unityworks.testcases.AffinitiveTest">
    <skipped/>
  </testcase> <!-- unityworksReportTest -->
  <testcase name="unityworksReportTest" time="0.0" classname="com.unityworks.testcases.AffinitiveTest">
    <skipped/>
  </testcase> <!-- unityworksReportTest -->
  <testcase name="unityworksReportTest" time="0.0" classname="com.unityworks.testcases.AffinitiveTest">
    <skipped/>
  </testcase> <!-- unityworksReportTest -->
  <testcase name="unityworksReportTest" time="0.0" classname="com.unityworks.testcases.AffinitiveTest">
    <skipped/>
  </testcase> <!-- unityworksReportTest -->
  <testcase name="unityworksReportTest" time="0.0" classname="com.unityworks.testcases.AffinitiveTest">
    <skipped/>
  </testcase> <!-- unityworksReportTest -->
  <testcase name="unityworksReportTest" time="0.0" classname="com.unityworks.testcases.AffinitiveTest">
    <skipped/>
  </testcase> <!-- unityworksReportTest -->
  <testcase name="unityworksReportTest" time="0.0" classname="com.unityworks.testcases.AffinitiveTest">
    <skipped/>
  </testcase> <!-- unityworksReportTest -->
  <testcase name="unityworksReportTest" time="0.0" classname="com.unityworks.testcases.AffinitiveTest">
    <skipped/>
  </testcase> <!-- unityworksReportTest -->
  <testcase name="unityworksReportTest" time="0.001" classname="com.unityworks.testcases.AffinitiveTest">
    <skipped/>
  </testcase> <!-- unityworksReportTest -->
</testsuite> <!-- Unityworks -->
