<!DOCTYPE html>

<html>
  <head>
  <meta charset='utf-8'>
  <title>TestNG reports</title>

    <link type="text/css" href="testng-reports.css" rel="stylesheet" />
    <script type="text/javascript" src="jquery-1.7.1.min.js"></script>
    <script type="text/javascript" src="testng-reports.js"></script>
    <script type="text/javascript" src="https://www.google.com/jsapi"></script>
    <script type='text/javascript'>
      google.load('visualization', '1', {packages:['table']});
      google.setOnLoadCallback(drawTable);
      var suiteTableInitFunctions = new Array();
      var suiteTableData = new Array();
    </script>
    <!--
      <script type="text/javascript" src="jquery-ui/js/jquery-ui-1.8.16.custom.min.js"></script>
     -->
  </head>

  <body>
    <div class="top-banner-root">
      <span class="top-banner-title-font">Test results</span>
      <br/>
      <span class="top-banner-font-1">1 suite</span>
    </div> <!-- top-banner-root -->
    <div class="navigator-root">
      <div class="navigator-suite-header">
        <span>All suites</span>
        <a href="#" class="collapse-all-link" title="Collapse/expand all the suites">
          <img class="collapse-all-icon" src="collapseall.gif">
          </img> <!-- collapse-all-icon -->
        </a> <!-- collapse-all-link -->
      </div> <!-- navigator-suite-header -->
      <div class="suite">
        <div class="rounded-window">
          <div class="suite-header light-rounded-window-top">
            <a href="#" class="navigator-link" panel-name="suite-UnityworksReportTest">
              <span class="suite-name border-skipped">UnityworksReportTest</span>
            </a> <!-- navigator-link -->
          </div> <!-- suite-header light-rounded-window-top -->
          <div class="navigator-suite-content">
            <div class="suite-section-title">
              <span>Info</span>
            </div> <!-- suite-section-title -->
            <div class="suite-section-content">
              <ul>
                <li>
                  <a href="#" class="navigator-link " panel-name="test-xml-UnityworksReportTest">
                    <span>F:\JavaWithSelenium\UnityworksReportTest\src\main\resources\testng.xml</span>
                  </a> <!-- navigator-link  -->
                </li>
                <li>
                  <a href="#" class="navigator-link " panel-name="testlist-UnityworksReportTest">
                    <span class="test-stats">1 test</span>
                  </a> <!-- navigator-link  -->
                </li>
                <li>
                  <a href="#" class="navigator-link " panel-name="group-UnityworksReportTest">
                    <span>0 groups</span>
                  </a> <!-- navigator-link  -->
                </li>
                <li>
                  <a href="#" class="navigator-link " panel-name="times-UnityworksReportTest">
                    <span>Times</span>
                  </a> <!-- navigator-link  -->
                </li>
                <li>
                  <a href="#" class="navigator-link " panel-name="reporter-UnityworksReportTest">
                    <span>Reporter output</span>
                  </a> <!-- navigator-link  -->
                </li>
                <li>
                  <a href="#" class="navigator-link " panel-name="ignored-methods-UnityworksReportTest">
                    <span>Ignored methods</span>
                  </a> <!-- navigator-link  -->
                </li>
                <li>
                  <a href="#" class="navigator-link " panel-name="chronological-UnityworksReportTest">
                    <span>Chronological view</span>
                  </a> <!-- navigator-link  -->
                </li>
              </ul>
            </div> <!-- suite-section-content -->
            <div class="result-section">
              <div class="suite-section-title">
                <span>Results</span>
              </div> <!-- suite-section-title -->
              <div class="suite-section-content">
                <ul>
                  <li>
                    <span class="method-stats">63 methods,  57 skipped,  6 passed</span>
                  </li>
                  <li>
                    <span class="method-list-title skipped">Skipped methods</span>
                    <span class="show-or-hide-methods skipped">
                      <a href="#" panel-name="suite-UnityworksReportTest" class="hide-methods skipped suite-UnityworksReportTest"> (hide)</a> <!-- hide-methods skipped suite-UnityworksReportTest -->
                      <a href="#" panel-name="suite-UnityworksReportTest" class="show-methods skipped suite-UnityworksReportTest"> (show)</a> <!-- show-methods skipped suite-UnityworksReportTest -->
                    </span>
                    <div class="method-list-content skipped suite-UnityworksReportTest">
                      <span>
                        <img width="3%" src="skipped.png"/>
                        <a href="#" class="method navigator-link" panel-name="suite-UnityworksReportTest" title="com.unityworks.testcases.AffinitiveTest" hash-for-method="verifyPageViewandReportTitle(03/01/2018, 03/10/2018, Fiat Chrysler Automobiles, Infiniti Microsite, //span[text()=&#039;Infiniti Micro...)">verifyPageViewandReportTitle(03/01/2018, 03/10/2018, Fiat Chrysler Automobiles, Infiniti Microsite, //span[text()='Infiniti Micro...)</a> <!-- method navigator-link -->
                      </span>
                      <br/>
                      <span>
                        <img width="3%" src="skipped.png"/>
                        <a href="#" class="method navigator-link" panel-name="suite-UnityworksReportTest" title="com.unityworks.testcases.AffinitiveTest" hash-for-method="verifyPageViewandReportTitle(03/01/2018, 03/10/2018, Epsilon, Ford Truck, //span[text()=&#039;Ford Truck Report&#039;], //tbody/tr[last()]/...)">verifyPageViewandReportTitle(03/01/2018, 03/10/2018, Epsilon, Ford Truck, //span[text()='Ford Truck Report'], //tbody/tr[last()]/...)</a> <!-- method navigator-link -->
                      </span>
                      <br/>
                      <span>
                        <img width="3%" src="skipped.png"/>
                        <a href="#" class="method navigator-link" panel-name="suite-UnityworksReportTest" title="com.unityworks.testcases.AffinitiveTest" hash-for-method="verifyPageViewandReportTitle(03/01/2018, 03/10/2018, Epsilon, CSSR - Car Care, //span[text()=&#039;Epsilon Car Care Report&#039;], //*[@id=...)">verifyPageViewandReportTitle(03/01/2018, 03/10/2018, Epsilon, CSSR - Car Care, //span[text()='Epsilon Car Care Report'], //*[@id=...)</a> <!-- method navigator-link -->
                      </span>
                      <br/>
                      <span>
                        <img width="3%" src="skipped.png"/>
                        <a href="#" class="method navigator-link" panel-name="suite-UnityworksReportTest" title="com.unityworks.testcases.AffinitiveTest" hash-for-method="verifyPageViewandReportTitle(03/01/2018, 03/10/2018, Epsilon, eOnPoint, //span[text()=&#039;Epsilon eOnPoint Report&#039;], //tbody/tr[last...)">verifyPageViewandReportTitle(03/01/2018, 03/10/2018, Epsilon, eOnPoint, //span[text()='Epsilon eOnPoint Report'], //tbody/tr[last...)</a> <!-- method navigator-link -->
                      </span>
                      <br/>
                      <span>
                        <img width="3%" src="skipped.png"/>
                        <a href="#" class="method navigator-link" panel-name="suite-UnityworksReportTest" title="com.unityworks.testcases.AffinitiveTest" hash-for-method="verifyPageViewandReportTitle(03/01/2018, 03/10/2018, Epsilon, Cherokee, //span[text()=&#039;Cherokee Report&#039;], //tbody/tr[last()]/td[3...)">verifyPageViewandReportTitle(03/01/2018, 03/10/2018, Epsilon, Cherokee, //span[text()='Cherokee Report'], //tbody/tr[last()]/td[3...)</a> <!-- method navigator-link -->
                      </span>
                      <br/>
                      <span>
                        <img width="3%" src="skipped.png"/>
                        <a href="#" class="method navigator-link" panel-name="suite-UnityworksReportTest" title="com.unityworks.testcases.AffinitiveTest" hash-for-method="verifyPageViewandReportTitle(03/01/2018, 03/10/2018, Campaign Manager, Agency 720 DC and GA, //span[text()=&#039;Intercept Report : A7...)">verifyPageViewandReportTitle(03/01/2018, 03/10/2018, Campaign Manager, Agency 720 DC and GA, //span[text()='Intercept Report : A7...)</a> <!-- method navigator-link -->
                      </span>
                      <br/>
                      <span>
                        <img width="3%" src="skipped.png"/>
                        <a href="#" class="method navigator-link" panel-name="suite-UnityworksReportTest" title="com.unityworks.testcases.AffinitiveTest" hash-for-method="verifyPageViewandReportTitle(03/01/2018, 03/10/2018, Epsilon, CSSR - EVO, //span[text()=&#039;Epsilon EVO Report&#039;], //tbody/tr[last()]...)">verifyPageViewandReportTitle(03/01/2018, 03/10/2018, Epsilon, CSSR - EVO, //span[text()='Epsilon EVO Report'], //tbody/tr[last()]...)</a> <!-- method navigator-link -->
                      </span>
                      <br/>
                      <span>
                        <img width="3%" src="skipped.png"/>
                        <a href="#" class="method navigator-link" panel-name="suite-UnityworksReportTest" title="com.unityworks.testcases.AffinitiveTest" hash-for-method="verifyPageViewandReportTitle(03/01/2018, 03/10/2018, Fiat Chrysler Automobiles, FCA Lease, //span[text()=&#039;Fca Lease&#039;], //tbody/tr...)">verifyPageViewandReportTitle(03/01/2018, 03/10/2018, Fiat Chrysler Automobiles, FCA Lease, //span[text()='Fca Lease'], //tbody/tr...)</a> <!-- method navigator-link -->
                      </span>
                      <br/>
                      <span>
                        <img width="3%" src="skipped.png"/>
                        <a href="#" class="method navigator-link" panel-name="suite-UnityworksReportTest" title="com.unityworks.testcases.AffinitiveTest" hash-for-method="verifyPageViewandReportTitle(03/01/2018, 03/10/2018, Dialogue Direct, Honda Airbag, //span[text()=&#039;Epsilon Honda Airbag&#039;], //tbod...)">verifyPageViewandReportTitle(03/01/2018, 03/10/2018, Dialogue Direct, Honda Airbag, //span[text()='Epsilon Honda Airbag'], //tbod...)</a> <!-- method navigator-link -->
                      </span>
                      <br/>
                      <span>
                        <img width="3%" src="skipped.png"/>
                        <a href="#" class="method navigator-link" panel-name="suite-UnityworksReportTest" title="com.unityworks.testcases.AffinitiveTest" hash-for-method="verifyPageViewandReportTitle(03/01/2018, 03/10/2018, Campaign Manager, Ford Sales, //span[text()=&#039;Ford Report&#039;], //tbody/tr[last(...)">verifyPageViewandReportTitle(03/01/2018, 03/10/2018, Campaign Manager, Ford Sales, //span[text()='Ford Report'], //tbody/tr[last(...)</a> <!-- method navigator-link -->
                      </span>
                      <br/>
                      <span>
                        <img width="3%" src="skipped.png"/>
                        <a href="#" class="method navigator-link" panel-name="suite-UnityworksReportTest" title="com.unityworks.testcases.AffinitiveTest" hash-for-method="verifyPageViewandReportTitle(03/01/2018, 03/10/2018, Fiat Chrysler Automobiles, WBC T2.5 Commercial, //span[text()=&#039;WBC T2.5 Comm...)">verifyPageViewandReportTitle(03/01/2018, 03/10/2018, Fiat Chrysler Automobiles, WBC T2.5 Commercial, //span[text()='WBC T2.5 Comm...)</a> <!-- method navigator-link -->
                      </span>
                      <br/>
                      <span>
                        <img width="3%" src="skipped.png"/>
                        <a href="#" class="method navigator-link" panel-name="suite-UnityworksReportTest" title="com.unityworks.testcases.AffinitiveTest" hash-for-method="verifyPageViewandReportTitle(03/01/2018, 03/10/2018, Fiat Chrysler Automobiles, DBC ProMaster Commercial, //span[text()=&#039;DBC ProM...)">verifyPageViewandReportTitle(03/01/2018, 03/10/2018, Fiat Chrysler Automobiles, DBC ProMaster Commercial, //span[text()='DBC ProM...)</a> <!-- method navigator-link -->
                      </span>
                      <br/>
                      <span>
                        <img width="3%" src="skipped.png"/>
                        <a href="#" class="method navigator-link" panel-name="suite-UnityworksReportTest" title="com.unityworks.testcases.AffinitiveTest" hash-for-method="verifyPageViewandReportTitle(03/01/2018, 03/10/2018, Epsilon, Ford Service, //span[text()=&#039;Ford Report&#039;], //tbody/tr[last()]/td[3...)">verifyPageViewandReportTitle(03/01/2018, 03/10/2018, Epsilon, Ford Service, //span[text()='Ford Report'], //tbody/tr[last()]/td[3...)</a> <!-- method navigator-link -->
                      </span>
                      <br/>
                      <span>
                        <img width="3%" src="skipped.png"/>
                        <a href="#" class="method navigator-link" panel-name="suite-UnityworksReportTest" title="com.unityworks.testcases.AffinitiveTest" hash-for-method="verifyPageViewandReportTitle(03/01/2018, 03/10/2018, Epsilon, Intercept National LMA, //span[text()=&#039;Epsilon National LMA Report&#039;...)">verifyPageViewandReportTitle(03/01/2018, 03/10/2018, Epsilon, Intercept National LMA, //span[text()='Epsilon National LMA Report'...)</a> <!-- method navigator-link -->
                      </span>
                      <br/>
                      <span>
                        <img width="3%" src="skipped.png"/>
                        <a href="#" class="method navigator-link" panel-name="suite-UnityworksReportTest" title="com.unityworks.testcases.AffinitiveTest" hash-for-method="verifyPageViewandReportTitle(03/01/2018, 03/10/2018, Epsilon, Mercedes Benz, //span[text()=&#039;Epsilon Mercedes Benz&#039;], //tbody/tr[l...)">verifyPageViewandReportTitle(03/01/2018, 03/10/2018, Epsilon, Mercedes Benz, //span[text()='Epsilon Mercedes Benz'], //tbody/tr[l...)</a> <!-- method navigator-link -->
                      </span>
                      <br/>
                      <span>
                        <img width="3%" src="skipped.png"/>
                        <a href="#" class="method navigator-link" panel-name="suite-UnityworksReportTest" title="com.unityworks.testcases.AffinitiveTest" hash-for-method="verifyPageViewandReportTitle(03/01/2018, 03/10/2018, Epsilon, Honda SPS, //span[text()=&#039;Honda SPS&#039;], //tbody/tr[last()]/td[5]/b, ...)">verifyPageViewandReportTitle(03/01/2018, 03/10/2018, Epsilon, Honda SPS, //span[text()='Honda SPS'], //tbody/tr[last()]/td[5]/b, ...)</a> <!-- method navigator-link -->
                      </span>
                      <br/>
                      <span>
                        <img width="3%" src="skipped.png"/>
                        <a href="#" class="method navigator-link" panel-name="suite-UnityworksReportTest" title="com.unityworks.testcases.AffinitiveTest" hash-for-method="verifyPageViewandReportTitle(03/01/2018, 03/10/2018, Fiat Chrysler Automobiles, Pacifica Tier 2.5, //span[text()=&#039;Pacifica Tier 2...)">verifyPageViewandReportTitle(03/01/2018, 03/10/2018, Fiat Chrysler Automobiles, Pacifica Tier 2.5, //span[text()='Pacifica Tier 2...)</a> <!-- method navigator-link -->
                      </span>
                      <br/>
                      <span>
                        <img width="3%" src="skipped.png"/>
                        <a href="#" class="method navigator-link" panel-name="suite-UnityworksReportTest" title="com.unityworks.testcases.AffinitiveTest" hash-for-method="verifyPageViewandReportTitle(03/01/2018, 03/10/2018, Epsilon, eStrike Service - GM, //span[text()=&#039;Epsilon eStrike Service - GM &#039;...)">verifyPageViewandReportTitle(03/01/2018, 03/10/2018, Epsilon, eStrike Service - GM, //span[text()='Epsilon eStrike Service - GM '...)</a> <!-- method navigator-link -->
                      </span>
                      <br/>
                      <span>
                        <img width="3%" src="skipped.png"/>
                        <a href="#" class="method navigator-link" panel-name="suite-UnityworksReportTest" title="com.unityworks.testcases.AffinitiveTest" hash-for-method="verifyPageViewandReportTitle(03/01/2018, 03/10/2018, Chrysler Pacifica, Chrysler Pacifica, //span[text()=&#039;Chrysler Pacifica Repor...)">verifyPageViewandReportTitle(03/01/2018, 03/10/2018, Chrysler Pacifica, Chrysler Pacifica, //span[text()='Chrysler Pacifica Repor...)</a> <!-- method navigator-link -->
                      </span>
                      <br/>
                      <span>
                        <img width="3%" src="skipped.png"/>
                        <a href="#" class="method navigator-link" panel-name="suite-UnityworksReportTest" title="com.unityworks.testcases.AffinitiveTest" hash-for-method="verifyPageViewandReportTitle(03/01/2018, 03/10/2018, Epsilon, Used VIN Video - GM, //span[text()=&#039;Epsilon Used VIN Video - GM&#039;], ...)">verifyPageViewandReportTitle(03/01/2018, 03/10/2018, Epsilon, Used VIN Video - GM, //span[text()='Epsilon Used VIN Video - GM'], ...)</a> <!-- method navigator-link -->
                      </span>
                      <br/>
                      <span>
                        <img width="3%" src="skipped.png"/>
                        <a href="#" class="method navigator-link" panel-name="suite-UnityworksReportTest" title="com.unityworks.testcases.AffinitiveTest" hash-for-method="verifyPageViewandReportTitle(03/01/2018, 03/10/2018, Fiat Chrysler Automobiles, California BC, //span[text()=&#039;California BC&#039;], //...)">verifyPageViewandReportTitle(03/01/2018, 03/10/2018, Fiat Chrysler Automobiles, California BC, //span[text()='California BC'], //...)</a> <!-- method navigator-link -->
                      </span>
                      <br/>
                      <span>
                        <img width="3%" src="skipped.png"/>
                        <a href="#" class="method navigator-link" panel-name="suite-UnityworksReportTest" title="com.unityworks.testcases.AffinitiveTest" hash-for-method="verifyPageViewandReportTitle(03/01/2018, 03/10/2018, Epsilon, CSSR - EVO &amp; OLA Combined, //span[text()=&#039;EVO OLA Combined Report&#039;]...)">verifyPageViewandReportTitle(03/01/2018, 03/10/2018, Epsilon, CSSR - EVO & OLA Combined, //span[text()='EVO OLA Combined Report']...)</a> <!-- method navigator-link -->
                      </span>
                      <br/>
                      <span>
                        <img width="3%" src="skipped.png"/>
                        <a href="#" class="method navigator-link" panel-name="suite-UnityworksReportTest" title="com.unityworks.testcases.AffinitiveTest" hash-for-method="verifyPageViewandReportTitle(03/01/2018, 03/10/2018, Epsilon, Honda LCC, //span[text()=&#039;Honda Lcc&#039;], //tbody/tr[last()]/td[5]/b, ...)">verifyPageViewandReportTitle(03/01/2018, 03/10/2018, Epsilon, Honda LCC, //span[text()='Honda Lcc'], //tbody/tr[last()]/td[5]/b, ...)</a> <!-- method navigator-link -->
                      </span>
                      <br/>
                      <span>
                        <img width="3%" src="skipped.png"/>
                        <a href="#" class="method navigator-link" panel-name="suite-UnityworksReportTest" title="com.unityworks.testcases.AffinitiveTest" hash-for-method="verifyPageViewandReportTitle(03/01/2018, 03/10/2018, Fiat Chrysler Automobiles, CBC T2.5 Commercial, //span[text()=&#039;CBC T2.5 Comm...)">verifyPageViewandReportTitle(03/01/2018, 03/10/2018, Fiat Chrysler Automobiles, CBC T2.5 Commercial, //span[text()='CBC T2.5 Comm...)</a> <!-- method navigator-link -->
                      </span>
                      <br/>
                      <span>
                        <img width="3%" src="skipped.png"/>
                        <a href="#" class="method navigator-link" panel-name="suite-UnityworksReportTest" title="com.unityworks.testcases.AffinitiveTest" hash-for-method="verifyPageViewandReportTitle(03/01/2018, 03/10/2018, National Karate, National Karate, //span[text()=&#039;National Karate Report&#039;], /...)">verifyPageViewandReportTitle(03/01/2018, 03/10/2018, National Karate, National Karate, //span[text()='National Karate Report'], /...)</a> <!-- method navigator-link -->
                      </span>
                      <br/>
                      <span>
                        <img width="3%" src="skipped.png"/>
                        <a href="#" class="method navigator-link" panel-name="suite-UnityworksReportTest" title="com.unityworks.testcases.AffinitiveTest" hash-for-method="verifyPageViewandReportTitle(03/01/2018, 03/10/2018, Campaign Manager, Kia, //span[text()=&#039;Kia Report&#039;], //tbody/tr[last()]/td[3]...)">verifyPageViewandReportTitle(03/01/2018, 03/10/2018, Campaign Manager, Kia, //span[text()='Kia Report'], //tbody/tr[last()]/td[3]...)</a> <!-- method navigator-link -->
                      </span>
                      <br/>
                      <span>
                        <img width="3%" src="skipped.png"/>
                        <a href="#" class="method navigator-link" panel-name="suite-UnityworksReportTest" title="com.unityworks.testcases.AffinitiveTest" hash-for-method="verifyPageViewandReportTitle(03/01/2018, 03/10/2018, Epsilon, CSSR - OLA, //span[text()=&#039;Epsilon OLA Report&#039;], //*[@id=&#039;first_rep...)">verifyPageViewandReportTitle(03/01/2018, 03/10/2018, Epsilon, CSSR - OLA, //span[text()='Epsilon OLA Report'], //*[@id='first_rep...)</a> <!-- method navigator-link -->
                      </span>
                      <br/>
                      <span>
                        <img width="3%" src="skipped.png"/>
                        <a href="#" class="method navigator-link" panel-name="suite-UnityworksReportTest" title="com.unityworks.testcases.AffinitiveTest" hash-for-method="verifyPageViewandReportTitle(03/01/2018, 03/10/2018, Epsilon, BMW T2, //span[text()=&#039;Epsilon BMW T2&#039;], //*[@id=&#039;first_report&#039;]/tb...)">verifyPageViewandReportTitle(03/01/2018, 03/10/2018, Epsilon, BMW T2, //span[text()='Epsilon BMW T2'], //*[@id='first_report']/tb...)</a> <!-- method navigator-link -->
                      </span>
                      <br/>
                      <span>
                        <img width="3%" src="skipped.png"/>
                        <a href="#" class="method navigator-link" panel-name="suite-UnityworksReportTest" title="com.unityworks.testcases.AffinitiveTest" hash-for-method="verifyPageViewandReportTitle(03/01/2018, 03/10/2018, Campaign Manager, Agency 720, //span[text()=&#039;Agency 720&#039;], //tbody/tr[last()...)">verifyPageViewandReportTitle(03/01/2018, 03/10/2018, Campaign Manager, Agency 720, //span[text()='Agency 720'], //tbody/tr[last()...)</a> <!-- method navigator-link -->
                      </span>
                      <br/>
                      <span>
                        <img width="3%" src="skipped.png"/>
                        <a href="#" class="method navigator-link" panel-name="suite-UnityworksReportTest" title="com.unityworks.testcases.AffinitiveTest" hash-for-method="verifyPageViewandReportTitle(03/01/2018, 03/10/2018, LifeTouch, LifeTouch, //span[text()=&#039;Life Touch Report&#039;], //tbody/tr[last()]...)">verifyPageViewandReportTitle(03/01/2018, 03/10/2018, LifeTouch, LifeTouch, //span[text()='Life Touch Report'], //tbody/tr[last()]...)</a> <!-- method navigator-link -->
                      </span>
                      <br/>
                      <span>
                        <img width="3%" src="skipped.png"/>
                        <a href="#" class="method navigator-link" panel-name="suite-UnityworksReportTest" title="com.unityworks.testcases.AffinitiveTest" hash-for-method="verifyPageViewandReportTitle(03/01/2018, 03/10/2018, Epsilon, Hyundai EM, //span[text()=&#039;Hyundai EM&#039;], //tbody/tr[last()]/td[5]/b...)">verifyPageViewandReportTitle(03/01/2018, 03/10/2018, Epsilon, Hyundai EM, //span[text()='Hyundai EM'], //tbody/tr[last()]/td[5]/b...)</a> <!-- method navigator-link -->
                      </span>
                      <br/>
                      <span>
                        <img width="3%" src="skipped.png"/>
                        <a href="#" class="method navigator-link" panel-name="suite-UnityworksReportTest" title="com.unityworks.testcases.AffinitiveTest" hash-for-method="verifyPageViewandReportTitle(03/01/2018, 03/10/2018, Epsilon, OnTarget, //span[text()=&#039;Epsilon OnTarget Report&#039;], //tbody/tr[last...)">verifyPageViewandReportTitle(03/01/2018, 03/10/2018, Epsilon, OnTarget, //span[text()='Epsilon OnTarget Report'], //tbody/tr[last...)</a> <!-- method navigator-link -->
                      </span>
                      <br/>
                      <span>
                        <img width="3%" src="skipped.png"/>
                        <a href="#" class="method navigator-link" panel-name="suite-UnityworksReportTest" title="com.unityworks.testcases.AffinitiveTest" hash-for-method="verifyPageViewandReportTitle(03/01/2018, 03/10/2018, Fiat Chrysler Automobiles, DBC Compass Compare T2.5, //span[text()=&#039;DBC Comp...)">verifyPageViewandReportTitle(03/01/2018, 03/10/2018, Fiat Chrysler Automobiles, DBC Compass Compare T2.5, //span[text()='DBC Comp...)</a> <!-- method navigator-link -->
                      </span>
                      <br/>
                      <span>
                        <img width="3%" src="skipped.png"/>
                        <a href="#" class="method navigator-link" panel-name="suite-UnityworksReportTest" title="com.unityworks.testcases.AffinitiveTest" hash-for-method="verifyPageViewandReportTitle(03/01/2018, 03/10/2018, Fiat Chrysler Automobiles, SEBC Compass, //span[text()=&#039;SEBC Compass&#039;], //tb...)">verifyPageViewandReportTitle(03/01/2018, 03/10/2018, Fiat Chrysler Automobiles, SEBC Compass, //span[text()='SEBC Compass'], //tb...)</a> <!-- method navigator-link -->
                      </span>
                      <br/>
                      <span>
                        <img width="3%" src="skipped.png"/>
                        <a href="#" class="method navigator-link" panel-name="suite-UnityworksReportTest" title="com.unityworks.testcases.AffinitiveTest" hash-for-method="verifyPageViewandReportTitle(03/01/2018, 03/10/2018, Fiat Chrysler Automobiles, Land Rover T3, //span[text()=&#039;Land Rover T3&#039;], //...)">verifyPageViewandReportTitle(03/01/2018, 03/10/2018, Fiat Chrysler Automobiles, Land Rover T3, //span[text()='Land Rover T3'], //...)</a> <!-- method navigator-link -->
                      </span>
                      <br/>
                      <span>
                        <img width="3%" src="skipped.png"/>
                        <a href="#" class="method navigator-link" panel-name="suite-UnityworksReportTest" title="com.unityworks.testcases.AffinitiveTest" hash-for-method="verifyPageViewandReportTitle(03/01/2018, 03/10/2018, Epsilon, 2014 Sales Touches Round 1, //span[text()=&#039;Epsilon Sales Touch&#039;], /...)">verifyPageViewandReportTitle(03/01/2018, 03/10/2018, Epsilon, 2014 Sales Touches Round 1, //span[text()='Epsilon Sales Touch'], /...)</a> <!-- method navigator-link -->
                      </span>
                      <br/>
                      <span>
                        <img width="3%" src="skipped.png"/>
                        <a href="#" class="method navigator-link" panel-name="suite-UnityworksReportTest" title="com.unityworks.testcases.AffinitiveTest" hash-for-method="verifyPageViewandReportTitle(03/01/2018, 03/10/2018, Affinitiv, Lexus Affinitiv Tire, //span[text()=&#039;Lexus Affinitiv Tire&#039;], //tb...)">verifyPageViewandReportTitle(03/01/2018, 03/10/2018, Affinitiv, Lexus Affinitiv Tire, //span[text()='Lexus Affinitiv Tire'], //tb...)</a> <!-- method navigator-link -->
                      </span>
                      <br/>
                      <span>
                        <img width="3%" src="skipped.png"/>
                        <a href="#" class="method navigator-link" panel-name="suite-UnityworksReportTest" title="com.unityworks.testcases.AffinitiveTest" hash-for-method="verifyPageViewandReportTitle(03/01/2018, 03/10/2018, Fiat Chrysler Automobiles, MABC T2.5 Promaster, //span[text()=&#039;MABC T2.5 Pro...)">verifyPageViewandReportTitle(03/01/2018, 03/10/2018, Fiat Chrysler Automobiles, MABC T2.5 Promaster, //span[text()='MABC T2.5 Pro...)</a> <!-- method navigator-link -->
                      </span>
                      <br/>
                      <span>
                        <img width="3%" src="skipped.png"/>
                        <a href="#" class="method navigator-link" panel-name="suite-UnityworksReportTest" title="com.unityworks.testcases.AffinitiveTest" hash-for-method="verifyPageViewandReportTitle(03/01/2018, 03/10/2018, Fiat Chrysler Automobiles, BMW T3, //span[text()=&#039;Bmw T3&#039;], //tbody/tr[last(...)">verifyPageViewandReportTitle(03/01/2018, 03/10/2018, Fiat Chrysler Automobiles, BMW T3, //span[text()='Bmw T3'], //tbody/tr[last(...)</a> <!-- method navigator-link -->
                      </span>
                      <br/>
                      <span>
                        <img width="3%" src="skipped.png"/>
                        <a href="#" class="method navigator-link" panel-name="suite-UnityworksReportTest" title="com.unityworks.testcases.AffinitiveTest" hash-for-method="verifyPageViewandReportTitle(03/01/2018, 03/10/2018, MVP - New Schema, MVP, //span[text()=&#039;MVP Reports&#039;], //tbody/tr[last()]/td[5...)">verifyPageViewandReportTitle(03/01/2018, 03/10/2018, MVP - New Schema, MVP, //span[text()='MVP Reports'], //tbody/tr[last()]/td[5...)</a> <!-- method navigator-link -->
                      </span>
                      <br/>
                      <span>
                        <img width="3%" src="skipped.png"/>
                        <a href="#" class="method navigator-link" panel-name="suite-UnityworksReportTest" title="com.unityworks.testcases.AffinitiveTest" hash-for-method="verifyPageViewandReportTitle(03/01/2018, 03/10/2018, Fiat Chrysler Automobiles, Maserati Microsite, //span[text()=&#039;Maserati Micro...)">verifyPageViewandReportTitle(03/01/2018, 03/10/2018, Fiat Chrysler Automobiles, Maserati Microsite, //span[text()='Maserati Micro...)</a> <!-- method navigator-link -->
                      </span>
                      <br/>
                      <span>
                        <img width="3%" src="skipped.png"/>
                        <a href="#" class="method navigator-link" panel-name="suite-UnityworksReportTest" title="com.unityworks.testcases.AffinitiveTest" hash-for-method="verifyPageViewandReportTitle(03/01/2018, 03/10/2018, Epsilon, Business Elite, //span[text()=&#039;Epsilon Business Elite Standard, Non...)">verifyPageViewandReportTitle(03/01/2018, 03/10/2018, Epsilon, Business Elite, //span[text()='Epsilon Business Elite Standard, Non...)</a> <!-- method navigator-link -->
                      </span>
                      <br/>
                      <span>
                        <img width="3%" src="skipped.png"/>
                        <a href="#" class="method navigator-link" panel-name="suite-UnityworksReportTest" title="com.unityworks.testcases.AffinitiveTest" hash-for-method="verifyPageViewandReportTitle(03/01/2018, 03/10/2018, Fiat Chrysler Automobiles, Mopar SEBC, //span[text()=&#039;Southeast Business Cen...)">verifyPageViewandReportTitle(03/01/2018, 03/10/2018, Fiat Chrysler Automobiles, Mopar SEBC, //span[text()='Southeast Business Cen...)</a> <!-- method navigator-link -->
                      </span>
                      <br/>
                      <span>
                        <img width="3%" src="skipped.png"/>
                        <a href="#" class="method navigator-link" panel-name="suite-UnityworksReportTest" title="com.unityworks.testcases.AffinitiveTest" hash-for-method="verifyPageViewandReportTitle(03/01/2018, 03/10/2018, Epsilon, CSSR Lease, //span[text()=&#039;Epsilon CSSR Lease Report&#039;], //*[@id=&#039;fi...)">verifyPageViewandReportTitle(03/01/2018, 03/10/2018, Epsilon, CSSR Lease, //span[text()='Epsilon CSSR Lease Report'], //*[@id='fi...)</a> <!-- method navigator-link -->
                      </span>
                      <br/>
                      <span>
                        <img width="3%" src="skipped.png"/>
                        <a href="#" class="method navigator-link" panel-name="suite-UnityworksReportTest" title="com.unityworks.testcases.AffinitiveTest" hash-for-method="verifyPageViewandReportTitle(03/01/2018, 03/10/2018, Fiat Chrysler Automobiles, GLBC RAM, //span[text()=&#039;GLBC RAM&#039;], //tbody/tr[l...)">verifyPageViewandReportTitle(03/01/2018, 03/10/2018, Fiat Chrysler Automobiles, GLBC RAM, //span[text()='GLBC RAM'], //tbody/tr[l...)</a> <!-- method navigator-link -->
                      </span>
                      <br/>
                      <span>
                        <img width="3%" src="skipped.png"/>
                        <a href="#" class="method navigator-link" panel-name="suite-UnityworksReportTest" title="com.unityworks.testcases.AffinitiveTest" hash-for-method="verifyPageViewandReportTitle(03/01/2018, 03/10/2018, Epsilon, Jaguar F-Type, //span[text()=&#039;Jaguar F Type&#039;], //tbody/tr[last()]/t...)">verifyPageViewandReportTitle(03/01/2018, 03/10/2018, Epsilon, Jaguar F-Type, //span[text()='Jaguar F Type'], //tbody/tr[last()]/t...)</a> <!-- method navigator-link -->
                      </span>
                      <br/>
                      <span>
                        <img width="3%" src="skipped.png"/>
                        <a href="#" class="method navigator-link" panel-name="suite-UnityworksReportTest" title="com.unityworks.testcases.AffinitiveTest" hash-for-method="verifyPageViewandReportTitle(03/01/2018, 03/10/2018, Fiat Chrysler Automobiles, DBC Heavy Duty Farmers, //span[text()=&#039;DBC Heavy ...)">verifyPageViewandReportTitle(03/01/2018, 03/10/2018, Fiat Chrysler Automobiles, DBC Heavy Duty Farmers, //span[text()='DBC Heavy ...)</a> <!-- method navigator-link -->
                      </span>
                      <br/>
                      <span>
                        <img width="3%" src="skipped.png"/>
                        <a href="#" class="method navigator-link" panel-name="suite-UnityworksReportTest" title="com.unityworks.testcases.AffinitiveTest" hash-for-method="verifyPageViewandReportTitle(03/01/2018, 03/10/2018, Fiat Chrysler Automobiles, Jaguar T3, //span[text()=&#039;Jaguar T3&#039;], //tbody/tr...)">verifyPageViewandReportTitle(03/01/2018, 03/10/2018, Fiat Chrysler Automobiles, Jaguar T3, //span[text()='Jaguar T3'], //tbody/tr...)</a> <!-- method navigator-link -->
                      </span>
                      <br/>
                      <span>
                        <img width="3%" src="skipped.png"/>
                        <a href="#" class="method navigator-link" panel-name="suite-UnityworksReportTest" title="com.unityworks.testcases.AffinitiveTest" hash-for-method="verifyPageViewandReportTitle(03/01/2018, 03/10/2018, Affinitiv, BMW Affinitiv Tire, //span[text()=&#039;Bmw Affinitiv Tire&#039;], //tbody/...)">verifyPageViewandReportTitle(03/01/2018, 03/10/2018, Affinitiv, BMW Affinitiv Tire, //span[text()='Bmw Affinitiv Tire'], //tbody/...)</a> <!-- method navigator-link -->
                      </span>
                      <br/>
                      <span>
                        <img width="3%" src="skipped.png"/>
                        <a href="#" class="method navigator-link" panel-name="suite-UnityworksReportTest" title="com.unityworks.testcases.AffinitiveTest" hash-for-method="verifyPageViewandReportTitle(03/01/2018, 03/10/2018, Fiat Chrysler Automobiles, Commercial, //span[text()=&#039;Commercial&#039;], //tbody/...)">verifyPageViewandReportTitle(03/01/2018, 03/10/2018, Fiat Chrysler Automobiles, Commercial, //span[text()='Commercial'], //tbody/...)</a> <!-- method navigator-link -->
                      </span>
                      <br/>
                      <span>
                        <img width="3%" src="skipped.png"/>
                        <a href="#" class="method navigator-link" panel-name="suite-UnityworksReportTest" title="com.unityworks.testcases.AffinitiveTest" hash-for-method="verifyPageViewandReportTitle(03/01/2018, 03/10/2018, Epsilon, OnPoint OnTarget Combined, //span[text()=&#039;Epsilon OnTarget and OnPo...)">verifyPageViewandReportTitle(03/01/2018, 03/10/2018, Epsilon, OnPoint OnTarget Combined, //span[text()='Epsilon OnTarget and OnPo...)</a> <!-- method navigator-link -->
                      </span>
                      <br/>
                      <span>
                        <img width="3%" src="skipped.png"/>
                        <a href="#" class="method navigator-link" panel-name="suite-UnityworksReportTest" title="com.unityworks.testcases.AffinitiveTest" hash-for-method="verifyPageViewandReportTitle(03/01/2018, 03/10/2018, Epsilon, Mazda Airbag, //span[text()=&#039;Mazda Airbag&#039;], //tbody/tr[last()]/td[...)">verifyPageViewandReportTitle(03/01/2018, 03/10/2018, Epsilon, Mazda Airbag, //span[text()='Mazda Airbag'], //tbody/tr[last()]/td[...)</a> <!-- method navigator-link -->
                      </span>
                      <br/>
                      <span>
                        <img width="3%" src="skipped.png"/>
                        <a href="#" class="method navigator-link" panel-name="suite-UnityworksReportTest" title="com.unityworks.testcases.AffinitiveTest" hash-for-method="verifyPageViewandReportTitle(03/01/2018, 03/10/2018, Fiat Chrysler Automobiles, GLBC Jeep Lease, //span[text()=&#039;GLBC Jeep Lease&#039;]...)">verifyPageViewandReportTitle(03/01/2018, 03/10/2018, Fiat Chrysler Automobiles, GLBC Jeep Lease, //span[text()='GLBC Jeep Lease']...)</a> <!-- method navigator-link -->
                      </span>
                      <br/>
                      <span>
                        <img width="3%" src="skipped.png"/>
                        <a href="#" class="method navigator-link" panel-name="suite-UnityworksReportTest" title="com.unityworks.testcases.AffinitiveTest" hash-for-method="verifyPageViewandReportTitle(03/01/2018, 03/10/2018, Fiat Chrysler Automobiles, SEBC T2.5 Alfa Romeo, //span[text()=&#039;SEBC T2.5 Al...)">verifyPageViewandReportTitle(03/01/2018, 03/10/2018, Fiat Chrysler Automobiles, SEBC T2.5 Alfa Romeo, //span[text()='SEBC T2.5 Al...)</a> <!-- method navigator-link -->
                      </span>
                      <br/>
                      <span>
                        <img width="3%" src="skipped.png"/>
                        <a href="#" class="method navigator-link" panel-name="suite-UnityworksReportTest" title="com.unityworks.testcases.AffinitiveTest" hash-for-method="verifyPageViewandReportTitle(03/01/2018, 03/10/2018, Fiat Chrysler Automobiles, DBC Mopar, //span[text()=&#039;DBC Mopar&#039;], //tbody/tr...)">verifyPageViewandReportTitle(03/01/2018, 03/10/2018, Fiat Chrysler Automobiles, DBC Mopar, //span[text()='DBC Mopar'], //tbody/tr...)</a> <!-- method navigator-link -->
                      </span>
                      <br/>
                      <span>
                        <img width="3%" src="skipped.png"/>
                        <a href="#" class="method navigator-link" panel-name="suite-UnityworksReportTest" title="com.unityworks.testcases.AffinitiveTest" hash-for-method="verifyPageViewandReportTitle(03/01/2018, 03/10/2018, Fiat Chrysler Automobiles, SEBC DODGE, //span[text()=&#039;SEBC DODGE&#039;], //tbody/...)">verifyPageViewandReportTitle(03/01/2018, 03/10/2018, Fiat Chrysler Automobiles, SEBC DODGE, //span[text()='SEBC DODGE'], //tbody/...)</a> <!-- method navigator-link -->
                      </span>
                      <br/>
                      <span>
                        <img width="3%" src="skipped.png"/>
                        <a href="#" class="method navigator-link" panel-name="suite-UnityworksReportTest" title="com.unityworks.testcases.AffinitiveTest" hash-for-method="verifyPageViewandReportTitle(03/01/2018, 03/10/2018, Affinitiv, BMW SCP Affinitiv, //span[text()=&#039;Bmw Affinitiv Scp&#039;], //tbody/tr...)">verifyPageViewandReportTitle(03/01/2018, 03/10/2018, Affinitiv, BMW SCP Affinitiv, //span[text()='Bmw Affinitiv Scp'], //tbody/tr...)</a> <!-- method navigator-link -->
                      </span>
                      <br/>
                    </div> <!-- method-list-content skipped suite-UnityworksReportTest -->
                  </li>
                  <li>
                    <span class="method-list-title passed">Passed methods</span>
                    <span class="show-or-hide-methods passed">
                      <a href="#" panel-name="suite-UnityworksReportTest" class="hide-methods passed suite-UnityworksReportTest"> (hide)</a> <!-- hide-methods passed suite-UnityworksReportTest -->
                      <a href="#" panel-name="suite-UnityworksReportTest" class="show-methods passed suite-UnityworksReportTest"> (show)</a> <!-- show-methods passed suite-UnityworksReportTest -->
                    </span>
                    <div class="method-list-content passed suite-UnityworksReportTest">
                      <span>
                        <img width="3%" src="passed.png"/>
                        <a href="#" class="method navigator-link" panel-name="suite-UnityworksReportTest" title="com.unityworks.testcases.CampaignTest" hash-for-method="ValidateCampaign">ValidateCampaign</a> <!-- method navigator-link -->
                      </span>
                      <br/>
                      <span>
                        <img width="3%" src="passed.png"/>
                        <a href="#" class="method navigator-link" panel-name="suite-UnityworksReportTest" title="com.unityworks.testcases.AffinitiveTest" hash-for-method="doubleclickreportTest(12/01/2017, 03/01/2018, FCA Canada DoubleClick, FCA Canada DoubleClick, Custom Select, Canda, Cherok...)">doubleclickreportTest(12/01/2017, 03/01/2018, FCA Canada DoubleClick, FCA Canada DoubleClick, Custom Select, Canda, Cherok...)</a> <!-- method navigator-link -->
                      </span>
                      <br/>
                      <span>
                        <img width="3%" src="passed.png"/>
                        <a href="#" class="method navigator-link" panel-name="suite-UnityworksReportTest" title="com.unityworks.testcases.AffinitiveTest" hash-for-method="doubleclickreportTest(12/01/2017, 03/01/2018, FCA Canada DoubleClick, FCA Canada DoubleClick, Custom Select, Canda, Cherok...)">doubleclickreportTest(12/01/2017, 03/01/2018, FCA Canada DoubleClick, FCA Canada DoubleClick, Custom Select, Canda, Cherok...)</a> <!-- method navigator-link -->
                      </span>
                      <br/>
                      <span>
                        <img width="3%" src="passed.png"/>
                        <a href="#" class="method navigator-link" panel-name="suite-UnityworksReportTest" title="com.unityworks.testcases.AffinitiveTest" hash-for-method="verifyPageViewandReportTitle(03/01/2018, 03/10/2018, Strategic Marketing, Strategic Marketing, //span[text()=&#039;Strategic Marketing...)">verifyPageViewandReportTitle(03/01/2018, 03/10/2018, Strategic Marketing, Strategic Marketing, //span[text()='Strategic Marketing...)</a> <!-- method navigator-link -->
                      </span>
                      <br/>
                      <span>
                        <img width="3%" src="passed.png"/>
                        <a href="#" class="method navigator-link" panel-name="suite-UnityworksReportTest" title="com.unityworks.testcases.AffinitiveTest" hash-for-method="verifyPageViewandReportTitle(03/01/2018, 03/10/2018, UnityWorks Website, UnityWorks Website, //span[text()=&#039;UnityWorks Website Re...)">verifyPageViewandReportTitle(03/01/2018, 03/10/2018, UnityWorks Website, UnityWorks Website, //span[text()='UnityWorks Website Re...)</a> <!-- method navigator-link -->
                      </span>
                      <br/>
                      <span>
                        <img width="3%" src="passed.png"/>
                        <a href="#" class="method navigator-link" panel-name="suite-UnityworksReportTest" title="com.unityworks.testcases.AffinitiveTest" hash-for-method="verifyPageViewandReportTitle(03/01/2018, 03/10/2018, Epsilon, BMW Airbag Recall, //span[text()=&#039;BMW Airbag Recall&#039;], //*[@id=&#039;fir...)">verifyPageViewandReportTitle(03/01/2018, 03/10/2018, Epsilon, BMW Airbag Recall, //span[text()='BMW Airbag Recall'], //*[@id='fir...)</a> <!-- method navigator-link -->
                      </span>
                      <br/>
                    </div> <!-- method-list-content passed suite-UnityworksReportTest -->
                  </li>
                </ul>
              </div> <!-- suite-section-content -->
            </div> <!-- result-section -->
          </div> <!-- navigator-suite-content -->
        </div> <!-- rounded-window -->
      </div> <!-- suite -->
    </div> <!-- navigator-root -->
    <div class="wrapper">
      <div class="main-panel-root">
        <div panel-name="suite-UnityworksReportTest" class="panel UnityworksReportTest">
          <div class="suite-UnityworksReportTest-class-skipped">
            <div class="main-panel-header rounded-window-top">
              <img src="skipped.png"/>
              <span class="class-name">com.unityworks.testcases.AffinitiveTest</span>
            </div> <!-- main-panel-header rounded-window-top -->
            <div class="main-panel-content rounded-window-bottom">
              <div class="method">
                <div class="method-content">
                  <a name="verifyPageViewandReportTitle(03/01/2018, 03/10/2018, Fiat Chrysler Automobiles, Infiniti Microsite, //span[text()=&#039;Infiniti Micro...)">
                  </a> <!-- verifyPageViewandReportTitle(03/01/2018, 03/10/2018, Fiat Chrysler Automobiles, Infiniti Microsite, //span[text()='Infiniti Micro...) -->
                  <span class="method-name">verifyPageViewandReportTitle</span>
                  <span class="parameters">(03/01/2018, 03/10/2018, Fiat Chrysler Automobiles, Infiniti Microsite, //span[text()='Infiniti Microsite'], //tbody/tr[last()]/td[5]/b, Infiniti Microsite, 31, No)</span>
                  <div class="stack-trace">org.testng.SkipException: Skipping this exception
	at com.unityworks.testcases.AffinitiveTest.verifyPageViewandReportTitle(AffinitiveTest.java:148)
... Removed 27 stack frames
</div> <!-- stack-trace -->
                </div> <!-- method-content -->
              </div> <!-- method -->
              <div class="method">
                <div class="method-content">
                  <a name="verifyPageViewandReportTitle(03/01/2018, 03/10/2018, Epsilon, Ford Truck, //span[text()=&#039;Ford Truck Report&#039;], //tbody/tr[last()]/...)">
                  </a> <!-- verifyPageViewandReportTitle(03/01/2018, 03/10/2018, Epsilon, Ford Truck, //span[text()='Ford Truck Report'], //tbody/tr[last()]/...) -->
                  <span class="method-name">verifyPageViewandReportTitle</span>
                  <span class="parameters">(03/01/2018, 03/10/2018, Epsilon, Ford Truck, //span[text()='Ford Truck Report'], //tbody/tr[last()]/td[3]/b, Ford Truck Report, 8, No)</span>
                  <div class="stack-trace">org.testng.SkipException: Skipping this exception
	at com.unityworks.testcases.AffinitiveTest.verifyPageViewandReportTitle(AffinitiveTest.java:148)
... Removed 28 stack frames
</div> <!-- stack-trace -->
                </div> <!-- method-content -->
              </div> <!-- method -->
              <div class="method">
                <div class="method-content">
                  <a name="verifyPageViewandReportTitle(03/01/2018, 03/10/2018, Epsilon, CSSR - Car Care, //span[text()=&#039;Epsilon Car Care Report&#039;], //*[@id=...)">
                  </a> <!-- verifyPageViewandReportTitle(03/01/2018, 03/10/2018, Epsilon, CSSR - Car Care, //span[text()='Epsilon Car Care Report'], //*[@id=...) -->
                  <span class="method-name">verifyPageViewandReportTitle</span>
                  <span class="parameters">(03/01/2018, 03/10/2018, Epsilon, CSSR - Car Care, //span[text()='Epsilon Car Care Report'], //*[@id='first_report']/tbody/tr[last()]/td[5]/b, Epsilon Car Care Report, 1926, No)</span>
                  <div class="stack-trace">org.testng.SkipException: Skipping this exception
	at com.unityworks.testcases.AffinitiveTest.verifyPageViewandReportTitle(AffinitiveTest.java:148)
... Removed 28 stack frames
</div> <!-- stack-trace -->
                </div> <!-- method-content -->
              </div> <!-- method -->
              <div class="method">
                <div class="method-content">
                  <a name="verifyPageViewandReportTitle(03/01/2018, 03/10/2018, Epsilon, eOnPoint, //span[text()=&#039;Epsilon eOnPoint Report&#039;], //tbody/tr[last...)">
                  </a> <!-- verifyPageViewandReportTitle(03/01/2018, 03/10/2018, Epsilon, eOnPoint, //span[text()='Epsilon eOnPoint Report'], //tbody/tr[last...) -->
                  <span class="method-name">verifyPageViewandReportTitle</span>
                  <span class="parameters">(03/01/2018, 03/10/2018, Epsilon, eOnPoint, //span[text()='Epsilon eOnPoint Report'], //tbody/tr[last()]/td[5]/b, Epsilon eOnPoint Report, 59, No)</span>
                  <div class="stack-trace">org.testng.SkipException: Skipping this exception
	at com.unityworks.testcases.AffinitiveTest.verifyPageViewandReportTitle(AffinitiveTest.java:148)
... Removed 27 stack frames
</div> <!-- stack-trace -->
                </div> <!-- method-content -->
              </div> <!-- method -->
              <div class="method">
                <div class="method-content">
                  <a name="verifyPageViewandReportTitle(03/01/2018, 03/10/2018, Epsilon, Cherokee, //span[text()=&#039;Cherokee Report&#039;], //tbody/tr[last()]/td[3...)">
                  </a> <!-- verifyPageViewandReportTitle(03/01/2018, 03/10/2018, Epsilon, Cherokee, //span[text()='Cherokee Report'], //tbody/tr[last()]/td[3...) -->
                  <span class="method-name">verifyPageViewandReportTitle</span>
                  <span class="parameters">(03/01/2018, 03/10/2018, Epsilon, Cherokee, //span[text()='Cherokee Report'], //tbody/tr[last()]/td[3]/b, Cherokee Report, 33, No)</span>
                  <div class="stack-trace">org.testng.SkipException: Skipping this exception
	at com.unityworks.testcases.AffinitiveTest.verifyPageViewandReportTitle(AffinitiveTest.java:148)
... Removed 28 stack frames
</div> <!-- stack-trace -->
                </div> <!-- method-content -->
              </div> <!-- method -->
              <div class="method">
                <div class="method-content">
                  <a name="verifyPageViewandReportTitle(03/01/2018, 03/10/2018, Campaign Manager, Agency 720 DC and GA, //span[text()=&#039;Intercept Report : A7...)">
                  </a> <!-- verifyPageViewandReportTitle(03/01/2018, 03/10/2018, Campaign Manager, Agency 720 DC and GA, //span[text()='Intercept Report : A7...) -->
                  <span class="method-name">verifyPageViewandReportTitle</span>
                  <span class="parameters">(03/01/2018, 03/10/2018, Campaign Manager, Agency 720 DC and GA, //span[text()='Intercept Report : A720 Heartland Chevy Dealers'], //tbody/tr[last()-1]/td[10]/b, Intercept Report : A720 Heartland Chevy Dealers, 1889, No)</span>
                  <div class="stack-trace">org.testng.SkipException: Skipping this exception
	at com.unityworks.testcases.AffinitiveTest.verifyPageViewandReportTitle(AffinitiveTest.java:148)
... Removed 27 stack frames
</div> <!-- stack-trace -->
                </div> <!-- method-content -->
              </div> <!-- method -->
              <div class="method">
                <div class="method-content">
                  <a name="verifyPageViewandReportTitle(03/01/2018, 03/10/2018, Epsilon, CSSR - EVO, //span[text()=&#039;Epsilon EVO Report&#039;], //tbody/tr[last()]...)">
                  </a> <!-- verifyPageViewandReportTitle(03/01/2018, 03/10/2018, Epsilon, CSSR - EVO, //span[text()='Epsilon EVO Report'], //tbody/tr[last()]...) -->
                  <span class="method-name">verifyPageViewandReportTitle</span>
                  <span class="parameters">(03/01/2018, 03/10/2018, Epsilon, CSSR - EVO, //span[text()='Epsilon EVO Report'], //tbody/tr[last()]/td[5]/b, Epsilon EVO Report, 729, No)</span>
                  <div class="stack-trace">org.testng.SkipException: Skipping this exception
	at com.unityworks.testcases.AffinitiveTest.verifyPageViewandReportTitle(AffinitiveTest.java:148)
... Removed 28 stack frames
</div> <!-- stack-trace -->
                </div> <!-- method-content -->
              </div> <!-- method -->
              <div class="method">
                <div class="method-content">
                  <a name="verifyPageViewandReportTitle(03/01/2018, 03/10/2018, Fiat Chrysler Automobiles, FCA Lease, //span[text()=&#039;Fca Lease&#039;], //tbody/tr...)">
                  </a> <!-- verifyPageViewandReportTitle(03/01/2018, 03/10/2018, Fiat Chrysler Automobiles, FCA Lease, //span[text()='Fca Lease'], //tbody/tr...) -->
                  <span class="method-name">verifyPageViewandReportTitle</span>
                  <span class="parameters">(03/01/2018, 03/10/2018, Fiat Chrysler Automobiles, FCA Lease, //span[text()='Fca Lease'], //tbody/tr[last()]/td[2]/b, Fca Lease, 246, No)</span>
                  <div class="stack-trace">org.testng.SkipException: Skipping this exception
	at com.unityworks.testcases.AffinitiveTest.verifyPageViewandReportTitle(AffinitiveTest.java:148)
... Removed 27 stack frames
</div> <!-- stack-trace -->
                </div> <!-- method-content -->
              </div> <!-- method -->
              <div class="method">
                <div class="method-content">
                  <a name="verifyPageViewandReportTitle(03/01/2018, 03/10/2018, Dialogue Direct, Honda Airbag, //span[text()=&#039;Epsilon Honda Airbag&#039;], //tbod...)">
                  </a> <!-- verifyPageViewandReportTitle(03/01/2018, 03/10/2018, Dialogue Direct, Honda Airbag, //span[text()='Epsilon Honda Airbag'], //tbod...) -->
                  <span class="method-name">verifyPageViewandReportTitle</span>
                  <span class="parameters">(03/01/2018, 03/10/2018, Dialogue Direct, Honda Airbag, //span[text()='Epsilon Honda Airbag'], //tbody/tr[last()]/td[3]/b, Epsilon Honda Airbag, , No)</span>
                  <div class="stack-trace">org.testng.SkipException: Skipping this exception
	at com.unityworks.testcases.AffinitiveTest.verifyPageViewandReportTitle(AffinitiveTest.java:148)
... Removed 27 stack frames
</div> <!-- stack-trace -->
                </div> <!-- method-content -->
              </div> <!-- method -->
              <div class="method">
                <div class="method-content">
                  <a name="verifyPageViewandReportTitle(03/01/2018, 03/10/2018, Campaign Manager, Ford Sales, //span[text()=&#039;Ford Report&#039;], //tbody/tr[last(...)">
                  </a> <!-- verifyPageViewandReportTitle(03/01/2018, 03/10/2018, Campaign Manager, Ford Sales, //span[text()='Ford Report'], //tbody/tr[last(...) -->
                  <span class="method-name">verifyPageViewandReportTitle</span>
                  <span class="parameters">(03/01/2018, 03/10/2018, Campaign Manager, Ford Sales, //span[text()='Ford Report'], //tbody/tr[last()]/td[5]/b, Ford Report, 37, No)</span>
                  <div class="stack-trace">org.testng.SkipException: Skipping this exception
	at com.unityworks.testcases.AffinitiveTest.verifyPageViewandReportTitle(AffinitiveTest.java:148)
... Removed 27 stack frames
</div> <!-- stack-trace -->
                </div> <!-- method-content -->
              </div> <!-- method -->
              <div class="method">
                <div class="method-content">
                  <a name="verifyPageViewandReportTitle(03/01/2018, 03/10/2018, Fiat Chrysler Automobiles, WBC T2.5 Commercial, //span[text()=&#039;WBC T2.5 Comm...)">
                  </a> <!-- verifyPageViewandReportTitle(03/01/2018, 03/10/2018, Fiat Chrysler Automobiles, WBC T2.5 Commercial, //span[text()='WBC T2.5 Comm...) -->
                  <span class="method-name">verifyPageViewandReportTitle</span>
                  <span class="parameters">(03/01/2018, 03/10/2018, Fiat Chrysler Automobiles, WBC T2.5 Commercial, //span[text()='WBC T2.5 Commercial'], //tbody/tr[last()]/td[2]/b, WBC T2.5 Commercial, , No)</span>
                  <div class="stack-trace">org.testng.SkipException: Skipping this exception
	at com.unityworks.testcases.AffinitiveTest.verifyPageViewandReportTitle(AffinitiveTest.java:148)
... Removed 27 stack frames
</div> <!-- stack-trace -->
                </div> <!-- method-content -->
              </div> <!-- method -->
              <div class="method">
                <div class="method-content">
                  <a name="verifyPageViewandReportTitle(03/01/2018, 03/10/2018, Fiat Chrysler Automobiles, DBC ProMaster Commercial, //span[text()=&#039;DBC ProM...)">
                  </a> <!-- verifyPageViewandReportTitle(03/01/2018, 03/10/2018, Fiat Chrysler Automobiles, DBC ProMaster Commercial, //span[text()='DBC ProM...) -->
                  <span class="method-name">verifyPageViewandReportTitle</span>
                  <span class="parameters">(03/01/2018, 03/10/2018, Fiat Chrysler Automobiles, DBC ProMaster Commercial, //span[text()='DBC ProMaster Commercial'], //tbody/tr[last()]/td[2]/b, DBC ProMaster Commercial, , No)</span>
                  <div class="stack-trace">org.testng.SkipException: Skipping this exception
	at com.unityworks.testcases.AffinitiveTest.verifyPageViewandReportTitle(AffinitiveTest.java:148)
... Removed 27 stack frames
</div> <!-- stack-trace -->
                </div> <!-- method-content -->
              </div> <!-- method -->
              <div class="method">
                <div class="method-content">
                  <a name="verifyPageViewandReportTitle(03/01/2018, 03/10/2018, Epsilon, Ford Service, //span[text()=&#039;Ford Report&#039;], //tbody/tr[last()]/td[3...)">
                  </a> <!-- verifyPageViewandReportTitle(03/01/2018, 03/10/2018, Epsilon, Ford Service, //span[text()='Ford Report'], //tbody/tr[last()]/td[3...) -->
                  <span class="method-name">verifyPageViewandReportTitle</span>
                  <span class="parameters">(03/01/2018, 03/10/2018, Epsilon, Ford Service, //span[text()='Ford Report'], //tbody/tr[last()]/td[3]/b, Ford Report, 33, No)</span>
                  <div class="stack-trace">org.testng.SkipException: Skipping this exception
	at com.unityworks.testcases.AffinitiveTest.verifyPageViewandReportTitle(AffinitiveTest.java:148)
... Removed 28 stack frames
</div> <!-- stack-trace -->
                </div> <!-- method-content -->
              </div> <!-- method -->
              <div class="method">
                <div class="method-content">
                  <a name="verifyPageViewandReportTitle(03/01/2018, 03/10/2018, Epsilon, Intercept National LMA, //span[text()=&#039;Epsilon National LMA Report&#039;...)">
                  </a> <!-- verifyPageViewandReportTitle(03/01/2018, 03/10/2018, Epsilon, Intercept National LMA, //span[text()='Epsilon National LMA Report'...) -->
                  <span class="method-name">verifyPageViewandReportTitle</span>
                  <span class="parameters">(03/01/2018, 03/10/2018, Epsilon, Intercept National LMA, //span[text()='Epsilon National LMA Report'], //tbody/tr[last()]/td[4]/b, Epsilon National LMA Report, 89, No)</span>
                  <div class="stack-trace">org.testng.SkipException: Skipping this exception
	at com.unityworks.testcases.AffinitiveTest.verifyPageViewandReportTitle(AffinitiveTest.java:148)
... Removed 28 stack frames
</div> <!-- stack-trace -->
                </div> <!-- method-content -->
              </div> <!-- method -->
              <div class="method">
                <div class="method-content">
                  <a name="verifyPageViewandReportTitle(03/01/2018, 03/10/2018, Epsilon, Mercedes Benz, //span[text()=&#039;Epsilon Mercedes Benz&#039;], //tbody/tr[l...)">
                  </a> <!-- verifyPageViewandReportTitle(03/01/2018, 03/10/2018, Epsilon, Mercedes Benz, //span[text()='Epsilon Mercedes Benz'], //tbody/tr[l...) -->
                  <span class="method-name">verifyPageViewandReportTitle</span>
                  <span class="parameters">(03/01/2018, 03/10/2018, Epsilon, Mercedes Benz, //span[text()='Epsilon Mercedes Benz'], //tbody/tr[last()]/td[3]/b, Epsilon Mercedes Benz, 3, No)</span>
                  <div class="stack-trace">org.testng.SkipException: Skipping this exception
	at com.unityworks.testcases.AffinitiveTest.verifyPageViewandReportTitle(AffinitiveTest.java:148)
... Removed 27 stack frames
</div> <!-- stack-trace -->
                </div> <!-- method-content -->
              </div> <!-- method -->
              <div class="method">
                <div class="method-content">
                  <a name="verifyPageViewandReportTitle(03/01/2018, 03/10/2018, Epsilon, Honda SPS, //span[text()=&#039;Honda SPS&#039;], //tbody/tr[last()]/td[5]/b, ...)">
                  </a> <!-- verifyPageViewandReportTitle(03/01/2018, 03/10/2018, Epsilon, Honda SPS, //span[text()='Honda SPS'], //tbody/tr[last()]/td[5]/b, ...) -->
                  <span class="method-name">verifyPageViewandReportTitle</span>
                  <span class="parameters">(03/01/2018, 03/10/2018, Epsilon, Honda SPS, //span[text()='Honda SPS'], //tbody/tr[last()]/td[5]/b, Honda SPS, 1579, No)</span>
                  <div class="stack-trace">org.testng.SkipException: Skipping this exception
	at com.unityworks.testcases.AffinitiveTest.verifyPageViewandReportTitle(AffinitiveTest.java:148)
... Removed 28 stack frames
</div> <!-- stack-trace -->
                </div> <!-- method-content -->
              </div> <!-- method -->
              <div class="method">
                <div class="method-content">
                  <a name="verifyPageViewandReportTitle(03/01/2018, 03/10/2018, Fiat Chrysler Automobiles, Pacifica Tier 2.5, //span[text()=&#039;Pacifica Tier 2...)">
                  </a> <!-- verifyPageViewandReportTitle(03/01/2018, 03/10/2018, Fiat Chrysler Automobiles, Pacifica Tier 2.5, //span[text()='Pacifica Tier 2...) -->
                  <span class="method-name">verifyPageViewandReportTitle</span>
                  <span class="parameters">(03/01/2018, 03/10/2018, Fiat Chrysler Automobiles, Pacifica Tier 2.5, //span[text()='Pacifica Tier 2.5'], //tbody/tr[last()]/td[2]/b, Pacifica Tier 2.5, 1, No)</span>
                  <div class="stack-trace">org.testng.SkipException: Skipping this exception
	at com.unityworks.testcases.AffinitiveTest.verifyPageViewandReportTitle(AffinitiveTest.java:148)
... Removed 27 stack frames
</div> <!-- stack-trace -->
                </div> <!-- method-content -->
              </div> <!-- method -->
              <div class="method">
                <div class="method-content">
                  <a name="verifyPageViewandReportTitle(03/01/2018, 03/10/2018, Epsilon, eStrike Service - GM, //span[text()=&#039;Epsilon eStrike Service - GM &#039;...)">
                  </a> <!-- verifyPageViewandReportTitle(03/01/2018, 03/10/2018, Epsilon, eStrike Service - GM, //span[text()='Epsilon eStrike Service - GM '...) -->
                  <span class="method-name">verifyPageViewandReportTitle</span>
                  <span class="parameters">(03/01/2018, 03/10/2018, Epsilon, eStrike Service - GM, //span[text()='Epsilon eStrike Service - GM '], //tbody/tr[last()]/td[3]/b, Epsilon eStrike Service - GM, , No)</span>
                  <div class="stack-trace">org.testng.SkipException: Skipping this exception
	at com.unityworks.testcases.AffinitiveTest.verifyPageViewandReportTitle(AffinitiveTest.java:148)
... Removed 27 stack frames
</div> <!-- stack-trace -->
                </div> <!-- method-content -->
              </div> <!-- method -->
              <div class="method">
                <div class="method-content">
                  <a name="verifyPageViewandReportTitle(03/01/2018, 03/10/2018, Chrysler Pacifica, Chrysler Pacifica, //span[text()=&#039;Chrysler Pacifica Repor...)">
                  </a> <!-- verifyPageViewandReportTitle(03/01/2018, 03/10/2018, Chrysler Pacifica, Chrysler Pacifica, //span[text()='Chrysler Pacifica Repor...) -->
                  <span class="method-name">verifyPageViewandReportTitle</span>
                  <span class="parameters">(03/01/2018, 03/10/2018, Chrysler Pacifica, Chrysler Pacifica, //span[text()='Chrysler Pacifica Report'], //tbody/tr[last()]/td[3]/b, Chrysler Pacifica Report, , No)</span>
                  <div class="stack-trace">org.testng.SkipException: Skipping this exception
	at com.unityworks.testcases.AffinitiveTest.verifyPageViewandReportTitle(AffinitiveTest.java:148)
... Removed 27 stack frames
</div> <!-- stack-trace -->
                </div> <!-- method-content -->
              </div> <!-- method -->
              <div class="method">
                <div class="method-content">
                  <a name="verifyPageViewandReportTitle(03/01/2018, 03/10/2018, Epsilon, Used VIN Video - GM, //span[text()=&#039;Epsilon Used VIN Video - GM&#039;], ...)">
                  </a> <!-- verifyPageViewandReportTitle(03/01/2018, 03/10/2018, Epsilon, Used VIN Video - GM, //span[text()='Epsilon Used VIN Video - GM'], ...) -->
                  <span class="method-name">verifyPageViewandReportTitle</span>
                  <span class="parameters">(03/01/2018, 03/10/2018, Epsilon, Used VIN Video - GM, //span[text()='Epsilon Used VIN Video - GM'], //tbody/tr[last()]/td[5]/b, Epsilon Used VIN Video - GM, 95, No)</span>
                  <div class="stack-trace">org.testng.SkipException: Skipping this exception
	at com.unityworks.testcases.AffinitiveTest.verifyPageViewandReportTitle(AffinitiveTest.java:148)
... Removed 27 stack frames
</div> <!-- stack-trace -->
                </div> <!-- method-content -->
              </div> <!-- method -->
              <div class="method">
                <div class="method-content">
                  <a name="verifyPageViewandReportTitle(03/01/2018, 03/10/2018, Fiat Chrysler Automobiles, California BC, //span[text()=&#039;California BC&#039;], //...)">
                  </a> <!-- verifyPageViewandReportTitle(03/01/2018, 03/10/2018, Fiat Chrysler Automobiles, California BC, //span[text()='California BC'], //...) -->
                  <span class="method-name">verifyPageViewandReportTitle</span>
                  <span class="parameters">(03/01/2018, 03/10/2018, Fiat Chrysler Automobiles, California BC, //span[text()='California BC'], //tbody/tr[last()]/td[2]/b, California BC, 11, No)</span>
                  <div class="stack-trace">org.testng.SkipException: Skipping this exception
	at com.unityworks.testcases.AffinitiveTest.verifyPageViewandReportTitle(AffinitiveTest.java:148)
... Removed 27 stack frames
</div> <!-- stack-trace -->
                </div> <!-- method-content -->
              </div> <!-- method -->
              <div class="method">
                <div class="method-content">
                  <a name="verifyPageViewandReportTitle(03/01/2018, 03/10/2018, Epsilon, CSSR - EVO &amp; OLA Combined, //span[text()=&#039;EVO OLA Combined Report&#039;]...)">
                  </a> <!-- verifyPageViewandReportTitle(03/01/2018, 03/10/2018, Epsilon, CSSR - EVO & OLA Combined, //span[text()='EVO OLA Combined Report']...) -->
                  <span class="method-name">verifyPageViewandReportTitle</span>
                  <span class="parameters">(03/01/2018, 03/10/2018, Epsilon, CSSR - EVO & OLA Combined, //span[text()='EVO OLA Combined Report'], //*[@id='first_report']/tbody/tr[last()]/td[5]/b, EVO OLA Combined Report, 5734, No)</span>
                  <div class="stack-trace">org.testng.SkipException: Skipping this exception
	at com.unityworks.testcases.AffinitiveTest.verifyPageViewandReportTitle(AffinitiveTest.java:148)
... Removed 28 stack frames
</div> <!-- stack-trace -->
                </div> <!-- method-content -->
              </div> <!-- method -->
              <div class="method">
                <div class="method-content">
                  <a name="verifyPageViewandReportTitle(03/01/2018, 03/10/2018, Epsilon, Honda LCC, //span[text()=&#039;Honda Lcc&#039;], //tbody/tr[last()]/td[5]/b, ...)">
                  </a> <!-- verifyPageViewandReportTitle(03/01/2018, 03/10/2018, Epsilon, Honda LCC, //span[text()='Honda Lcc'], //tbody/tr[last()]/td[5]/b, ...) -->
                  <span class="method-name">verifyPageViewandReportTitle</span>
                  <span class="parameters">(03/01/2018, 03/10/2018, Epsilon, Honda LCC, //span[text()='Honda Lcc'], //tbody/tr[last()]/td[5]/b, Honda Lcc, 1328, No)</span>
                  <div class="stack-trace">org.testng.SkipException: Skipping this exception
	at com.unityworks.testcases.AffinitiveTest.verifyPageViewandReportTitle(AffinitiveTest.java:148)
... Removed 28 stack frames
</div> <!-- stack-trace -->
                </div> <!-- method-content -->
              </div> <!-- method -->
              <div class="method">
                <div class="method-content">
                  <a name="verifyPageViewandReportTitle(03/01/2018, 03/10/2018, Fiat Chrysler Automobiles, CBC T2.5 Commercial, //span[text()=&#039;CBC T2.5 Comm...)">
                  </a> <!-- verifyPageViewandReportTitle(03/01/2018, 03/10/2018, Fiat Chrysler Automobiles, CBC T2.5 Commercial, //span[text()='CBC T2.5 Comm...) -->
                  <span class="method-name">verifyPageViewandReportTitle</span>
                  <span class="parameters">(03/01/2018, 03/10/2018, Fiat Chrysler Automobiles, CBC T2.5 Commercial, //span[text()='CBC T2.5 Commercial'], //tbody/tr[last()]/td[2]/b, CBC T2.5 Commercial, 202, No)</span>
                  <div class="stack-trace">org.testng.SkipException: Skipping this exception
	at com.unityworks.testcases.AffinitiveTest.verifyPageViewandReportTitle(AffinitiveTest.java:148)
... Removed 27 stack frames
</div> <!-- stack-trace -->
                </div> <!-- method-content -->
              </div> <!-- method -->
              <div class="method">
                <div class="method-content">
                  <a name="verifyPageViewandReportTitle(03/01/2018, 03/10/2018, National Karate, National Karate, //span[text()=&#039;National Karate Report&#039;], /...)">
                  </a> <!-- verifyPageViewandReportTitle(03/01/2018, 03/10/2018, National Karate, National Karate, //span[text()='National Karate Report'], /...) -->
                  <span class="method-name">verifyPageViewandReportTitle</span>
                  <span class="parameters">(03/01/2018, 03/10/2018, National Karate, National Karate, //span[text()='National Karate Report'], //tbody/tr[last()]/td[3]/b, National Karate Report, 133, No)</span>
                  <div class="stack-trace">org.testng.SkipException: Skipping this exception
	at com.unityworks.testcases.AffinitiveTest.verifyPageViewandReportTitle(AffinitiveTest.java:148)
... Removed 27 stack frames
</div> <!-- stack-trace -->
                </div> <!-- method-content -->
              </div> <!-- method -->
              <div class="method">
                <div class="method-content">
                  <a name="verifyPageViewandReportTitle(03/01/2018, 03/10/2018, Campaign Manager, Kia, //span[text()=&#039;Kia Report&#039;], //tbody/tr[last()]/td[3]...)">
                  </a> <!-- verifyPageViewandReportTitle(03/01/2018, 03/10/2018, Campaign Manager, Kia, //span[text()='Kia Report'], //tbody/tr[last()]/td[3]...) -->
                  <span class="method-name">verifyPageViewandReportTitle</span>
                  <span class="parameters">(03/01/2018, 03/10/2018, Campaign Manager, Kia, //span[text()='Kia Report'], //tbody/tr[last()]/td[3]/b, Kia Report, 260, No)</span>
                  <div class="stack-trace">org.testng.SkipException: Skipping this exception
	at com.unityworks.testcases.AffinitiveTest.verifyPageViewandReportTitle(AffinitiveTest.java:148)
... Removed 27 stack frames
</div> <!-- stack-trace -->
                </div> <!-- method-content -->
              </div> <!-- method -->
              <div class="method">
                <div class="method-content">
                  <a name="verifyPageViewandReportTitle(03/01/2018, 03/10/2018, Epsilon, CSSR - OLA, //span[text()=&#039;Epsilon OLA Report&#039;], //*[@id=&#039;first_rep...)">
                  </a> <!-- verifyPageViewandReportTitle(03/01/2018, 03/10/2018, Epsilon, CSSR - OLA, //span[text()='Epsilon OLA Report'], //*[@id='first_rep...) -->
                  <span class="method-name">verifyPageViewandReportTitle</span>
                  <span class="parameters">(03/01/2018, 03/10/2018, Epsilon, CSSR - OLA, //span[text()='Epsilon OLA Report'], //*[@id='first_report']/tbody/tr[last()]/td[5]/b, Epsilon OLA Report, 5005, No)</span>
                  <div class="stack-trace">org.testng.SkipException: Skipping this exception
	at com.unityworks.testcases.AffinitiveTest.verifyPageViewandReportTitle(AffinitiveTest.java:148)
... Removed 28 stack frames
</div> <!-- stack-trace -->
                </div> <!-- method-content -->
              </div> <!-- method -->
              <div class="method">
                <div class="method-content">
                  <a name="verifyPageViewandReportTitle(03/01/2018, 03/10/2018, Epsilon, BMW T2, //span[text()=&#039;Epsilon BMW T2&#039;], //*[@id=&#039;first_report&#039;]/tb...)">
                  </a> <!-- verifyPageViewandReportTitle(03/01/2018, 03/10/2018, Epsilon, BMW T2, //span[text()='Epsilon BMW T2'], //*[@id='first_report']/tb...) -->
                  <span class="method-name">verifyPageViewandReportTitle</span>
                  <span class="parameters">(03/01/2018, 03/10/2018, Epsilon, BMW T2, //span[text()='Epsilon BMW T2'], //*[@id='first_report']/tbody/tr[last()]/td[5]/b, Epsilon BMW T2, , No)</span>
                  <div class="stack-trace">org.testng.SkipException: Skipping this exception
	at com.unityworks.testcases.AffinitiveTest.verifyPageViewandReportTitle(AffinitiveTest.java:148)
... Removed 28 stack frames
</div> <!-- stack-trace -->
                </div> <!-- method-content -->
              </div> <!-- method -->
              <div class="method">
                <div class="method-content">
                  <a name="verifyPageViewandReportTitle(03/01/2018, 03/10/2018, Campaign Manager, Agency 720, //span[text()=&#039;Agency 720&#039;], //tbody/tr[last()...)">
                  </a> <!-- verifyPageViewandReportTitle(03/01/2018, 03/10/2018, Campaign Manager, Agency 720, //span[text()='Agency 720'], //tbody/tr[last()...) -->
                  <span class="method-name">verifyPageViewandReportTitle</span>
                  <span class="parameters">(03/01/2018, 03/10/2018, Campaign Manager, Agency 720, //span[text()='Agency 720'], //tbody/tr[last()]/td[2]/b, Agency 720, 1905, No)</span>
                  <div class="stack-trace">org.testng.SkipException: Skipping this exception
	at com.unityworks.testcases.AffinitiveTest.verifyPageViewandReportTitle(AffinitiveTest.java:148)
... Removed 27 stack frames
</div> <!-- stack-trace -->
                </div> <!-- method-content -->
              </div> <!-- method -->
              <div class="method">
                <div class="method-content">
                  <a name="verifyPageViewandReportTitle(03/01/2018, 03/10/2018, LifeTouch, LifeTouch, //span[text()=&#039;Life Touch Report&#039;], //tbody/tr[last()]...)">
                  </a> <!-- verifyPageViewandReportTitle(03/01/2018, 03/10/2018, LifeTouch, LifeTouch, //span[text()='Life Touch Report'], //tbody/tr[last()]...) -->
                  <span class="method-name">verifyPageViewandReportTitle</span>
                  <span class="parameters">(03/01/2018, 03/10/2018, LifeTouch, LifeTouch, //span[text()='Life Touch Report'], //tbody/tr[last()]/td[3]/b, Life Touch Report, , No)</span>
                  <div class="stack-trace">org.testng.SkipException: Skipping this exception
	at com.unityworks.testcases.AffinitiveTest.verifyPageViewandReportTitle(AffinitiveTest.java:148)
... Removed 27 stack frames
</div> <!-- stack-trace -->
                </div> <!-- method-content -->
              </div> <!-- method -->
              <div class="method">
                <div class="method-content">
                  <a name="verifyPageViewandReportTitle(03/01/2018, 03/10/2018, Epsilon, Hyundai EM, //span[text()=&#039;Hyundai EM&#039;], //tbody/tr[last()]/td[5]/b...)">
                  </a> <!-- verifyPageViewandReportTitle(03/01/2018, 03/10/2018, Epsilon, Hyundai EM, //span[text()='Hyundai EM'], //tbody/tr[last()]/td[5]/b...) -->
                  <span class="method-name">verifyPageViewandReportTitle</span>
                  <span class="parameters">(03/01/2018, 03/10/2018, Epsilon, Hyundai EM, //span[text()='Hyundai EM'], //tbody/tr[last()]/td[5]/b, Hyundai EM, 3319, No)</span>
                  <div class="stack-trace">org.testng.SkipException: Skipping this exception
	at com.unityworks.testcases.AffinitiveTest.verifyPageViewandReportTitle(AffinitiveTest.java:148)
... Removed 28 stack frames
</div> <!-- stack-trace -->
                </div> <!-- method-content -->
              </div> <!-- method -->
              <div class="method">
                <div class="method-content">
                  <a name="verifyPageViewandReportTitle(03/01/2018, 03/10/2018, Epsilon, OnTarget, //span[text()=&#039;Epsilon OnTarget Report&#039;], //tbody/tr[last...)">
                  </a> <!-- verifyPageViewandReportTitle(03/01/2018, 03/10/2018, Epsilon, OnTarget, //span[text()='Epsilon OnTarget Report'], //tbody/tr[last...) -->
                  <span class="method-name">verifyPageViewandReportTitle</span>
                  <span class="parameters">(03/01/2018, 03/10/2018, Epsilon, OnTarget, //span[text()='Epsilon OnTarget Report'], //tbody/tr[last()]/td[5]/b, Epsilon OnTarget Report, 438, No)</span>
                  <div class="stack-trace">org.testng.SkipException: Skipping this exception
	at com.unityworks.testcases.AffinitiveTest.verifyPageViewandReportTitle(AffinitiveTest.java:148)
... Removed 27 stack frames
</div> <!-- stack-trace -->
                </div> <!-- method-content -->
              </div> <!-- method -->
              <div class="method">
                <div class="method-content">
                  <a name="verifyPageViewandReportTitle(03/01/2018, 03/10/2018, Fiat Chrysler Automobiles, DBC Compass Compare T2.5, //span[text()=&#039;DBC Comp...)">
                  </a> <!-- verifyPageViewandReportTitle(03/01/2018, 03/10/2018, Fiat Chrysler Automobiles, DBC Compass Compare T2.5, //span[text()='DBC Comp...) -->
                  <span class="method-name">verifyPageViewandReportTitle</span>
                  <span class="parameters">(03/01/2018, 03/10/2018, Fiat Chrysler Automobiles, DBC Compass Compare T2.5, //span[text()='DBC Compass Compare T2.5'], //tbody/tr[last()]/td[2]/b, DBC Compass Compare T2.5, 3, No)</span>
                  <div class="stack-trace">org.testng.SkipException: Skipping this exception
	at com.unityworks.testcases.AffinitiveTest.verifyPageViewandReportTitle(AffinitiveTest.java:148)
... Removed 27 stack frames
</div> <!-- stack-trace -->
                </div> <!-- method-content -->
              </div> <!-- method -->
              <div class="method">
                <div class="method-content">
                  <a name="verifyPageViewandReportTitle(03/01/2018, 03/10/2018, Fiat Chrysler Automobiles, SEBC Compass, //span[text()=&#039;SEBC Compass&#039;], //tb...)">
                  </a> <!-- verifyPageViewandReportTitle(03/01/2018, 03/10/2018, Fiat Chrysler Automobiles, SEBC Compass, //span[text()='SEBC Compass'], //tb...) -->
                  <span class="method-name">verifyPageViewandReportTitle</span>
                  <span class="parameters">(03/01/2018, 03/10/2018, Fiat Chrysler Automobiles, SEBC Compass, //span[text()='SEBC Compass'], //tbody/tr[last()]/td[2]/b, SEBC Compass, , No)</span>
                  <div class="stack-trace">org.testng.SkipException: Skipping this exception
	at com.unityworks.testcases.AffinitiveTest.verifyPageViewandReportTitle(AffinitiveTest.java:148)
... Removed 27 stack frames
</div> <!-- stack-trace -->
                </div> <!-- method-content -->
              </div> <!-- method -->
              <div class="method">
                <div class="method-content">
                  <a name="verifyPageViewandReportTitle(03/01/2018, 03/10/2018, Fiat Chrysler Automobiles, Land Rover T3, //span[text()=&#039;Land Rover T3&#039;], //...)">
                  </a> <!-- verifyPageViewandReportTitle(03/01/2018, 03/10/2018, Fiat Chrysler Automobiles, Land Rover T3, //span[text()='Land Rover T3'], //...) -->
                  <span class="method-name">verifyPageViewandReportTitle</span>
                  <span class="parameters">(03/01/2018, 03/10/2018, Fiat Chrysler Automobiles, Land Rover T3, //span[text()='Land Rover T3'], //tbody/tr[last()]/td[3]/b, Land Rover T3, 237, No)</span>
                  <div class="stack-trace">org.testng.SkipException: Skipping this exception
	at com.unityworks.testcases.AffinitiveTest.verifyPageViewandReportTitle(AffinitiveTest.java:148)
... Removed 27 stack frames
</div> <!-- stack-trace -->
                </div> <!-- method-content -->
              </div> <!-- method -->
              <div class="method">
                <div class="method-content">
                  <a name="verifyPageViewandReportTitle(03/01/2018, 03/10/2018, Epsilon, 2014 Sales Touches Round 1, //span[text()=&#039;Epsilon Sales Touch&#039;], /...)">
                  </a> <!-- verifyPageViewandReportTitle(03/01/2018, 03/10/2018, Epsilon, 2014 Sales Touches Round 1, //span[text()='Epsilon Sales Touch'], /...) -->
                  <span class="method-name">verifyPageViewandReportTitle</span>
                  <span class="parameters">(03/01/2018, 03/10/2018, Epsilon, 2014 Sales Touches Round 1, //span[text()='Epsilon Sales Touch'], //*[@id='first_report']/tbody/tr[last()]/td[5]/b, Epsilon Sales Touch, 95, No)</span>
                  <div class="stack-trace">org.testng.SkipException: Skipping this exception
	at com.unityworks.testcases.AffinitiveTest.verifyPageViewandReportTitle(AffinitiveTest.java:148)
... Removed 28 stack frames
</div> <!-- stack-trace -->
                </div> <!-- method-content -->
              </div> <!-- method -->
              <div class="method">
                <div class="method-content">
                  <a name="verifyPageViewandReportTitle(03/01/2018, 03/10/2018, Affinitiv, Lexus Affinitiv Tire, //span[text()=&#039;Lexus Affinitiv Tire&#039;], //tb...)">
                  </a> <!-- verifyPageViewandReportTitle(03/01/2018, 03/10/2018, Affinitiv, Lexus Affinitiv Tire, //span[text()='Lexus Affinitiv Tire'], //tb...) -->
                  <span class="method-name">verifyPageViewandReportTitle</span>
                  <span class="parameters">(03/01/2018, 03/10/2018, Affinitiv, Lexus Affinitiv Tire, //span[text()='Lexus Affinitiv Tire'], //tbody/tr[last()]/td[5]/b, Lexus Affinitiv Tire, 4, No)</span>
                  <div class="stack-trace">org.testng.SkipException: Skipping this exception
	at com.unityworks.testcases.AffinitiveTest.verifyPageViewandReportTitle(AffinitiveTest.java:148)
... Removed 27 stack frames
</div> <!-- stack-trace -->
                </div> <!-- method-content -->
              </div> <!-- method -->
              <div class="method">
                <div class="method-content">
                  <a name="verifyPageViewandReportTitle(03/01/2018, 03/10/2018, Fiat Chrysler Automobiles, MABC T2.5 Promaster, //span[text()=&#039;MABC T2.5 Pro...)">
                  </a> <!-- verifyPageViewandReportTitle(03/01/2018, 03/10/2018, Fiat Chrysler Automobiles, MABC T2.5 Promaster, //span[text()='MABC T2.5 Pro...) -->
                  <span class="method-name">verifyPageViewandReportTitle</span>
                  <span class="parameters">(03/01/2018, 03/10/2018, Fiat Chrysler Automobiles, MABC T2.5 Promaster, //span[text()='MABC T2.5 Promaster'], //tbody/tr[last()]/td[2]/b, MABC T2.5 Promaster, 2, No)</span>
                  <div class="stack-trace">org.testng.SkipException: Skipping this exception
	at com.unityworks.testcases.AffinitiveTest.verifyPageViewandReportTitle(AffinitiveTest.java:148)
... Removed 27 stack frames
</div> <!-- stack-trace -->
                </div> <!-- method-content -->
              </div> <!-- method -->
              <div class="method">
                <div class="method-content">
                  <a name="verifyPageViewandReportTitle(03/01/2018, 03/10/2018, Fiat Chrysler Automobiles, BMW T3, //span[text()=&#039;Bmw T3&#039;], //tbody/tr[last(...)">
                  </a> <!-- verifyPageViewandReportTitle(03/01/2018, 03/10/2018, Fiat Chrysler Automobiles, BMW T3, //span[text()='Bmw T3'], //tbody/tr[last(...) -->
                  <span class="method-name">verifyPageViewandReportTitle</span>
                  <span class="parameters">(03/01/2018, 03/10/2018, Fiat Chrysler Automobiles, BMW T3, //span[text()='Bmw T3'], //tbody/tr[last()]/td[3]/b, Bmw T3, 31, No)</span>
                  <div class="stack-trace">org.testng.SkipException: Skipping this exception
	at com.unityworks.testcases.AffinitiveTest.verifyPageViewandReportTitle(AffinitiveTest.java:148)
... Removed 27 stack frames
</div> <!-- stack-trace -->
                </div> <!-- method-content -->
              </div> <!-- method -->
              <div class="method">
                <div class="method-content">
                  <a name="verifyPageViewandReportTitle(03/01/2018, 03/10/2018, MVP - New Schema, MVP, //span[text()=&#039;MVP Reports&#039;], //tbody/tr[last()]/td[5...)">
                  </a> <!-- verifyPageViewandReportTitle(03/01/2018, 03/10/2018, MVP - New Schema, MVP, //span[text()='MVP Reports'], //tbody/tr[last()]/td[5...) -->
                  <span class="method-name">verifyPageViewandReportTitle</span>
                  <span class="parameters">(03/01/2018, 03/10/2018, MVP - New Schema, MVP, //span[text()='MVP Reports'], //tbody/tr[last()]/td[5]/b, MVP Reports, 10354, No)</span>
                  <div class="stack-trace">org.testng.SkipException: Skipping this exception
	at com.unityworks.testcases.AffinitiveTest.verifyPageViewandReportTitle(AffinitiveTest.java:148)
... Removed 27 stack frames
</div> <!-- stack-trace -->
                </div> <!-- method-content -->
              </div> <!-- method -->
              <div class="method">
                <div class="method-content">
                  <a name="verifyPageViewandReportTitle(03/01/2018, 03/10/2018, Fiat Chrysler Automobiles, Maserati Microsite, //span[text()=&#039;Maserati Micro...)">
                  </a> <!-- verifyPageViewandReportTitle(03/01/2018, 03/10/2018, Fiat Chrysler Automobiles, Maserati Microsite, //span[text()='Maserati Micro...) -->
                  <span class="method-name">verifyPageViewandReportTitle</span>
                  <span class="parameters">(03/01/2018, 03/10/2018, Fiat Chrysler Automobiles, Maserati Microsite, //span[text()='Maserati Microsite'], //tbody/tr[last()]/td[3]/b, Maserati Microsite, 3, No)</span>
                  <div class="stack-trace">org.testng.SkipException: Skipping this exception
	at com.unityworks.testcases.AffinitiveTest.verifyPageViewandReportTitle(AffinitiveTest.java:148)
... Removed 27 stack frames
</div> <!-- stack-trace -->
                </div> <!-- method-content -->
              </div> <!-- method -->
              <div class="method">
                <div class="method-content">
                  <a name="verifyPageViewandReportTitle(03/01/2018, 03/10/2018, Epsilon, Business Elite, //span[text()=&#039;Epsilon Business Elite Standard, Non...)">
                  </a> <!-- verifyPageViewandReportTitle(03/01/2018, 03/10/2018, Epsilon, Business Elite, //span[text()='Epsilon Business Elite Standard, Non...) -->
                  <span class="method-name">verifyPageViewandReportTitle</span>
                  <span class="parameters">(03/01/2018, 03/10/2018, Epsilon, Business Elite, //span[text()='Epsilon Business Elite Standard, Non-Standard Report'], //*[@id='first_report']/tbody/tr[last()]/td[3]/b, Epsilon Business Elite Standard, Non-Standard Report, 1, No)</span>
                  <div class="stack-trace">org.testng.SkipException: Skipping this exception
	at com.unityworks.testcases.AffinitiveTest.verifyPageViewandReportTitle(AffinitiveTest.java:148)
... Removed 28 stack frames
</div> <!-- stack-trace -->
                </div> <!-- method-content -->
              </div> <!-- method -->
              <div class="method">
                <div class="method-content">
                  <a name="verifyPageViewandReportTitle(03/01/2018, 03/10/2018, Fiat Chrysler Automobiles, Mopar SEBC, //span[text()=&#039;Southeast Business Cen...)">
                  </a> <!-- verifyPageViewandReportTitle(03/01/2018, 03/10/2018, Fiat Chrysler Automobiles, Mopar SEBC, //span[text()='Southeast Business Cen...) -->
                  <span class="method-name">verifyPageViewandReportTitle</span>
                  <span class="parameters">(03/01/2018, 03/10/2018, Fiat Chrysler Automobiles, Mopar SEBC, //span[text()='Southeast Business Center Mopar'], //tbody/tr[last()]/td[2]/b, Southeast Business Center Mopar, 13, No)</span>
                  <div class="stack-trace">org.testng.SkipException: Skipping this exception
	at com.unityworks.testcases.AffinitiveTest.verifyPageViewandReportTitle(AffinitiveTest.java:148)
... Removed 27 stack frames
</div> <!-- stack-trace -->
                </div> <!-- method-content -->
              </div> <!-- method -->
              <div class="method">
                <div class="method-content">
                  <a name="verifyPageViewandReportTitle(03/01/2018, 03/10/2018, Epsilon, CSSR Lease, //span[text()=&#039;Epsilon CSSR Lease Report&#039;], //*[@id=&#039;fi...)">
                  </a> <!-- verifyPageViewandReportTitle(03/01/2018, 03/10/2018, Epsilon, CSSR Lease, //span[text()='Epsilon CSSR Lease Report'], //*[@id='fi...) -->
                  <span class="method-name">verifyPageViewandReportTitle</span>
                  <span class="parameters">(03/01/2018, 03/10/2018, Epsilon, CSSR Lease, //span[text()='Epsilon CSSR Lease Report'], //*[@id='first_report']/tbody/tr[last()]/td[5]/b, Epsilon CSSR Lease Report, 184, No)</span>
                  <div class="stack-trace">org.testng.SkipException: Skipping this exception
	at com.unityworks.testcases.AffinitiveTest.verifyPageViewandReportTitle(AffinitiveTest.java:148)
... Removed 28 stack frames
</div> <!-- stack-trace -->
                </div> <!-- method-content -->
              </div> <!-- method -->
              <div class="method">
                <div class="method-content">
                  <a name="verifyPageViewandReportTitle(03/01/2018, 03/10/2018, Fiat Chrysler Automobiles, GLBC RAM, //span[text()=&#039;GLBC RAM&#039;], //tbody/tr[l...)">
                  </a> <!-- verifyPageViewandReportTitle(03/01/2018, 03/10/2018, Fiat Chrysler Automobiles, GLBC RAM, //span[text()='GLBC RAM'], //tbody/tr[l...) -->
                  <span class="method-name">verifyPageViewandReportTitle</span>
                  <span class="parameters">(03/01/2018, 03/10/2018, Fiat Chrysler Automobiles, GLBC RAM, //span[text()='GLBC RAM'], //tbody/tr[last()]/td[2]/b, GLBC RAM, 2, No)</span>
                  <div class="stack-trace">org.testng.SkipException: Skipping this exception
	at com.unityworks.testcases.AffinitiveTest.verifyPageViewandReportTitle(AffinitiveTest.java:148)
... Removed 27 stack frames
</div> <!-- stack-trace -->
                </div> <!-- method-content -->
              </div> <!-- method -->
              <div class="method">
                <div class="method-content">
                  <a name="verifyPageViewandReportTitle(03/01/2018, 03/10/2018, Epsilon, Jaguar F-Type, //span[text()=&#039;Jaguar F Type&#039;], //tbody/tr[last()]/t...)">
                  </a> <!-- verifyPageViewandReportTitle(03/01/2018, 03/10/2018, Epsilon, Jaguar F-Type, //span[text()='Jaguar F Type'], //tbody/tr[last()]/t...) -->
                  <span class="method-name">verifyPageViewandReportTitle</span>
                  <span class="parameters">(03/01/2018, 03/10/2018, Epsilon, Jaguar F-Type, //span[text()='Jaguar F Type'], //tbody/tr[last()]/td[3]/b, Jaguar F Type, 3, No)</span>
                  <div class="stack-trace">org.testng.SkipException: Skipping this exception
	at com.unityworks.testcases.AffinitiveTest.verifyPageViewandReportTitle(AffinitiveTest.java:148)
... Removed 27 stack frames
</div> <!-- stack-trace -->
                </div> <!-- method-content -->
              </div> <!-- method -->
              <div class="method">
                <div class="method-content">
                  <a name="verifyPageViewandReportTitle(03/01/2018, 03/10/2018, Fiat Chrysler Automobiles, DBC Heavy Duty Farmers, //span[text()=&#039;DBC Heavy ...)">
                  </a> <!-- verifyPageViewandReportTitle(03/01/2018, 03/10/2018, Fiat Chrysler Automobiles, DBC Heavy Duty Farmers, //span[text()='DBC Heavy ...) -->
                  <span class="method-name">verifyPageViewandReportTitle</span>
                  <span class="parameters">(03/01/2018, 03/10/2018, Fiat Chrysler Automobiles, DBC Heavy Duty Farmers, //span[text()='DBC Heavy Duty Farmers'], //tbody/tr[last()]/td[2]/b, DBC Heavy Duty Farmers, , No)</span>
                  <div class="stack-trace">org.testng.SkipException: Skipping this exception
	at com.unityworks.testcases.AffinitiveTest.verifyPageViewandReportTitle(AffinitiveTest.java:148)
... Removed 27 stack frames
</div> <!-- stack-trace -->
                </div> <!-- method-content -->
              </div> <!-- method -->
              <div class="method">
                <div class="method-content">
                  <a name="verifyPageViewandReportTitle(03/01/2018, 03/10/2018, Fiat Chrysler Automobiles, Jaguar T3, //span[text()=&#039;Jaguar T3&#039;], //tbody/tr...)">
                  </a> <!-- verifyPageViewandReportTitle(03/01/2018, 03/10/2018, Fiat Chrysler Automobiles, Jaguar T3, //span[text()='Jaguar T3'], //tbody/tr...) -->
                  <span class="method-name">verifyPageViewandReportTitle</span>
                  <span class="parameters">(03/01/2018, 03/10/2018, Fiat Chrysler Automobiles, Jaguar T3, //span[text()='Jaguar T3'], //tbody/tr[last()]/td[3]/b, Jaguar T3, 608, No)</span>
                  <div class="stack-trace">org.testng.SkipException: Skipping this exception
	at com.unityworks.testcases.AffinitiveTest.verifyPageViewandReportTitle(AffinitiveTest.java:148)
... Removed 27 stack frames
</div> <!-- stack-trace -->
                </div> <!-- method-content -->
              </div> <!-- method -->
              <div class="method">
                <div class="method-content">
                  <a name="verifyPageViewandReportTitle(03/01/2018, 03/10/2018, Affinitiv, BMW Affinitiv Tire, //span[text()=&#039;Bmw Affinitiv Tire&#039;], //tbody/...)">
                  </a> <!-- verifyPageViewandReportTitle(03/01/2018, 03/10/2018, Affinitiv, BMW Affinitiv Tire, //span[text()='Bmw Affinitiv Tire'], //tbody/...) -->
                  <span class="method-name">verifyPageViewandReportTitle</span>
                  <span class="parameters">(03/01/2018, 03/10/2018, Affinitiv, BMW Affinitiv Tire, //span[text()='Bmw Affinitiv Tire'], //tbody/tr[last()]/td[5]/b, Bmw Affinitiv Tire, 4, No)</span>
                  <div class="stack-trace">org.testng.SkipException: Skipping this exception
	at com.unityworks.testcases.AffinitiveTest.verifyPageViewandReportTitle(AffinitiveTest.java:148)
... Removed 27 stack frames
</div> <!-- stack-trace -->
                </div> <!-- method-content -->
              </div> <!-- method -->
              <div class="method">
                <div class="method-content">
                  <a name="verifyPageViewandReportTitle(03/01/2018, 03/10/2018, Fiat Chrysler Automobiles, Commercial, //span[text()=&#039;Commercial&#039;], //tbody/...)">
                  </a> <!-- verifyPageViewandReportTitle(03/01/2018, 03/10/2018, Fiat Chrysler Automobiles, Commercial, //span[text()='Commercial'], //tbody/...) -->
                  <span class="method-name">verifyPageViewandReportTitle</span>
                  <span class="parameters">(03/01/2018, 03/10/2018, Fiat Chrysler Automobiles, Commercial, //span[text()='Commercial'], //tbody/tr[last()]/td[2]/b, Commercial, 900, No)</span>
                  <div class="stack-trace">org.testng.SkipException: Skipping this exception
	at com.unityworks.testcases.AffinitiveTest.verifyPageViewandReportTitle(AffinitiveTest.java:148)
... Removed 27 stack frames
</div> <!-- stack-trace -->
                </div> <!-- method-content -->
              </div> <!-- method -->
              <div class="method">
                <div class="method-content">
                  <a name="verifyPageViewandReportTitle(03/01/2018, 03/10/2018, Epsilon, OnPoint OnTarget Combined, //span[text()=&#039;Epsilon OnTarget and OnPo...)">
                  </a> <!-- verifyPageViewandReportTitle(03/01/2018, 03/10/2018, Epsilon, OnPoint OnTarget Combined, //span[text()='Epsilon OnTarget and OnPo...) -->
                  <span class="method-name">verifyPageViewandReportTitle</span>
                  <span class="parameters">(03/01/2018, 03/10/2018, Epsilon, OnPoint OnTarget Combined, //span[text()='Epsilon OnTarget and OnPoint Report'], //tbody/tr[last()]/td[5]/b, Epsilon OnTarget and OnPoint Report, 891, No)</span>
                  <div class="stack-trace">org.testng.SkipException: Skipping this exception
	at com.unityworks.testcases.AffinitiveTest.verifyPageViewandReportTitle(AffinitiveTest.java:148)
... Removed 27 stack frames
</div> <!-- stack-trace -->
                </div> <!-- method-content -->
              </div> <!-- method -->
              <div class="method">
                <div class="method-content">
                  <a name="verifyPageViewandReportTitle(03/01/2018, 03/10/2018, Epsilon, Mazda Airbag, //span[text()=&#039;Mazda Airbag&#039;], //tbody/tr[last()]/td[...)">
                  </a> <!-- verifyPageViewandReportTitle(03/01/2018, 03/10/2018, Epsilon, Mazda Airbag, //span[text()='Mazda Airbag'], //tbody/tr[last()]/td[...) -->
                  <span class="method-name">verifyPageViewandReportTitle</span>
                  <span class="parameters">(03/01/2018, 03/10/2018, Epsilon, Mazda Airbag, //span[text()='Mazda Airbag'], //tbody/tr[last()]/td[5]/b, Mazda Airbag, 2, No)</span>
                  <div class="stack-trace">org.testng.SkipException: Skipping this exception
	at com.unityworks.testcases.AffinitiveTest.verifyPageViewandReportTitle(AffinitiveTest.java:148)
... Removed 27 stack frames
</div> <!-- stack-trace -->
                </div> <!-- method-content -->
              </div> <!-- method -->
              <div class="method">
                <div class="method-content">
                  <a name="verifyPageViewandReportTitle(03/01/2018, 03/10/2018, Fiat Chrysler Automobiles, GLBC Jeep Lease, //span[text()=&#039;GLBC Jeep Lease&#039;]...)">
                  </a> <!-- verifyPageViewandReportTitle(03/01/2018, 03/10/2018, Fiat Chrysler Automobiles, GLBC Jeep Lease, //span[text()='GLBC Jeep Lease']...) -->
                  <span class="method-name">verifyPageViewandReportTitle</span>
                  <span class="parameters">(03/01/2018, 03/10/2018, Fiat Chrysler Automobiles, GLBC Jeep Lease, //span[text()='GLBC Jeep Lease'], //tbody/tr[last()]/td[2]/b, GLBC Jeep Lease, , No)</span>
                  <div class="stack-trace">org.testng.SkipException: Skipping this exception
	at com.unityworks.testcases.AffinitiveTest.verifyPageViewandReportTitle(AffinitiveTest.java:148)
... Removed 27 stack frames
</div> <!-- stack-trace -->
                </div> <!-- method-content -->
              </div> <!-- method -->
              <div class="method">
                <div class="method-content">
                  <a name="verifyPageViewandReportTitle(03/01/2018, 03/10/2018, Fiat Chrysler Automobiles, SEBC T2.5 Alfa Romeo, //span[text()=&#039;SEBC T2.5 Al...)">
                  </a> <!-- verifyPageViewandReportTitle(03/01/2018, 03/10/2018, Fiat Chrysler Automobiles, SEBC T2.5 Alfa Romeo, //span[text()='SEBC T2.5 Al...) -->
                  <span class="method-name">verifyPageViewandReportTitle</span>
                  <span class="parameters">(03/01/2018, 03/10/2018, Fiat Chrysler Automobiles, SEBC T2.5 Alfa Romeo, //span[text()='SEBC T2.5 Alfa Romeo'], //tbody/tr[last()]/td[2]/b, SEBC T2.5 Alfa Romeo, 1, No)</span>
                  <div class="stack-trace">org.testng.SkipException: Skipping this exception
	at com.unityworks.testcases.AffinitiveTest.verifyPageViewandReportTitle(AffinitiveTest.java:148)
... Removed 27 stack frames
</div> <!-- stack-trace -->
                </div> <!-- method-content -->
              </div> <!-- method -->
              <div class="method">
                <div class="method-content">
                  <a name="verifyPageViewandReportTitle(03/01/2018, 03/10/2018, Fiat Chrysler Automobiles, DBC Mopar, //span[text()=&#039;DBC Mopar&#039;], //tbody/tr...)">
                  </a> <!-- verifyPageViewandReportTitle(03/01/2018, 03/10/2018, Fiat Chrysler Automobiles, DBC Mopar, //span[text()='DBC Mopar'], //tbody/tr...) -->
                  <span class="method-name">verifyPageViewandReportTitle</span>
                  <span class="parameters">(03/01/2018, 03/10/2018, Fiat Chrysler Automobiles, DBC Mopar, //span[text()='DBC Mopar'], //tbody/tr[last()]/td[2]/b, DBC Mopar, 44, No)</span>
                  <div class="stack-trace">org.testng.SkipException: Skipping this exception
	at com.unityworks.testcases.AffinitiveTest.verifyPageViewandReportTitle(AffinitiveTest.java:148)
... Removed 27 stack frames
</div> <!-- stack-trace -->
                </div> <!-- method-content -->
              </div> <!-- method -->
              <div class="method">
                <div class="method-content">
                  <a name="verifyPageViewandReportTitle(03/01/2018, 03/10/2018, Fiat Chrysler Automobiles, SEBC DODGE, //span[text()=&#039;SEBC DODGE&#039;], //tbody/...)">
                  </a> <!-- verifyPageViewandReportTitle(03/01/2018, 03/10/2018, Fiat Chrysler Automobiles, SEBC DODGE, //span[text()='SEBC DODGE'], //tbody/...) -->
                  <span class="method-name">verifyPageViewandReportTitle</span>
                  <span class="parameters">(03/01/2018, 03/10/2018, Fiat Chrysler Automobiles, SEBC DODGE, //span[text()='SEBC DODGE'], //tbody/tr[last()]/td[2]/b, SEBC DODGE, 1837, No)</span>
                  <div class="stack-trace">org.testng.SkipException: Skipping this exception
	at com.unityworks.testcases.AffinitiveTest.verifyPageViewandReportTitle(AffinitiveTest.java:148)
... Removed 27 stack frames
</div> <!-- stack-trace -->
                </div> <!-- method-content -->
              </div> <!-- method -->
              <div class="method">
                <div class="method-content">
                  <a name="verifyPageViewandReportTitle(03/01/2018, 03/10/2018, Affinitiv, BMW SCP Affinitiv, //span[text()=&#039;Bmw Affinitiv Scp&#039;], //tbody/tr...)">
                  </a> <!-- verifyPageViewandReportTitle(03/01/2018, 03/10/2018, Affinitiv, BMW SCP Affinitiv, //span[text()='Bmw Affinitiv Scp'], //tbody/tr...) -->
                  <span class="method-name">verifyPageViewandReportTitle</span>
                  <span class="parameters">(03/01/2018, 03/10/2018, Affinitiv, BMW SCP Affinitiv, //span[text()='Bmw Affinitiv Scp'], //tbody/tr[last()]/td[5]/b, Bmw Affinitiv Scp, 62, No)</span>
                  <div class="stack-trace">org.testng.SkipException: Skipping this exception
	at com.unityworks.testcases.AffinitiveTest.verifyPageViewandReportTitle(AffinitiveTest.java:148)
... Removed 27 stack frames
</div> <!-- stack-trace -->
                </div> <!-- method-content -->
              </div> <!-- method -->
            </div> <!-- main-panel-content rounded-window-bottom -->
          </div> <!-- suite-UnityworksReportTest-class-skipped -->
          <div class="suite-UnityworksReportTest-class-passed">
            <div class="main-panel-header rounded-window-top">
              <img src="passed.png"/>
              <span class="class-name">com.unityworks.testcases.AffinitiveTest</span>
            </div> <!-- main-panel-header rounded-window-top -->
            <div class="main-panel-content rounded-window-bottom">
              <div class="method">
                <div class="method-content">
                  <a name="doubleclickreportTest(12/01/2017, 03/01/2018, FCA Canada DoubleClick, FCA Canada DoubleClick, Custom Select, Canda, Cherok...)">
                  </a> <!-- doubleclickreportTest(12/01/2017, 03/01/2018, FCA Canada DoubleClick, FCA Canada DoubleClick, Custom Select, Canda, Cherok...) -->
                  <span class="method-name">doubleclickreportTest</span>
                  <span class="parameters">(12/01/2017, 03/01/2018, FCA Canada DoubleClick, FCA Canada DoubleClick, Custom Select, Canda, Cherokee, Canda-RamCherokee, No, No, No, Management Fees, //span[text()='Management Fee Table'],  //*[@id="mgt_fees_data_table"]/tbody/tr[last()]/td, Management Fee Table, , Yes)</span>
                </div> <!-- method-content -->
              </div> <!-- method -->
              <div class="method">
                <div class="method-content">
                  <a name="doubleclickreportTest(12/01/2017, 03/01/2018, FCA Canada DoubleClick, FCA Canada DoubleClick, Custom Select, Canda, Cherok...)">
                  </a> <!-- doubleclickreportTest(12/01/2017, 03/01/2018, FCA Canada DoubleClick, FCA Canada DoubleClick, Custom Select, Canda, Cherok...) -->
                  <span class="method-name">doubleclickreportTest</span>
                  <span class="parameters">(12/01/2017, 03/01/2018, FCA Canada DoubleClick, FCA Canada DoubleClick, Custom Select, Canda, Cherokee, Canda-RamCherokee, No, No, No, Report, //span[text()='FCA Canada DoubleClick Report'], //*[@id="weekly_report_data_table"]/tfoot/tr/td[7], FCA Canada DoubleClick Report, 9,109,738, Yes)</span>
                </div> <!-- method-content -->
              </div> <!-- method -->
              <div class="method">
                <div class="method-content">
                  <a name="verifyPageViewandReportTitle(03/01/2018, 03/10/2018, Strategic Marketing, Strategic Marketing, //span[text()=&#039;Strategic Marketing...)">
                  </a> <!-- verifyPageViewandReportTitle(03/01/2018, 03/10/2018, Strategic Marketing, Strategic Marketing, //span[text()='Strategic Marketing...) -->
                  <span class="method-name">verifyPageViewandReportTitle</span>
                  <span class="parameters">(03/01/2018, 03/10/2018, Strategic Marketing, Strategic Marketing, //span[text()='Strategic Marketing Report'], //tbody/tr[last()]/td[3]/b, Strategic Marketing Report, 89, Yes)</span>
                </div> <!-- method-content -->
              </div> <!-- method -->
              <div class="method">
                <div class="method-content">
                  <a name="verifyPageViewandReportTitle(03/01/2018, 03/10/2018, UnityWorks Website, UnityWorks Website, //span[text()=&#039;UnityWorks Website Re...)">
                  </a> <!-- verifyPageViewandReportTitle(03/01/2018, 03/10/2018, UnityWorks Website, UnityWorks Website, //span[text()='UnityWorks Website Re...) -->
                  <span class="method-name">verifyPageViewandReportTitle</span>
                  <span class="parameters">(03/01/2018, 03/10/2018, UnityWorks Website, UnityWorks Website, //span[text()='UnityWorks Website Report'], //tbody/tr[last()]/td[6]/b, UnityWorks Website Report, , Yes)</span>
                </div> <!-- method-content -->
              </div> <!-- method -->
              <div class="method">
                <div class="method-content">
                  <a name="verifyPageViewandReportTitle(03/01/2018, 03/10/2018, Epsilon, BMW Airbag Recall, //span[text()=&#039;BMW Airbag Recall&#039;], //*[@id=&#039;fir...)">
                  </a> <!-- verifyPageViewandReportTitle(03/01/2018, 03/10/2018, Epsilon, BMW Airbag Recall, //span[text()='BMW Airbag Recall'], //*[@id='fir...) -->
                  <span class="method-name">verifyPageViewandReportTitle</span>
                  <span class="parameters">(03/01/2018, 03/10/2018, Epsilon, BMW Airbag Recall, //span[text()='BMW Airbag Recall'], //*[@id='first_report']/tbody/tr[last()]/td[5]/b, BMW Airbag Recall, 398, Yes)</span>
                </div> <!-- method-content -->
              </div> <!-- method -->
            </div> <!-- main-panel-content rounded-window-bottom -->
          </div> <!-- suite-UnityworksReportTest-class-passed -->
          <div class="suite-UnityworksReportTest-class-passed">
            <div class="main-panel-header rounded-window-top">
              <img src="passed.png"/>
              <span class="class-name">com.unityworks.testcases.CampaignTest</span>
            </div> <!-- main-panel-header rounded-window-top -->
            <div class="main-panel-content rounded-window-bottom">
              <div class="method">
                <div class="method-content">
                  <a name="ValidateCampaign">
                  </a> <!-- ValidateCampaign -->
                  <span class="method-name">ValidateCampaign</span>
                </div> <!-- method-content -->
              </div> <!-- method -->
            </div> <!-- main-panel-content rounded-window-bottom -->
          </div> <!-- suite-UnityworksReportTest-class-passed -->
        </div> <!-- panel UnityworksReportTest -->
        <div panel-name="test-xml-UnityworksReportTest" class="panel">
          <div class="main-panel-header rounded-window-top">
            <span class="header-content">F:\JavaWithSelenium\UnityworksReportTest\src\main\resources\testng.xml</span>
          </div> <!-- main-panel-header rounded-window-top -->
          <div class="main-panel-content rounded-window-bottom">
            <pre>
&lt;?xml version=&quot;1.0&quot; encoding=&quot;UTF-8&quot;?&gt;
&lt;!DOCTYPE suite SYSTEM &quot;http://testng.org/testng-1.0.dtd&quot;&gt;
&lt;suite guice-stage=&quot;DEVELOPMENT&quot; verbose=&quot;0&quot; name=&quot;UnityworksReportTest&quot;&gt;
  &lt;listeners&gt;
    &lt;listener class-name=&quot;com.unityworks.config.MyTransformer&quot;/&gt;
  &lt;/listeners&gt;
  &lt;test thread-count=&quot;5&quot; verbose=&quot;0&quot; name=&quot;Unityworks&quot;&gt;
    &lt;classes&gt;
      &lt;class name=&quot;com.unityworks.testcases.AffinitiveTest&quot;/&gt;
      &lt;class name=&quot;com.unityworks.testcases.CampaignTest&quot;/&gt;
    &lt;/classes&gt;
  &lt;/test&gt; &lt;!-- Unityworks --&gt;
&lt;/suite&gt; &lt;!-- UnityworksReportTest --&gt;
            </pre>
          </div> <!-- main-panel-content rounded-window-bottom -->
        </div> <!-- panel -->
        <div panel-name="testlist-UnityworksReportTest" class="panel">
          <div class="main-panel-header rounded-window-top">
            <span class="header-content">Tests for UnityworksReportTest</span>
          </div> <!-- main-panel-header rounded-window-top -->
          <div class="main-panel-content rounded-window-bottom">
            <ul>
              <li>
                <span class="test-name">Unityworks (2 classes)</span>
              </li>
            </ul>
          </div> <!-- main-panel-content rounded-window-bottom -->
        </div> <!-- panel -->
        <div panel-name="group-UnityworksReportTest" class="panel">
          <div class="main-panel-header rounded-window-top">
            <span class="header-content">Groups for UnityworksReportTest</span>
          </div> <!-- main-panel-header rounded-window-top -->
          <div class="main-panel-content rounded-window-bottom">
          </div> <!-- main-panel-content rounded-window-bottom -->
        </div> <!-- panel -->
        <div panel-name="times-UnityworksReportTest" class="panel">
          <div class="main-panel-header rounded-window-top">
            <span class="header-content">Times for UnityworksReportTest</span>
          </div> <!-- main-panel-header rounded-window-top -->
          <div class="main-panel-content rounded-window-bottom">
            <div class="times-div">
              <script type="text/javascript">
suiteTableInitFunctions.push('tableData_UnityworksReportTest');
function tableData_UnityworksReportTest() {
var data = new google.visualization.DataTable();
data.addColumn('number', 'Number');
data.addColumn('string', 'Method');
data.addColumn('string', 'Class');
data.addColumn('number', 'Time (ms)');
data.addRows(63);
data.setCell(0, 0, 0)
data.setCell(0, 1, 'ValidateCampaign')
data.setCell(0, 2, 'com.unityworks.testcases.CampaignTest')
data.setCell(0, 3, 39294);
data.setCell(1, 0, 1)
data.setCell(1, 1, 'doubleclickreportTest')
data.setCell(1, 2, 'com.unityworks.testcases.AffinitiveTest')
data.setCell(1, 3, 36556);
data.setCell(2, 0, 2)
data.setCell(2, 1, 'doubleclickreportTest')
data.setCell(2, 2, 'com.unityworks.testcases.AffinitiveTest')
data.setCell(2, 3, 27372);
data.setCell(3, 0, 3)
data.setCell(3, 1, 'verifyPageViewandReportTitle')
data.setCell(3, 2, 'com.unityworks.testcases.AffinitiveTest')
data.setCell(3, 3, 27067);
data.setCell(4, 0, 4)
data.setCell(4, 1, 'verifyPageViewandReportTitle')
data.setCell(4, 2, 'com.unityworks.testcases.AffinitiveTest')
data.setCell(4, 3, 26803);
data.setCell(5, 0, 5)
data.setCell(5, 1, 'verifyPageViewandReportTitle')
data.setCell(5, 2, 'com.unityworks.testcases.AffinitiveTest')
data.setCell(5, 3, 26467);
data.setCell(6, 0, 6)
data.setCell(6, 1, 'verifyPageViewandReportTitle')
data.setCell(6, 2, 'com.unityworks.testcases.AffinitiveTest')
data.setCell(6, 3, 2);
data.setCell(7, 0, 7)
data.setCell(7, 1, 'verifyPageViewandReportTitle')
data.setCell(7, 2, 'com.unityworks.testcases.AffinitiveTest')
data.setCell(7, 3, 1);
data.setCell(8, 0, 8)
data.setCell(8, 1, 'verifyPageViewandReportTitle')
data.setCell(8, 2, 'com.unityworks.testcases.AffinitiveTest')
data.setCell(8, 3, 1);
data.setCell(9, 0, 9)
data.setCell(9, 1, 'verifyPageViewandReportTitle')
data.setCell(9, 2, 'com.unityworks.testcases.AffinitiveTest')
data.setCell(9, 3, 1);
data.setCell(10, 0, 10)
data.setCell(10, 1, 'verifyPageViewandReportTitle')
data.setCell(10, 2, 'com.unityworks.testcases.AffinitiveTest')
data.setCell(10, 3, 1);
data.setCell(11, 0, 11)
data.setCell(11, 1, 'verifyPageViewandReportTitle')
data.setCell(11, 2, 'com.unityworks.testcases.AffinitiveTest')
data.setCell(11, 3, 1);
data.setCell(12, 0, 12)
data.setCell(12, 1, 'verifyPageViewandReportTitle')
data.setCell(12, 2, 'com.unityworks.testcases.AffinitiveTest')
data.setCell(12, 3, 1);
data.setCell(13, 0, 13)
data.setCell(13, 1, 'verifyPageViewandReportTitle')
data.setCell(13, 2, 'com.unityworks.testcases.AffinitiveTest')
data.setCell(13, 3, 1);
data.setCell(14, 0, 14)
data.setCell(14, 1, 'verifyPageViewandReportTitle')
data.setCell(14, 2, 'com.unityworks.testcases.AffinitiveTest')
data.setCell(14, 3, 1);
data.setCell(15, 0, 15)
data.setCell(15, 1, 'verifyPageViewandReportTitle')
data.setCell(15, 2, 'com.unityworks.testcases.AffinitiveTest')
data.setCell(15, 3, 0);
data.setCell(16, 0, 16)
data.setCell(16, 1, 'verifyPageViewandReportTitle')
data.setCell(16, 2, 'com.unityworks.testcases.AffinitiveTest')
data.setCell(16, 3, 0);
data.setCell(17, 0, 17)
data.setCell(17, 1, 'verifyPageViewandReportTitle')
data.setCell(17, 2, 'com.unityworks.testcases.AffinitiveTest')
data.setCell(17, 3, 0);
data.setCell(18, 0, 18)
data.setCell(18, 1, 'verifyPageViewandReportTitle')
data.setCell(18, 2, 'com.unityworks.testcases.AffinitiveTest')
data.setCell(18, 3, 0);
data.setCell(19, 0, 19)
data.setCell(19, 1, 'verifyPageViewandReportTitle')
data.setCell(19, 2, 'com.unityworks.testcases.AffinitiveTest')
data.setCell(19, 3, 0);
data.setCell(20, 0, 20)
data.setCell(20, 1, 'verifyPageViewandReportTitle')
data.setCell(20, 2, 'com.unityworks.testcases.AffinitiveTest')
data.setCell(20, 3, 0);
data.setCell(21, 0, 21)
data.setCell(21, 1, 'verifyPageViewandReportTitle')
data.setCell(21, 2, 'com.unityworks.testcases.AffinitiveTest')
data.setCell(21, 3, 0);
data.setCell(22, 0, 22)
data.setCell(22, 1, 'verifyPageViewandReportTitle')
data.setCell(22, 2, 'com.unityworks.testcases.AffinitiveTest')
data.setCell(22, 3, 0);
data.setCell(23, 0, 23)
data.setCell(23, 1, 'verifyPageViewandReportTitle')
data.setCell(23, 2, 'com.unityworks.testcases.AffinitiveTest')
data.setCell(23, 3, 0);
data.setCell(24, 0, 24)
data.setCell(24, 1, 'verifyPageViewandReportTitle')
data.setCell(24, 2, 'com.unityworks.testcases.AffinitiveTest')
data.setCell(24, 3, 0);
data.setCell(25, 0, 25)
data.setCell(25, 1, 'verifyPageViewandReportTitle')
data.setCell(25, 2, 'com.unityworks.testcases.AffinitiveTest')
data.setCell(25, 3, 0);
data.setCell(26, 0, 26)
data.setCell(26, 1, 'verifyPageViewandReportTitle')
data.setCell(26, 2, 'com.unityworks.testcases.AffinitiveTest')
data.setCell(26, 3, 0);
data.setCell(27, 0, 27)
data.setCell(27, 1, 'verifyPageViewandReportTitle')
data.setCell(27, 2, 'com.unityworks.testcases.AffinitiveTest')
data.setCell(27, 3, 0);
data.setCell(28, 0, 28)
data.setCell(28, 1, 'verifyPageViewandReportTitle')
data.setCell(28, 2, 'com.unityworks.testcases.AffinitiveTest')
data.setCell(28, 3, 0);
data.setCell(29, 0, 29)
data.setCell(29, 1, 'verifyPageViewandReportTitle')
data.setCell(29, 2, 'com.unityworks.testcases.AffinitiveTest')
data.setCell(29, 3, 0);
data.setCell(30, 0, 30)
data.setCell(30, 1, 'verifyPageViewandReportTitle')
data.setCell(30, 2, 'com.unityworks.testcases.AffinitiveTest')
data.setCell(30, 3, 0);
data.setCell(31, 0, 31)
data.setCell(31, 1, 'verifyPageViewandReportTitle')
data.setCell(31, 2, 'com.unityworks.testcases.AffinitiveTest')
data.setCell(31, 3, 0);
data.setCell(32, 0, 32)
data.setCell(32, 1, 'verifyPageViewandReportTitle')
data.setCell(32, 2, 'com.unityworks.testcases.AffinitiveTest')
data.setCell(32, 3, 0);
data.setCell(33, 0, 33)
data.setCell(33, 1, 'verifyPageViewandReportTitle')
data.setCell(33, 2, 'com.unityworks.testcases.AffinitiveTest')
data.setCell(33, 3, 0);
data.setCell(34, 0, 34)
data.setCell(34, 1, 'verifyPageViewandReportTitle')
data.setCell(34, 2, 'com.unityworks.testcases.AffinitiveTest')
data.setCell(34, 3, 0);
data.setCell(35, 0, 35)
data.setCell(35, 1, 'verifyPageViewandReportTitle')
data.setCell(35, 2, 'com.unityworks.testcases.AffinitiveTest')
data.setCell(35, 3, 0);
data.setCell(36, 0, 36)
data.setCell(36, 1, 'verifyPageViewandReportTitle')
data.setCell(36, 2, 'com.unityworks.testcases.AffinitiveTest')
data.setCell(36, 3, 0);
data.setCell(37, 0, 37)
data.setCell(37, 1, 'verifyPageViewandReportTitle')
data.setCell(37, 2, 'com.unityworks.testcases.AffinitiveTest')
data.setCell(37, 3, 0);
data.setCell(38, 0, 38)
data.setCell(38, 1, 'verifyPageViewandReportTitle')
data.setCell(38, 2, 'com.unityworks.testcases.AffinitiveTest')
data.setCell(38, 3, 0);
data.setCell(39, 0, 39)
data.setCell(39, 1, 'verifyPageViewandReportTitle')
data.setCell(39, 2, 'com.unityworks.testcases.AffinitiveTest')
data.setCell(39, 3, 0);
data.setCell(40, 0, 40)
data.setCell(40, 1, 'verifyPageViewandReportTitle')
data.setCell(40, 2, 'com.unityworks.testcases.AffinitiveTest')
data.setCell(40, 3, 0);
data.setCell(41, 0, 41)
data.setCell(41, 1, 'verifyPageViewandReportTitle')
data.setCell(41, 2, 'com.unityworks.testcases.AffinitiveTest')
data.setCell(41, 3, 0);
data.setCell(42, 0, 42)
data.setCell(42, 1, 'verifyPageViewandReportTitle')
data.setCell(42, 2, 'com.unityworks.testcases.AffinitiveTest')
data.setCell(42, 3, 0);
data.setCell(43, 0, 43)
data.setCell(43, 1, 'verifyPageViewandReportTitle')
data.setCell(43, 2, 'com.unityworks.testcases.AffinitiveTest')
data.setCell(43, 3, 0);
data.setCell(44, 0, 44)
data.setCell(44, 1, 'verifyPageViewandReportTitle')
data.setCell(44, 2, 'com.unityworks.testcases.AffinitiveTest')
data.setCell(44, 3, 0);
data.setCell(45, 0, 45)
data.setCell(45, 1, 'verifyPageViewandReportTitle')
data.setCell(45, 2, 'com.unityworks.testcases.AffinitiveTest')
data.setCell(45, 3, 0);
data.setCell(46, 0, 46)
data.setCell(46, 1, 'verifyPageViewandReportTitle')
data.setCell(46, 2, 'com.unityworks.testcases.AffinitiveTest')
data.setCell(46, 3, 0);
data.setCell(47, 0, 47)
data.setCell(47, 1, 'verifyPageViewandReportTitle')
data.setCell(47, 2, 'com.unityworks.testcases.AffinitiveTest')
data.setCell(47, 3, 0);
data.setCell(48, 0, 48)
data.setCell(48, 1, 'verifyPageViewandReportTitle')
data.setCell(48, 2, 'com.unityworks.testcases.AffinitiveTest')
data.setCell(48, 3, 0);
data.setCell(49, 0, 49)
data.setCell(49, 1, 'verifyPageViewandReportTitle')
data.setCell(49, 2, 'com.unityworks.testcases.AffinitiveTest')
data.setCell(49, 3, 0);
data.setCell(50, 0, 50)
data.setCell(50, 1, 'verifyPageViewandReportTitle')
data.setCell(50, 2, 'com.unityworks.testcases.AffinitiveTest')
data.setCell(50, 3, 0);
data.setCell(51, 0, 51)
data.setCell(51, 1, 'verifyPageViewandReportTitle')
data.setCell(51, 2, 'com.unityworks.testcases.AffinitiveTest')
data.setCell(51, 3, 0);
data.setCell(52, 0, 52)
data.setCell(52, 1, 'verifyPageViewandReportTitle')
data.setCell(52, 2, 'com.unityworks.testcases.AffinitiveTest')
data.setCell(52, 3, 0);
data.setCell(53, 0, 53)
data.setCell(53, 1, 'verifyPageViewandReportTitle')
data.setCell(53, 2, 'com.unityworks.testcases.AffinitiveTest')
data.setCell(53, 3, 0);
data.setCell(54, 0, 54)
data.setCell(54, 1, 'verifyPageViewandReportTitle')
data.setCell(54, 2, 'com.unityworks.testcases.AffinitiveTest')
data.setCell(54, 3, 0);
data.setCell(55, 0, 55)
data.setCell(55, 1, 'verifyPageViewandReportTitle')
data.setCell(55, 2, 'com.unityworks.testcases.AffinitiveTest')
data.setCell(55, 3, 0);
data.setCell(56, 0, 56)
data.setCell(56, 1, 'verifyPageViewandReportTitle')
data.setCell(56, 2, 'com.unityworks.testcases.AffinitiveTest')
data.setCell(56, 3, 0);
data.setCell(57, 0, 57)
data.setCell(57, 1, 'verifyPageViewandReportTitle')
data.setCell(57, 2, 'com.unityworks.testcases.AffinitiveTest')
data.setCell(57, 3, 0);
data.setCell(58, 0, 58)
data.setCell(58, 1, 'verifyPageViewandReportTitle')
data.setCell(58, 2, 'com.unityworks.testcases.AffinitiveTest')
data.setCell(58, 3, 0);
data.setCell(59, 0, 59)
data.setCell(59, 1, 'verifyPageViewandReportTitle')
data.setCell(59, 2, 'com.unityworks.testcases.AffinitiveTest')
data.setCell(59, 3, 0);
data.setCell(60, 0, 60)
data.setCell(60, 1, 'verifyPageViewandReportTitle')
data.setCell(60, 2, 'com.unityworks.testcases.AffinitiveTest')
data.setCell(60, 3, 0);
data.setCell(61, 0, 61)
data.setCell(61, 1, 'verifyPageViewandReportTitle')
data.setCell(61, 2, 'com.unityworks.testcases.AffinitiveTest')
data.setCell(61, 3, 0);
data.setCell(62, 0, 62)
data.setCell(62, 1, 'verifyPageViewandReportTitle')
data.setCell(62, 2, 'com.unityworks.testcases.AffinitiveTest')
data.setCell(62, 3, 0);
window.suiteTableData['UnityworksReportTest']= { tableData: data, tableDiv: 'times-div-UnityworksReportTest'}
return data;
}
              </script>
              <span class="suite-total-time">Total running time: 3 minutes</span>
              <div id="times-div-UnityworksReportTest">
              </div> <!-- times-div-UnityworksReportTest -->
            </div> <!-- times-div -->
          </div> <!-- main-panel-content rounded-window-bottom -->
        </div> <!-- panel -->
        <div panel-name="reporter-UnityworksReportTest" class="panel">
          <div class="main-panel-header rounded-window-top">
            <span class="header-content">Reporter output for UnityworksReportTest</span>
          </div> <!-- main-panel-header rounded-window-top -->
          <div class="main-panel-content rounded-window-bottom">
          </div> <!-- main-panel-content rounded-window-bottom -->
        </div> <!-- panel -->
        <div panel-name="ignored-methods-UnityworksReportTest" class="panel">
          <div class="main-panel-header rounded-window-top">
            <span class="header-content">4 ignored methods</span>
          </div> <!-- main-panel-header rounded-window-top -->
          <div class="main-panel-content rounded-window-bottom">
            <div class="ignored-class-div">
              <span class="ignored-class-name">com.unityworks.testcases.CampaignTest</span>
              <div class="ignored-methods-div">
                <span class="ignored-method-name">initialize</span>
                <br/>
                <span class="ignored-method-name">setExtent</span>
                <br/>
                <span class="ignored-method-name">endReport</span>
                <br/>
                <span class="ignored-method-name">SendEmail</span>
                <br/>
              </div> <!-- ignored-methods-div -->
            </div> <!-- ignored-class-div -->
          </div> <!-- main-panel-content rounded-window-bottom -->
        </div> <!-- panel -->
        <div panel-name="chronological-UnityworksReportTest" class="panel">
          <div class="main-panel-header rounded-window-top">
            <span class="header-content">Methods in chronological order</span>
          </div> <!-- main-panel-header rounded-window-top -->
          <div class="main-panel-content rounded-window-bottom">
            <div class="chronological-class">
              <div class="chronological-class-name">com.unityworks.testcases.AffinitiveTest</div> <!-- chronological-class-name -->
              <div class="configuration-suite before">
                <span class="method-name">initialize</span>
                <span class="method-start">0 ms</span>
              </div> <!-- configuration-suite before -->
              <div class="configuration-test before">
                <span class="method-name">setExtent</span>
                <span class="method-start">3535 ms</span>
              </div> <!-- configuration-test before -->
            </div> <!-- chronological-class -->
            <div class="chronological-class">
              <div class="chronological-class-name">com.unityworks.testcases.CampaignTest</div> <!-- chronological-class-name -->
              <div class="configuration-test before">
                <span class="method-name">setup</span>
                <span class="method-start">3596 ms</span>
              </div> <!-- configuration-test before -->
            </div> <!-- chronological-class -->
            <div class="chronological-class">
              <div class="chronological-class-name">com.unityworks.testcases.AffinitiveTest</div> <!-- chronological-class-name -->
              <div class="configuration-test before">
                <span class="method-name">setup</span>
                <span class="method-start">3612 ms</span>
              </div> <!-- configuration-test before -->
              <div class="test-method">
                <span class="method-name">doubleclickreportTest(12/01/2017, 03/01/2018, FCA Canada DoubleClick, FCA Canada DoubleClick, Custom Select, Canda, Cherok...)</span>
                <span class="method-start">3629 ms</span>
              </div> <!-- test-method -->
              <div class="configuration-method after">
                <span class="method-name">tearDown([TestResult name=doubleclickreportTest status=SUCCESS method=AffinitiveTest.doubleclickreportTest(ja...)</span>
                <span class="method-start">40185 ms</span>
              </div> <!-- configuration-method after -->
              <div class="test-method">
                <span class="method-name">doubleclickreportTest(12/01/2017, 03/01/2018, FCA Canada DoubleClick, FCA Canada DoubleClick, Custom Select, Canda, Cherok...)</span>
                <span class="method-start">40188 ms</span>
              </div> <!-- test-method -->
              <div class="configuration-method after">
                <span class="method-name">tearDown([TestResult name=doubleclickreportTest status=SUCCESS method=AffinitiveTest.doubleclickreportTest(ja...)</span>
                <span class="method-start">67560 ms</span>
              </div> <!-- configuration-method after -->
              <div class="test-method">
                <span class="method-name">verifyPageViewandReportTitle(03/01/2018, 03/10/2018, Epsilon, BMW Airbag Recall, //span[text()='BMW Airbag Recall'], //*[@id='fir...)</span>
                <span class="method-start">67567 ms</span>
              </div> <!-- test-method -->
              <div class="configuration-method after">
                <span class="method-name">tearDown([TestResult name=verifyPageViewandReportTitle status=SUCCESS method=AffinitiveTest.verifyPageViewand...)</span>
                <span class="method-start">94635 ms</span>
              </div> <!-- configuration-method after -->
              <div class="test-method">
                <span class="method-name">verifyPageViewandReportTitle(03/01/2018, 03/10/2018, Epsilon, 2014 Sales Touches Round 1, //span[text()='Epsilon Sales Touch'], /...)</span>
                <span class="method-start">94635 ms</span>
              </div> <!-- test-method -->
              <div class="configuration-method after">
                <span class="method-name">tearDown([TestResult name=verifyPageViewandReportTitle status=SKIP method=AffinitiveTest.verifyPageViewandRep...)</span>
                <span class="method-start">94635 ms</span>
              </div> <!-- configuration-method after -->
              <div class="test-method">
                <span class="method-name">verifyPageViewandReportTitle(03/01/2018, 03/10/2018, Epsilon, BMW T2, //span[text()='Epsilon BMW T2'], //*[@id='first_report']/tb...)</span>
                <span class="method-start">94635 ms</span>
              </div> <!-- test-method -->
              <div class="configuration-method after">
                <span class="method-name">tearDown([TestResult name=verifyPageViewandReportTitle status=SKIP method=AffinitiveTest.verifyPageViewandRep...)</span>
                <span class="method-start">94636 ms</span>
              </div> <!-- configuration-method after -->
              <div class="test-method">
                <span class="method-name">verifyPageViewandReportTitle(03/01/2018, 03/10/2018, Epsilon, Business Elite, //span[text()='Epsilon Business Elite Standard, Non...)</span>
                <span class="method-start">94636 ms</span>
              </div> <!-- test-method -->
              <div class="configuration-method after">
                <span class="method-name">tearDown([TestResult name=verifyPageViewandReportTitle status=SKIP method=AffinitiveTest.verifyPageViewandRep...)</span>
                <span class="method-start">94636 ms</span>
              </div> <!-- configuration-method after -->
              <div class="test-method">
                <span class="method-name">verifyPageViewandReportTitle(03/01/2018, 03/10/2018, Epsilon, CSSR - Car Care, //span[text()='Epsilon Car Care Report'], //*[@id=...)</span>
                <span class="method-start">94636 ms</span>
              </div> <!-- test-method -->
              <div class="configuration-method after">
                <span class="method-name">tearDown([TestResult name=verifyPageViewandReportTitle status=SKIP method=AffinitiveTest.verifyPageViewandRep...)</span>
                <span class="method-start">94636 ms</span>
              </div> <!-- configuration-method after -->
              <div class="test-method">
                <span class="method-name">verifyPageViewandReportTitle(03/01/2018, 03/10/2018, Epsilon, CSSR - EVO, //span[text()='Epsilon EVO Report'], //tbody/tr[last()]...)</span>
                <span class="method-start">94636 ms</span>
              </div> <!-- test-method -->
              <div class="configuration-method after">
                <span class="method-name">tearDown([TestResult name=verifyPageViewandReportTitle status=SKIP method=AffinitiveTest.verifyPageViewandRep...)</span>
                <span class="method-start">94638 ms</span>
              </div> <!-- configuration-method after -->
              <div class="test-method">
                <span class="method-name">verifyPageViewandReportTitle(03/01/2018, 03/10/2018, Epsilon, CSSR - EVO & OLA Combined, //span[text()='EVO OLA Combined Report']...)</span>
                <span class="method-start">94638 ms</span>
              </div> <!-- test-method -->
              <div class="configuration-method after">
                <span class="method-name">tearDown([TestResult name=verifyPageViewandReportTitle status=SKIP method=AffinitiveTest.verifyPageViewandRep...)</span>
                <span class="method-start">94638 ms</span>
              </div> <!-- configuration-method after -->
              <div class="test-method">
                <span class="method-name">verifyPageViewandReportTitle(03/01/2018, 03/10/2018, Epsilon, CSSR - OLA, //span[text()='Epsilon OLA Report'], //*[@id='first_rep...)</span>
                <span class="method-start">94638 ms</span>
              </div> <!-- test-method -->
              <div class="configuration-method after">
                <span class="method-name">tearDown([TestResult name=verifyPageViewandReportTitle status=SKIP method=AffinitiveTest.verifyPageViewandRep...)</span>
                <span class="method-start">94638 ms</span>
              </div> <!-- configuration-method after -->
              <div class="test-method">
                <span class="method-name">verifyPageViewandReportTitle(03/01/2018, 03/10/2018, Epsilon, CSSR Lease, //span[text()='Epsilon CSSR Lease Report'], //*[@id='fi...)</span>
                <span class="method-start">94638 ms</span>
              </div> <!-- test-method -->
              <div class="configuration-method after">
                <span class="method-name">tearDown([TestResult name=verifyPageViewandReportTitle status=SKIP method=AffinitiveTest.verifyPageViewandRep...)</span>
                <span class="method-start">94639 ms</span>
              </div> <!-- configuration-method after -->
              <div class="test-method">
                <span class="method-name">verifyPageViewandReportTitle(03/01/2018, 03/10/2018, Epsilon, Cherokee, //span[text()='Cherokee Report'], //tbody/tr[last()]/td[3...)</span>
                <span class="method-start">94639 ms</span>
              </div> <!-- test-method -->
              <div class="configuration-method after">
                <span class="method-name">tearDown([TestResult name=verifyPageViewandReportTitle status=SKIP method=AffinitiveTest.verifyPageViewandRep...)</span>
                <span class="method-start">94639 ms</span>
              </div> <!-- configuration-method after -->
              <div class="test-method">
                <span class="method-name">verifyPageViewandReportTitle(03/01/2018, 03/10/2018, Epsilon, Ford Service, //span[text()='Ford Report'], //tbody/tr[last()]/td[3...)</span>
                <span class="method-start">94639 ms</span>
              </div> <!-- test-method -->
              <div class="configuration-method after">
                <span class="method-name">tearDown([TestResult name=verifyPageViewandReportTitle status=SKIP method=AffinitiveTest.verifyPageViewandRep...)</span>
                <span class="method-start">94639 ms</span>
              </div> <!-- configuration-method after -->
              <div class="test-method">
                <span class="method-name">verifyPageViewandReportTitle(03/01/2018, 03/10/2018, Epsilon, Ford Truck, //span[text()='Ford Truck Report'], //tbody/tr[last()]/...)</span>
                <span class="method-start">94639 ms</span>
              </div> <!-- test-method -->
              <div class="configuration-method after">
                <span class="method-name">tearDown([TestResult name=verifyPageViewandReportTitle status=SKIP method=AffinitiveTest.verifyPageViewandRep...)</span>
                <span class="method-start">94639 ms</span>
              </div> <!-- configuration-method after -->
              <div class="test-method">
                <span class="method-name">verifyPageViewandReportTitle(03/01/2018, 03/10/2018, Epsilon, Honda LCC, //span[text()='Honda Lcc'], //tbody/tr[last()]/td[5]/b, ...)</span>
                <span class="method-start">94640 ms</span>
              </div> <!-- test-method -->
              <div class="configuration-method after">
                <span class="method-name">tearDown([TestResult name=verifyPageViewandReportTitle status=SKIP method=AffinitiveTest.verifyPageViewandRep...)</span>
                <span class="method-start">94640 ms</span>
              </div> <!-- configuration-method after -->
              <div class="test-method">
                <span class="method-name">verifyPageViewandReportTitle(03/01/2018, 03/10/2018, Epsilon, Honda SPS, //span[text()='Honda SPS'], //tbody/tr[last()]/td[5]/b, ...)</span>
                <span class="method-start">94640 ms</span>
              </div> <!-- test-method -->
              <div class="configuration-method after">
                <span class="method-name">tearDown([TestResult name=verifyPageViewandReportTitle status=SKIP method=AffinitiveTest.verifyPageViewandRep...)</span>
                <span class="method-start">94640 ms</span>
              </div> <!-- configuration-method after -->
              <div class="test-method">
                <span class="method-name">verifyPageViewandReportTitle(03/01/2018, 03/10/2018, Epsilon, Hyundai EM, //span[text()='Hyundai EM'], //tbody/tr[last()]/td[5]/b...)</span>
                <span class="method-start">94640 ms</span>
              </div> <!-- test-method -->
              <div class="configuration-method after">
                <span class="method-name">tearDown([TestResult name=verifyPageViewandReportTitle status=SKIP method=AffinitiveTest.verifyPageViewandRep...)</span>
                <span class="method-start">94641 ms</span>
              </div> <!-- configuration-method after -->
              <div class="test-method">
                <span class="method-name">verifyPageViewandReportTitle(03/01/2018, 03/10/2018, Epsilon, Intercept National LMA, //span[text()='Epsilon National LMA Report'...)</span>
                <span class="method-start">94641 ms</span>
              </div> <!-- test-method -->
              <div class="configuration-method after">
                <span class="method-name">tearDown([TestResult name=verifyPageViewandReportTitle status=SKIP method=AffinitiveTest.verifyPageViewandRep...)</span>
                <span class="method-start">94641 ms</span>
              </div> <!-- configuration-method after -->
              <div class="test-method">
                <span class="method-name">verifyPageViewandReportTitle(03/01/2018, 03/10/2018, Epsilon, Jaguar F-Type, //span[text()='Jaguar F Type'], //tbody/tr[last()]/t...)</span>
                <span class="method-start">94641 ms</span>
              </div> <!-- test-method -->
              <div class="configuration-method after">
                <span class="method-name">tearDown([TestResult name=verifyPageViewandReportTitle status=SKIP method=AffinitiveTest.verifyPageViewandRep...)</span>
                <span class="method-start">94641 ms</span>
              </div> <!-- configuration-method after -->
              <div class="test-method">
                <span class="method-name">verifyPageViewandReportTitle(03/01/2018, 03/10/2018, Epsilon, Mazda Airbag, //span[text()='Mazda Airbag'], //tbody/tr[last()]/td[...)</span>
                <span class="method-start">94641 ms</span>
              </div> <!-- test-method -->
              <div class="configuration-method after">
                <span class="method-name">tearDown([TestResult name=verifyPageViewandReportTitle status=SKIP method=AffinitiveTest.verifyPageViewandRep...)</span>
                <span class="method-start">94642 ms</span>
              </div> <!-- configuration-method after -->
              <div class="test-method">
                <span class="method-name">verifyPageViewandReportTitle(03/01/2018, 03/10/2018, Epsilon, Mercedes Benz, //span[text()='Epsilon Mercedes Benz'], //tbody/tr[l...)</span>
                <span class="method-start">94642 ms</span>
              </div> <!-- test-method -->
              <div class="configuration-method after">
                <span class="method-name">tearDown([TestResult name=verifyPageViewandReportTitle status=SKIP method=AffinitiveTest.verifyPageViewandRep...)</span>
                <span class="method-start">94642 ms</span>
              </div> <!-- configuration-method after -->
              <div class="test-method">
                <span class="method-name">verifyPageViewandReportTitle(03/01/2018, 03/10/2018, Epsilon, OnPoint OnTarget Combined, //span[text()='Epsilon OnTarget and OnPo...)</span>
                <span class="method-start">94642 ms</span>
              </div> <!-- test-method -->
              <div class="configuration-method after">
                <span class="method-name">tearDown([TestResult name=verifyPageViewandReportTitle status=SKIP method=AffinitiveTest.verifyPageViewandRep...)</span>
                <span class="method-start">94642 ms</span>
              </div> <!-- configuration-method after -->
              <div class="test-method">
                <span class="method-name">verifyPageViewandReportTitle(03/01/2018, 03/10/2018, Epsilon, OnTarget, //span[text()='Epsilon OnTarget Report'], //tbody/tr[last...)</span>
                <span class="method-start">94642 ms</span>
              </div> <!-- test-method -->
              <div class="configuration-method after">
                <span class="method-name">tearDown([TestResult name=verifyPageViewandReportTitle status=SKIP method=AffinitiveTest.verifyPageViewandRep...)</span>
                <span class="method-start">94642 ms</span>
              </div> <!-- configuration-method after -->
              <div class="test-method">
                <span class="method-name">verifyPageViewandReportTitle(03/01/2018, 03/10/2018, Epsilon, Used VIN Video - GM, //span[text()='Epsilon Used VIN Video - GM'], ...)</span>
                <span class="method-start">94642 ms</span>
              </div> <!-- test-method -->
              <div class="configuration-method after">
                <span class="method-name">tearDown([TestResult name=verifyPageViewandReportTitle status=SKIP method=AffinitiveTest.verifyPageViewandRep...)</span>
                <span class="method-start">94643 ms</span>
              </div> <!-- configuration-method after -->
              <div class="test-method">
                <span class="method-name">verifyPageViewandReportTitle(03/01/2018, 03/10/2018, Epsilon, eOnPoint, //span[text()='Epsilon eOnPoint Report'], //tbody/tr[last...)</span>
                <span class="method-start">94643 ms</span>
              </div> <!-- test-method -->
              <div class="configuration-method after">
                <span class="method-name">tearDown([TestResult name=verifyPageViewandReportTitle status=SKIP method=AffinitiveTest.verifyPageViewandRep...)</span>
                <span class="method-start">94643 ms</span>
              </div> <!-- configuration-method after -->
              <div class="test-method">
                <span class="method-name">verifyPageViewandReportTitle(03/01/2018, 03/10/2018, Epsilon, eStrike Service - GM, //span[text()='Epsilon eStrike Service - GM '...)</span>
                <span class="method-start">94643 ms</span>
              </div> <!-- test-method -->
              <div class="configuration-method after">
                <span class="method-name">tearDown([TestResult name=verifyPageViewandReportTitle status=SKIP method=AffinitiveTest.verifyPageViewandRep...)</span>
                <span class="method-start">94643 ms</span>
              </div> <!-- configuration-method after -->
              <div class="test-method">
                <span class="method-name">verifyPageViewandReportTitle(03/01/2018, 03/10/2018, Affinitiv, BMW Affinitiv Tire, //span[text()='Bmw Affinitiv Tire'], //tbody/...)</span>
                <span class="method-start">94643 ms</span>
              </div> <!-- test-method -->
              <div class="configuration-method after">
                <span class="method-name">tearDown([TestResult name=verifyPageViewandReportTitle status=SKIP method=AffinitiveTest.verifyPageViewandRep...)</span>
                <span class="method-start">94643 ms</span>
              </div> <!-- configuration-method after -->
              <div class="test-method">
                <span class="method-name">verifyPageViewandReportTitle(03/01/2018, 03/10/2018, Affinitiv, BMW SCP Affinitiv, //span[text()='Bmw Affinitiv Scp'], //tbody/tr...)</span>
                <span class="method-start">94644 ms</span>
              </div> <!-- test-method -->
              <div class="configuration-method after">
                <span class="method-name">tearDown([TestResult name=verifyPageViewandReportTitle status=SKIP method=AffinitiveTest.verifyPageViewandRep...)</span>
                <span class="method-start">94644 ms</span>
              </div> <!-- configuration-method after -->
              <div class="test-method">
                <span class="method-name">verifyPageViewandReportTitle(03/01/2018, 03/10/2018, Affinitiv, Lexus Affinitiv Tire, //span[text()='Lexus Affinitiv Tire'], //tb...)</span>
                <span class="method-start">94644 ms</span>
              </div> <!-- test-method -->
              <div class="configuration-method after">
                <span class="method-name">tearDown([TestResult name=verifyPageViewandReportTitle status=SKIP method=AffinitiveTest.verifyPageViewandRep...)</span>
                <span class="method-start">94644 ms</span>
              </div> <!-- configuration-method after -->
              <div class="test-method">
                <span class="method-name">verifyPageViewandReportTitle(03/01/2018, 03/10/2018, Campaign Manager, Agency 720, //span[text()='Agency 720'], //tbody/tr[last()...)</span>
                <span class="method-start">94644 ms</span>
              </div> <!-- test-method -->
              <div class="configuration-method after">
                <span class="method-name">tearDown([TestResult name=verifyPageViewandReportTitle status=SKIP method=AffinitiveTest.verifyPageViewandRep...)</span>
                <span class="method-start">94644 ms</span>
              </div> <!-- configuration-method after -->
              <div class="test-method">
                <span class="method-name">verifyPageViewandReportTitle(03/01/2018, 03/10/2018, Campaign Manager, Agency 720 DC and GA, //span[text()='Intercept Report : A7...)</span>
                <span class="method-start">94644 ms</span>
              </div> <!-- test-method -->
              <div class="configuration-method after">
                <span class="method-name">tearDown([TestResult name=verifyPageViewandReportTitle status=SKIP method=AffinitiveTest.verifyPageViewandRep...)</span>
                <span class="method-start">94645 ms</span>
              </div> <!-- configuration-method after -->
              <div class="test-method">
                <span class="method-name">verifyPageViewandReportTitle(03/01/2018, 03/10/2018, Campaign Manager, Ford Sales, //span[text()='Ford Report'], //tbody/tr[last(...)</span>
                <span class="method-start">94645 ms</span>
              </div> <!-- test-method -->
              <div class="configuration-method after">
                <span class="method-name">tearDown([TestResult name=verifyPageViewandReportTitle status=SKIP method=AffinitiveTest.verifyPageViewandRep...)</span>
                <span class="method-start">94645 ms</span>
              </div> <!-- configuration-method after -->
              <div class="test-method">
                <span class="method-name">verifyPageViewandReportTitle(03/01/2018, 03/10/2018, Campaign Manager, Kia, //span[text()='Kia Report'], //tbody/tr[last()]/td[3]...)</span>
                <span class="method-start">94645 ms</span>
              </div> <!-- test-method -->
              <div class="configuration-method after">
                <span class="method-name">tearDown([TestResult name=verifyPageViewandReportTitle status=SKIP method=AffinitiveTest.verifyPageViewandRep...)</span>
                <span class="method-start">94645 ms</span>
              </div> <!-- configuration-method after -->
              <div class="test-method">
                <span class="method-name">verifyPageViewandReportTitle(03/01/2018, 03/10/2018, Chrysler Pacifica, Chrysler Pacifica, //span[text()='Chrysler Pacifica Repor...)</span>
                <span class="method-start">94645 ms</span>
              </div> <!-- test-method -->
              <div class="configuration-method after">
                <span class="method-name">tearDown([TestResult name=verifyPageViewandReportTitle status=SKIP method=AffinitiveTest.verifyPageViewandRep...)</span>
                <span class="method-start">94645 ms</span>
              </div> <!-- configuration-method after -->
              <div class="test-method">
                <span class="method-name">verifyPageViewandReportTitle(03/01/2018, 03/10/2018, Dialogue Direct, Honda Airbag, //span[text()='Epsilon Honda Airbag'], //tbod...)</span>
                <span class="method-start">94646 ms</span>
              </div> <!-- test-method -->
              <div class="configuration-method after">
                <span class="method-name">tearDown([TestResult name=verifyPageViewandReportTitle status=SKIP method=AffinitiveTest.verifyPageViewandRep...)</span>
                <span class="method-start">94646 ms</span>
              </div> <!-- configuration-method after -->
              <div class="test-method">
                <span class="method-name">verifyPageViewandReportTitle(03/01/2018, 03/10/2018, Fiat Chrysler Automobiles, BMW T3, //span[text()='Bmw T3'], //tbody/tr[last(...)</span>
                <span class="method-start">94646 ms</span>
              </div> <!-- test-method -->
              <div class="configuration-method after">
                <span class="method-name">tearDown([TestResult name=verifyPageViewandReportTitle status=SKIP method=AffinitiveTest.verifyPageViewandRep...)</span>
                <span class="method-start">94646 ms</span>
              </div> <!-- configuration-method after -->
              <div class="test-method">
                <span class="method-name">verifyPageViewandReportTitle(03/01/2018, 03/10/2018, Fiat Chrysler Automobiles, CBC T2.5 Commercial, //span[text()='CBC T2.5 Comm...)</span>
                <span class="method-start">94646 ms</span>
              </div> <!-- test-method -->
              <div class="configuration-method after">
                <span class="method-name">tearDown([TestResult name=verifyPageViewandReportTitle status=SKIP method=AffinitiveTest.verifyPageViewandRep...)</span>
                <span class="method-start">94646 ms</span>
              </div> <!-- configuration-method after -->
              <div class="test-method">
                <span class="method-name">verifyPageViewandReportTitle(03/01/2018, 03/10/2018, Fiat Chrysler Automobiles, California BC, //span[text()='California BC'], //...)</span>
                <span class="method-start">94646 ms</span>
              </div> <!-- test-method -->
              <div class="configuration-method after">
                <span class="method-name">tearDown([TestResult name=verifyPageViewandReportTitle status=SKIP method=AffinitiveTest.verifyPageViewandRep...)</span>
                <span class="method-start">94646 ms</span>
              </div> <!-- configuration-method after -->
              <div class="test-method">
                <span class="method-name">verifyPageViewandReportTitle(03/01/2018, 03/10/2018, Fiat Chrysler Automobiles, Commercial, //span[text()='Commercial'], //tbody/...)</span>
                <span class="method-start">94646 ms</span>
              </div> <!-- test-method -->
              <div class="configuration-method after">
                <span class="method-name">tearDown([TestResult name=verifyPageViewandReportTitle status=SKIP method=AffinitiveTest.verifyPageViewandRep...)</span>
                <span class="method-start">94647 ms</span>
              </div> <!-- configuration-method after -->
              <div class="test-method">
                <span class="method-name">verifyPageViewandReportTitle(03/01/2018, 03/10/2018, Fiat Chrysler Automobiles, DBC Heavy Duty Farmers, //span[text()='DBC Heavy ...)</span>
                <span class="method-start">94647 ms</span>
              </div> <!-- test-method -->
              <div class="configuration-method after">
                <span class="method-name">tearDown([TestResult name=verifyPageViewandReportTitle status=SKIP method=AffinitiveTest.verifyPageViewandRep...)</span>
                <span class="method-start">94647 ms</span>
              </div> <!-- configuration-method after -->
              <div class="test-method">
                <span class="method-name">verifyPageViewandReportTitle(03/01/2018, 03/10/2018, Fiat Chrysler Automobiles, DBC Compass Compare T2.5, //span[text()='DBC Comp...)</span>
                <span class="method-start">94647 ms</span>
              </div> <!-- test-method -->
              <div class="configuration-method after">
                <span class="method-name">tearDown([TestResult name=verifyPageViewandReportTitle status=SKIP method=AffinitiveTest.verifyPageViewandRep...)</span>
                <span class="method-start">94647 ms</span>
              </div> <!-- configuration-method after -->
              <div class="test-method">
                <span class="method-name">verifyPageViewandReportTitle(03/01/2018, 03/10/2018, Fiat Chrysler Automobiles, DBC Mopar, //span[text()='DBC Mopar'], //tbody/tr...)</span>
                <span class="method-start">94647 ms</span>
              </div> <!-- test-method -->
              <div class="configuration-method after">
                <span class="method-name">tearDown([TestResult name=verifyPageViewandReportTitle status=SKIP method=AffinitiveTest.verifyPageViewandRep...)</span>
                <span class="method-start">94647 ms</span>
              </div> <!-- configuration-method after -->
              <div class="test-method">
                <span class="method-name">verifyPageViewandReportTitle(03/01/2018, 03/10/2018, Fiat Chrysler Automobiles, DBC ProMaster Commercial, //span[text()='DBC ProM...)</span>
                <span class="method-start">94647 ms</span>
              </div> <!-- test-method -->
              <div class="configuration-method after">
                <span class="method-name">tearDown([TestResult name=verifyPageViewandReportTitle status=SKIP method=AffinitiveTest.verifyPageViewandRep...)</span>
                <span class="method-start">94648 ms</span>
              </div> <!-- configuration-method after -->
              <div class="test-method">
                <span class="method-name">verifyPageViewandReportTitle(03/01/2018, 03/10/2018, Fiat Chrysler Automobiles, FCA Lease, //span[text()='Fca Lease'], //tbody/tr...)</span>
                <span class="method-start">94648 ms</span>
              </div> <!-- test-method -->
              <div class="configuration-method after">
                <span class="method-name">tearDown([TestResult name=verifyPageViewandReportTitle status=SKIP method=AffinitiveTest.verifyPageViewandRep...)</span>
                <span class="method-start">94648 ms</span>
              </div> <!-- configuration-method after -->
              <div class="test-method">
                <span class="method-name">verifyPageViewandReportTitle(03/01/2018, 03/10/2018, Fiat Chrysler Automobiles, GLBC Jeep Lease, //span[text()='GLBC Jeep Lease']...)</span>
                <span class="method-start">94648 ms</span>
              </div> <!-- test-method -->
              <div class="configuration-method after">
                <span class="method-name">tearDown([TestResult name=verifyPageViewandReportTitle status=SKIP method=AffinitiveTest.verifyPageViewandRep...)</span>
                <span class="method-start">94648 ms</span>
              </div> <!-- configuration-method after -->
              <div class="test-method">
                <span class="method-name">verifyPageViewandReportTitle(03/01/2018, 03/10/2018, Fiat Chrysler Automobiles, GLBC RAM, //span[text()='GLBC RAM'], //tbody/tr[l...)</span>
                <span class="method-start">94648 ms</span>
              </div> <!-- test-method -->
              <div class="configuration-method after">
                <span class="method-name">tearDown([TestResult name=verifyPageViewandReportTitle status=SKIP method=AffinitiveTest.verifyPageViewandRep...)</span>
                <span class="method-start">94648 ms</span>
              </div> <!-- configuration-method after -->
              <div class="test-method">
                <span class="method-name">verifyPageViewandReportTitle(03/01/2018, 03/10/2018, Fiat Chrysler Automobiles, Infiniti Microsite, //span[text()='Infiniti Micro...)</span>
                <span class="method-start">94648 ms</span>
              </div> <!-- test-method -->
              <div class="configuration-method after">
                <span class="method-name">tearDown([TestResult name=verifyPageViewandReportTitle status=SKIP method=AffinitiveTest.verifyPageViewandRep...)</span>
                <span class="method-start">94649 ms</span>
              </div> <!-- configuration-method after -->
              <div class="test-method">
                <span class="method-name">verifyPageViewandReportTitle(03/01/2018, 03/10/2018, Fiat Chrysler Automobiles, Jaguar T3, //span[text()='Jaguar T3'], //tbody/tr...)</span>
                <span class="method-start">94649 ms</span>
              </div> <!-- test-method -->
              <div class="configuration-method after">
                <span class="method-name">tearDown([TestResult name=verifyPageViewandReportTitle status=SKIP method=AffinitiveTest.verifyPageViewandRep...)</span>
                <span class="method-start">94649 ms</span>
              </div> <!-- configuration-method after -->
              <div class="test-method">
                <span class="method-name">verifyPageViewandReportTitle(03/01/2018, 03/10/2018, Fiat Chrysler Automobiles, Land Rover T3, //span[text()='Land Rover T3'], //...)</span>
                <span class="method-start">94649 ms</span>
              </div> <!-- test-method -->
              <div class="configuration-method after">
                <span class="method-name">tearDown([TestResult name=verifyPageViewandReportTitle status=SKIP method=AffinitiveTest.verifyPageViewandRep...)</span>
                <span class="method-start">94649 ms</span>
              </div> <!-- configuration-method after -->
              <div class="test-method">
                <span class="method-name">verifyPageViewandReportTitle(03/01/2018, 03/10/2018, Fiat Chrysler Automobiles, MABC T2.5 Promaster, //span[text()='MABC T2.5 Pro...)</span>
                <span class="method-start">94649 ms</span>
              </div> <!-- test-method -->
              <div class="configuration-method after">
                <span class="method-name">tearDown([TestResult name=verifyPageViewandReportTitle status=SKIP method=AffinitiveTest.verifyPageViewandRep...)</span>
                <span class="method-start">94649 ms</span>
              </div> <!-- configuration-method after -->
              <div class="test-method">
                <span class="method-name">verifyPageViewandReportTitle(03/01/2018, 03/10/2018, Fiat Chrysler Automobiles, Maserati Microsite, //span[text()='Maserati Micro...)</span>
                <span class="method-start">94649 ms</span>
              </div> <!-- test-method -->
              <div class="configuration-method after">
                <span class="method-name">tearDown([TestResult name=verifyPageViewandReportTitle status=SKIP method=AffinitiveTest.verifyPageViewandRep...)</span>
                <span class="method-start">94650 ms</span>
              </div> <!-- configuration-method after -->
              <div class="test-method">
                <span class="method-name">verifyPageViewandReportTitle(03/01/2018, 03/10/2018, Fiat Chrysler Automobiles, Mopar SEBC, //span[text()='Southeast Business Cen...)</span>
                <span class="method-start">94650 ms</span>
              </div> <!-- test-method -->
              <div class="configuration-method after">
                <span class="method-name">tearDown([TestResult name=verifyPageViewandReportTitle status=SKIP method=AffinitiveTest.verifyPageViewandRep...)</span>
                <span class="method-start">94650 ms</span>
              </div> <!-- configuration-method after -->
              <div class="test-method">
                <span class="method-name">verifyPageViewandReportTitle(03/01/2018, 03/10/2018, Fiat Chrysler Automobiles, Pacifica Tier 2.5, //span[text()='Pacifica Tier 2...)</span>
                <span class="method-start">94650 ms</span>
              </div> <!-- test-method -->
              <div class="configuration-method after">
                <span class="method-name">tearDown([TestResult name=verifyPageViewandReportTitle status=SKIP method=AffinitiveTest.verifyPageViewandRep...)</span>
                <span class="method-start">94650 ms</span>
              </div> <!-- configuration-method after -->
              <div class="test-method">
                <span class="method-name">verifyPageViewandReportTitle(03/01/2018, 03/10/2018, Fiat Chrysler Automobiles, SEBC Compass, //span[text()='SEBC Compass'], //tb...)</span>
                <span class="method-start">94650 ms</span>
              </div> <!-- test-method -->
              <div class="configuration-method after">
                <span class="method-name">tearDown([TestResult name=verifyPageViewandReportTitle status=SKIP method=AffinitiveTest.verifyPageViewandRep...)</span>
                <span class="method-start">94650 ms</span>
              </div> <!-- configuration-method after -->
              <div class="test-method">
                <span class="method-name">verifyPageViewandReportTitle(03/01/2018, 03/10/2018, Fiat Chrysler Automobiles, SEBC DODGE, //span[text()='SEBC DODGE'], //tbody/...)</span>
                <span class="method-start">94650 ms</span>
              </div> <!-- test-method -->
              <div class="configuration-method after">
                <span class="method-name">tearDown([TestResult name=verifyPageViewandReportTitle status=SKIP method=AffinitiveTest.verifyPageViewandRep...)</span>
                <span class="method-start">94650 ms</span>
              </div> <!-- configuration-method after -->
              <div class="test-method">
                <span class="method-name">verifyPageViewandReportTitle(03/01/2018, 03/10/2018, Fiat Chrysler Automobiles, SEBC T2.5 Alfa Romeo, //span[text()='SEBC T2.5 Al...)</span>
                <span class="method-start">94651 ms</span>
              </div> <!-- test-method -->
              <div class="configuration-method after">
                <span class="method-name">tearDown([TestResult name=verifyPageViewandReportTitle status=SKIP method=AffinitiveTest.verifyPageViewandRep...)</span>
                <span class="method-start">94651 ms</span>
              </div> <!-- configuration-method after -->
              <div class="test-method">
                <span class="method-name">verifyPageViewandReportTitle(03/01/2018, 03/10/2018, Fiat Chrysler Automobiles, WBC T2.5 Commercial, //span[text()='WBC T2.5 Comm...)</span>
                <span class="method-start">94651 ms</span>
              </div> <!-- test-method -->
              <div class="configuration-method after">
                <span class="method-name">tearDown([TestResult name=verifyPageViewandReportTitle status=SKIP method=AffinitiveTest.verifyPageViewandRep...)</span>
                <span class="method-start">94651 ms</span>
              </div> <!-- configuration-method after -->
              <div class="test-method">
                <span class="method-name">verifyPageViewandReportTitle(03/01/2018, 03/10/2018, LifeTouch, LifeTouch, //span[text()='Life Touch Report'], //tbody/tr[last()]...)</span>
                <span class="method-start">94651 ms</span>
              </div> <!-- test-method -->
              <div class="configuration-method after">
                <span class="method-name">tearDown([TestResult name=verifyPageViewandReportTitle status=SKIP method=AffinitiveTest.verifyPageViewandRep...)</span>
                <span class="method-start">94651 ms</span>
              </div> <!-- configuration-method after -->
              <div class="test-method">
                <span class="method-name">verifyPageViewandReportTitle(03/01/2018, 03/10/2018, MVP - New Schema, MVP, //span[text()='MVP Reports'], //tbody/tr[last()]/td[5...)</span>
                <span class="method-start">94651 ms</span>
              </div> <!-- test-method -->
              <div class="configuration-method after">
                <span class="method-name">tearDown([TestResult name=verifyPageViewandReportTitle status=SKIP method=AffinitiveTest.verifyPageViewandRep...)</span>
                <span class="method-start">94652 ms</span>
              </div> <!-- configuration-method after -->
              <div class="test-method">
                <span class="method-name">verifyPageViewandReportTitle(03/01/2018, 03/10/2018, National Karate, National Karate, //span[text()='National Karate Report'], /...)</span>
                <span class="method-start">94652 ms</span>
              </div> <!-- test-method -->
              <div class="configuration-method after">
                <span class="method-name">tearDown([TestResult name=verifyPageViewandReportTitle status=SKIP method=AffinitiveTest.verifyPageViewandRep...)</span>
                <span class="method-start">94652 ms</span>
              </div> <!-- configuration-method after -->
              <div class="test-method">
                <span class="method-name">verifyPageViewandReportTitle(03/01/2018, 03/10/2018, Strategic Marketing, Strategic Marketing, //span[text()='Strategic Marketing...)</span>
                <span class="method-start">94652 ms</span>
              </div> <!-- test-method -->
              <div class="configuration-method after">
                <span class="method-name">tearDown([TestResult name=verifyPageViewandReportTitle status=SUCCESS method=AffinitiveTest.verifyPageViewand...)</span>
                <span class="method-start">121119 ms</span>
              </div> <!-- configuration-method after -->
              <div class="test-method">
                <span class="method-name">verifyPageViewandReportTitle(03/01/2018, 03/10/2018, UnityWorks Website, UnityWorks Website, //span[text()='UnityWorks Website Re...)</span>
                <span class="method-start">121119 ms</span>
              </div> <!-- test-method -->
              <div class="configuration-method after">
                <span class="method-name">tearDown([TestResult name=verifyPageViewandReportTitle status=SUCCESS method=AffinitiveTest.verifyPageViewand...)</span>
                <span class="method-start">147922 ms</span>
              </div> <!-- configuration-method after -->
            </div> <!-- chronological-class -->
            <div class="chronological-class">
              <div class="chronological-class-name">com.unityworks.testcases.CampaignTest</div> <!-- chronological-class-name -->
              <div class="test-method">
                <span class="method-name">ValidateCampaign</span>
                <span class="method-start">147923 ms</span>
              </div> <!-- test-method -->
              <div class="configuration-method after">
                <span class="method-name">tearDown([TestResult name=ValidateCampaign status=SUCCESS method=CampaignTest.ValidateCampaign()[pri:0, insta...)</span>
                <span class="method-start">187217 ms</span>
              </div> <!-- configuration-method after -->
            </div> <!-- chronological-class -->
            <div class="chronological-class">
              <div class="chronological-class-name">com.unityworks.testcases.AffinitiveTest</div> <!-- chronological-class-name -->
              <div class="configuration-test after">
                <span class="method-name">endReport</span>
                <span class="method-start">187217 ms</span>
              </div> <!-- configuration-test after -->
              <div class="configuration-suite after">
                <span class="method-name">SendEmail</span>
                <span class="method-start">187495 ms</span>
              </div> <!-- configuration-suite after -->
          </div> <!-- main-panel-content rounded-window-bottom -->
        </div> <!-- panel -->
      </div> <!-- main-panel-root -->
    </div> <!-- wrapper -->
  </body>
</html>
