<?xml version="1.0" encoding="UTF-8" ?>
<testsuite tests="16" failures="1" name="TestSuite" time="2,581.01" errors="0" skipped="0">
  <properties>
[...]
</properties>
  <testcase classname="com.unityworks.testcases.AffinitiveTest" name="affinitive_BMWAffinitiveTire" time="36.069"/>
  <testcase classname="com.unityworks.testcases.ReportTest" name="epsilon_2014SalesTouchesRound1" time="29.7"/>
  <testcase classname="com.unityworks.testcases.ReportTest" name="epsilon_BMWAirBagRecall" time="94.298"/>
  <testcase classname="com.unityworks.testcases.ReportTest" name="epsilon_BMWT2" time="86.291"/>
  <testcase classname="com.unityworks.testcases.ReportTest" name="epsilon_BusinessElite" time="72.443"/>
  <testcase classname="com.unityworks.testcases.ReportTest" name="epsilon_CSSRLease" time="83.727"/>
  <testcase classname="com.unityworks.testcases.ReportTest" name="epsilon_CSSROLA" time="250.239"/>
  <testcase classname="com.unityworks.testcases.ReportTest" name="epsilon_CSSR_CarCare" time="174.725"/>
  <testcase classname="com.unityworks.testcases.ReportTest" name="epsilon_CSSR_EVO_OLA_Combined" time="429.763"/>
  <testcase classname="com.unityworks.testcases.ReportTest" name="epsilon_Cherokee" time="74.981"/>
  <testcase classname="com.unityworks.testcases.ReportTest" name="epsilon_FordService" time="73.75"/>
  <testcase classname="com.unityworks.testcases.ReportTest" name="epsilon_FordTruck" time="73.46"/>
  <testcase classname="com.unityworks.testcases.ReportTest" name="epsilon_HondaLcc" time="125.466"/>
  <testcase classname="com.unityworks.testcases.ReportTest" name="epsilon_HondaSPS" time="723.593">
    <failure message="Timed out after 600 seconds waiting for presence of element located by: By.xpath: //tbody/tr[last()]/td[5]/b
Build info: version: &apos;2.53.1&apos;, revision: &apos;a36b8b1cd5757287168e54b817830adce9b0158d&apos;, time: &apos;2016-06-30 19:26:09&apos;
System info: host: &apos;SEZ-10&apos;, ip: &apos;10.191.90.120&apos;, os.name: &apos;Windows 10&apos;, os.arch: &apos;amd64&apos;, os.version: &apos;10.0&apos;, java.version: &apos;1.8.0_151&apos;
Driver info: org.openqa.selenium.chrome.ChromeDriver
Capabilities [{applicationCacheEnabled=false, rotatable=false, mobileEmulationEnabled=false, networkConnectionEnabled=false, chrome={chromedriverVersion=2.37.543627 (63642262d9fb93fb4ab52398be4286d844092a5e), userDataDir=C:\Users\GAURAV~1.SHA\AppData\Local\Temp\scoped_dir28076_7072}, takesHeapSnapshot=true, pageLoadStrategy=normal, databaseEnabled=false, handlesAlerts=true, hasTouchScreen=false, version=65.0.3325.181, platform=XP, browserConnectionEnabled=false, nativeEvents=true, acceptSslCerts=false, acceptInsecureCerts=false, locationContextEnabled=true, webStorageEnabled=true, browserName=chrome, takesScreenshot=true, javascriptEnabled=true, cssSelectorsEnabled=true, setWindowRect=true, unexpectedAlertBehaviour=}]
Session ID: 860ebd838c588c90195da5c6dcaba733" type="org.openqa.selenium.TimeoutException">org.openqa.selenium.TimeoutException: Timed out after 600 seconds waiting for presence of element located by: By.xpath: //tbody/tr[last()]/td[5]/b
Build info: version: &apos;2.53.1&apos;, revision: &apos;a36b8b1cd5757287168e54b817830adce9b0158d&apos;, time: &apos;2016-06-30 19:26:09&apos;
System info: host: &apos;SEZ-10&apos;, ip: &apos;10.191.90.120&apos;, os.name: &apos;Windows 10&apos;, os.arch: &apos;amd64&apos;, os.version: &apos;10.0&apos;, java.version: &apos;1.8.0_151&apos;
Driver info: org.openqa.selenium.chrome.ChromeDriver
Capabilities [{applicationCacheEnabled=false, rotatable=false, mobileEmulationEnabled=false, networkConnectionEnabled=false, chrome={chromedriverVersion=2.37.543627 (63642262d9fb93fb4ab52398be4286d844092a5e), userDataDir=C:\Users\GAURAV~1.SHA\AppData\Local\Temp\scoped_dir28076_7072}, takesHeapSnapshot=true, pageLoadStrategy=normal, databaseEnabled=false, handlesAlerts=true, hasTouchScreen=false, version=65.0.3325.181, platform=XP, browserConnectionEnabled=false, nativeEvents=true, acceptSslCerts=false, acceptInsecureCerts=false, locationContextEnabled=true, webStorageEnabled=true, browserName=chrome, takesScreenshot=true, javascriptEnabled=true, cssSelectorsEnabled=true, setWindowRect=true, unexpectedAlertBehaviour=}]
Session ID: 860ebd838c588c90195da5c6dcaba733
	at org.openqa.selenium.support.ui.WebDriverWait.timeoutException(WebDriverWait.java:80)
	at org.openqa.selenium.support.ui.FluentWait.until(FluentWait.java:261)
	at com.unityworks.testcases.ReportTest.epsilon_HondaSPS(ReportTest.java:706)
Caused by: org.openqa.selenium.NoSuchElementException: no such element: Unable to locate element: {&quot;method&quot;:&quot;xpath&quot;,&quot;selector&quot;:&quot;//tbody/tr[last()]/td[5]/b&quot;}
  (Session info: chrome=65.0.3325.181)
  (Driver info: chromedriver=2.37.543627 (63642262d9fb93fb4ab52398be4286d844092a5e),platform=Windows NT 10.0.15063 x86_64) (WARNING: The server did not provide any stacktrace information)
Command duration or timeout: 30.05 seconds
For documentation on this error, please visit: http://seleniumhq.org/exceptions/no_such_element.html
Build info: version: &apos;2.53.1&apos;, revision: &apos;a36b8b1cd5757287168e54b817830adce9b0158d&apos;, time: &apos;2016-06-30 19:26:09&apos;
System info: host: &apos;SEZ-10&apos;, ip: &apos;10.191.90.120&apos;, os.name: &apos;Windows 10&apos;, os.arch: &apos;amd64&apos;, os.version: &apos;10.0&apos;, java.version: &apos;1.8.0_151&apos;
Driver info: org.openqa.selenium.chrome.ChromeDriver
Capabilities [{applicationCacheEnabled=false, rotatable=false, mobileEmulationEnabled=false, networkConnectionEnabled=false, chrome={chromedriverVersion=2.37.543627 (63642262d9fb93fb4ab52398be4286d844092a5e), userDataDir=C:\Users\GAURAV~1.SHA\AppData\Local\Temp\scoped_dir28076_7072}, takesHeapSnapshot=true, pageLoadStrategy=normal, databaseEnabled=false, handlesAlerts=true, hasTouchScreen=false, version=65.0.3325.181, platform=XP, browserConnectionEnabled=false, nativeEvents=true, acceptSslCerts=false, acceptInsecureCerts=false, locationContextEnabled=true, webStorageEnabled=true, browserName=chrome, takesScreenshot=true, javascriptEnabled=true, cssSelectorsEnabled=true, setWindowRect=true, unexpectedAlertBehaviour=}]
Session ID: 860ebd838c588c90195da5c6dcaba733
*** Element info: {Using=xpath, value=//tbody/tr[last()]/td[5]/b}
	at sun.reflect.GeneratedConstructorAccessor38.newInstance(Unknown Source)
	at sun.reflect.DelegatingConstructorAccessorImpl.newInstance(DelegatingConstructorAccessorImpl.java:45)
	at java.lang.reflect.Constructor.newInstance(Constructor.java:423)
	at org.openqa.selenium.remote.ErrorHandler.createThrowable(ErrorHandler.java:206)
	at org.openqa.selenium.remote.ErrorHandler.throwIfResponseFailed(ErrorHandler.java:158)
	at org.openqa.selenium.remote.RemoteWebDriver.execute(RemoteWebDriver.java:678)
	at org.openqa.selenium.remote.RemoteWebDriver.findElement(RemoteWebDriver.java:363)
	at org.openqa.selenium.remote.RemoteWebDriver.findElementByXPath(RemoteWebDriver.java:500)
	at org.openqa.selenium.By$ByXPath.findElement(By.java:361)
	at org.openqa.selenium.remote.RemoteWebDriver.findElement(RemoteWebDriver.java:355)
	at org.openqa.selenium.support.ui.ExpectedConditions.findElement(ExpectedConditions.java:899)
	at org.openqa.selenium.support.ui.ExpectedConditions.access$000(ExpectedConditions.java:41)
	at org.openqa.selenium.support.ui.ExpectedConditions$6.apply(ExpectedConditions.java:181)
	at org.openqa.selenium.support.ui.ExpectedConditions$6.apply(ExpectedConditions.java:178)
	at org.openqa.selenium.support.ui.FluentWait.until(FluentWait.java:238)
	... 35 more
</failure>
  </testcase>
  <testcase classname="com.unityworks.testcases.ReportTest" name="epsilon_HyundaiEM" time="176.934"/>
  <testcase classname="com.unityworks.testcases.ReportTest" name="epsilon_InterceptLMA" time="75.571"/>
</testsuite>