<?xml version="1.0" encoding="UTF-8"?>
<testsuite xmlns:xsi="http://www.w3.org/2001/XMLSchema-instance" xsi:schemaLocation="https://maven.apache.org/surefire/maven-surefire-plugin/xsd/surefire-test-report.xsd" name="TestSuite" time="38.121" tests="62" errors="0" skipped="61" failures="0">
  <properties>
[...]
</properties>
  <testcase name="doubleclickreportTest" classname="com.unityworks.testcases.AffinitiveTest" time="0">
    <skipped message="Skipping this exception"/>
    <system-err><![CDATA[SLF4J: Failed to load class "org.slf4j.impl.StaticLoggerBinder".
SLF4J: Defaulting to no-operation (NOP) logger implementation
SLF4J: See http://www.slf4j.org/codes.html#StaticLoggerBinder for further details.
Starting ChromeDriver 2.37.543627 (63642262d9fb93fb4ab52398be4286d844092a5e) on port 7595
Only local connections are allowed.
log4j:WARN No appenders could be found for logger (devpinoyLogger).
log4j:WARN Please initialize the log4j system properly.
log4j:WARN See http://logging.apache.org/log4j/1.2/faq.html#noconfig for more info.
]]></system-err>
  </testcase>
  <testcase name="doubleclickreportTest" classname="com.unityworks.testcases.AffinitiveTest" time="0">
    <skipped message="Skipping this exception"/>
  </testcase>
  <testcase name="verifyPageViewandReportTitle" classname="com.unityworks.testcases.AffinitiveTest" time="33.405"/>
  <testcase name="verifyPageViewandReportTitle" classname="com.unityworks.testcases.AffinitiveTest" time="0">
    <skipped message="Skipping this exception"/>
  </testcase>
  <testcase name="verifyPageViewandReportTitle" classname="com.unityworks.testcases.AffinitiveTest" time="0">
    <skipped message="Skipping this exception"/>
  </testcase>
  <testcase name="verifyPageViewandReportTitle" classname="com.unityworks.testcases.AffinitiveTest" time="0">
    <skipped message="Skipping this exception"/>
  </testcase>
  <testcase name="verifyPageViewandReportTitle" classname="com.unityworks.testcases.AffinitiveTest" time="0">
    <skipped message="Skipping this exception"/>
  </testcase>
  <testcase name="verifyPageViewandReportTitle" classname="com.unityworks.testcases.AffinitiveTest" time="0">
    <skipped message="Skipping this exception"/>
  </testcase>
  <testcase name="verifyPageViewandReportTitle" classname="com.unityworks.testcases.AffinitiveTest" time="0">
    <skipped message="Skipping this exception"/>
  </testcase>
  <testcase name="verifyPageViewandReportTitle" classname="com.unityworks.testcases.AffinitiveTest" time="0">
    <skipped message="Skipping this exception"/>
  </testcase>
  <testcase name="verifyPageViewandReportTitle" classname="com.unityworks.testcases.AffinitiveTest" time="0">
    <skipped message="Skipping this exception"/>
  </testcase>
  <testcase name="verifyPageViewandReportTitle" classname="com.unityworks.testcases.AffinitiveTest" time="0">
    <skipped message="Skipping this exception"/>
  </testcase>
  <testcase name="verifyPageViewandReportTitle" classname="com.unityworks.testcases.AffinitiveTest" time="0">
    <skipped message="Skipping this exception"/>
  </testcase>
  <testcase name="verifyPageViewandReportTitle" classname="com.unityworks.testcases.AffinitiveTest" time="0">
    <skipped message="Skipping this exception"/>
  </testcase>
  <testcase name="verifyPageViewandReportTitle" classname="com.unityworks.testcases.AffinitiveTest" time="0">
    <skipped message="Skipping this exception"/>
  </testcase>
  <testcase name="verifyPageViewandReportTitle" classname="com.unityworks.testcases.AffinitiveTest" time="0">
    <skipped message="Skipping this exception"/>
  </testcase>
  <testcase name="verifyPageViewandReportTitle" classname="com.unityworks.testcases.AffinitiveTest" time="0">
    <skipped message="Skipping this exception"/>
  </testcase>
  <testcase name="verifyPageViewandReportTitle" classname="com.unityworks.testcases.AffinitiveTest" time="0">
    <skipped message="Skipping this exception"/>
  </testcase>
  <testcase name="verifyPageViewandReportTitle" classname="com.unityworks.testcases.AffinitiveTest" time="0">
    <skipped message="Skipping this exception"/>
  </testcase>
  <testcase name="verifyPageViewandReportTitle" classname="com.unityworks.testcases.AffinitiveTest" time="0">
    <skipped message="Skipping this exception"/>
  </testcase>
  <testcase name="verifyPageViewandReportTitle" classname="com.unityworks.testcases.AffinitiveTest" time="0">
    <skipped message="Skipping this exception"/>
  </testcase>
  <testcase name="verifyPageViewandReportTitle" classname="com.unityworks.testcases.AffinitiveTest" time="0">
    <skipped message="Skipping this exception"/>
  </testcase>
  <testcase name="verifyPageViewandReportTitle" classname="com.unityworks.testcases.AffinitiveTest" time="0">
    <skipped message="Skipping this exception"/>
  </testcase>
  <testcase name="verifyPageViewandReportTitle" classname="com.unityworks.testcases.AffinitiveTest" time="0">
    <skipped message="Skipping this exception"/>
  </testcase>
  <testcase name="verifyPageViewandReportTitle" classname="com.unityworks.testcases.AffinitiveTest" time="0">
    <skipped message="Skipping this exception"/>
  </testcase>
  <testcase name="verifyPageViewandReportTitle" classname="com.unityworks.testcases.AffinitiveTest" time="0">
    <skipped message="Skipping this exception"/>
  </testcase>
  <testcase name="verifyPageViewandReportTitle" classname="com.unityworks.testcases.AffinitiveTest" time="0">
    <skipped message="Skipping this exception"/>
  </testcase>
  <testcase name="verifyPageViewandReportTitle" classname="com.unityworks.testcases.AffinitiveTest" time="0">
    <skipped message="Skipping this exception"/>
  </testcase>
  <testcase name="verifyPageViewandReportTitle" classname="com.unityworks.testcases.AffinitiveTest" time="0">
    <skipped message="Skipping this exception"/>
  </testcase>
  <testcase name="verifyPageViewandReportTitle" classname="com.unityworks.testcases.AffinitiveTest" time="0">
    <skipped message="Skipping this exception"/>
  </testcase>
  <testcase name="verifyPageViewandReportTitle" classname="com.unityworks.testcases.AffinitiveTest" time="0">
    <skipped message="Skipping this exception"/>
  </testcase>
  <testcase name="verifyPageViewandReportTitle" classname="com.unityworks.testcases.AffinitiveTest" time="0">
    <skipped message="Skipping this exception"/>
  </testcase>
  <testcase name="verifyPageViewandReportTitle" classname="com.unityworks.testcases.AffinitiveTest" time="0">
    <skipped message="Skipping this exception"/>
  </testcase>
  <testcase name="verifyPageViewandReportTitle" classname="com.unityworks.testcases.AffinitiveTest" time="0">
    <skipped message="Skipping this exception"/>
  </testcase>
  <testcase name="verifyPageViewandReportTitle" classname="com.unityworks.testcases.AffinitiveTest" time="0">
    <skipped message="Skipping this exception"/>
  </testcase>
  <testcase name="verifyPageViewandReportTitle" classname="com.unityworks.testcases.AffinitiveTest" time="0">
    <skipped message="Skipping this exception"/>
  </testcase>
  <testcase name="verifyPageViewandReportTitle" classname="com.unityworks.testcases.AffinitiveTest" time="0">
    <skipped message="Skipping this exception"/>
  </testcase>
  <testcase name="verifyPageViewandReportTitle" classname="com.unityworks.testcases.AffinitiveTest" time="0">
    <skipped message="Skipping this exception"/>
  </testcase>
  <testcase name="verifyPageViewandReportTitle" classname="com.unityworks.testcases.AffinitiveTest" time="0">
    <skipped message="Skipping this exception"/>
  </testcase>
  <testcase name="verifyPageViewandReportTitle" classname="com.unityworks.testcases.AffinitiveTest" time="0">
    <skipped message="Skipping this exception"/>
  </testcase>
  <testcase name="verifyPageViewandReportTitle" classname="com.unityworks.testcases.AffinitiveTest" time="0">
    <skipped message="Skipping this exception"/>
  </testcase>
  <testcase name="verifyPageViewandReportTitle" classname="com.unityworks.testcases.AffinitiveTest" time="0">
    <skipped message="Skipping this exception"/>
  </testcase>
  <testcase name="verifyPageViewandReportTitle" classname="com.unityworks.testcases.AffinitiveTest" time="0">
    <skipped message="Skipping this exception"/>
  </testcase>
  <testcase name="verifyPageViewandReportTitle" classname="com.unityworks.testcases.AffinitiveTest" time="0">
    <skipped message="Skipping this exception"/>
  </testcase>
  <testcase name="verifyPageViewandReportTitle" classname="com.unityworks.testcases.AffinitiveTest" time="0">
    <skipped message="Skipping this exception"/>
  </testcase>
  <testcase name="verifyPageViewandReportTitle" classname="com.unityworks.testcases.AffinitiveTest" time="0">
    <skipped message="Skipping this exception"/>
  </testcase>
  <testcase name="verifyPageViewandReportTitle" classname="com.unityworks.testcases.AffinitiveTest" time="0">
    <skipped message="Skipping this exception"/>
  </testcase>
  <testcase name="verifyPageViewandReportTitle" classname="com.unityworks.testcases.AffinitiveTest" time="0">
    <skipped message="Skipping this exception"/>
  </testcase>
  <testcase name="verifyPageViewandReportTitle" classname="com.unityworks.testcases.AffinitiveTest" time="0">
    <skipped message="Skipping this exception"/>
  </testcase>
  <testcase name="verifyPageViewandReportTitle" classname="com.unityworks.testcases.AffinitiveTest" time="0">
    <skipped message="Skipping this exception"/>
  </testcase>
  <testcase name="verifyPageViewandReportTitle" classname="com.unityworks.testcases.AffinitiveTest" time="0">
    <skipped message="Skipping this exception"/>
  </testcase>
  <testcase name="verifyPageViewandReportTitle" classname="com.unityworks.testcases.AffinitiveTest" time="0">
    <skipped message="Skipping this exception"/>
  </testcase>
  <testcase name="verifyPageViewandReportTitle" classname="com.unityworks.testcases.AffinitiveTest" time="0">
    <skipped message="Skipping this exception"/>
  </testcase>
  <testcase name="verifyPageViewandReportTitle" classname="com.unityworks.testcases.AffinitiveTest" time="0">
    <skipped message="Skipping this exception"/>
  </testcase>
  <testcase name="verifyPageViewandReportTitle" classname="com.unityworks.testcases.AffinitiveTest" time="0">
    <skipped message="Skipping this exception"/>
  </testcase>
  <testcase name="verifyPageViewandReportTitle" classname="com.unityworks.testcases.AffinitiveTest" time="0">
    <skipped message="Skipping this exception"/>
  </testcase>
  <testcase name="verifyPageViewandReportTitle" classname="com.unityworks.testcases.AffinitiveTest" time="0">
    <skipped message="Skipping this exception"/>
  </testcase>
  <testcase name="verifyPageViewandReportTitle" classname="com.unityworks.testcases.AffinitiveTest" time="0">
    <skipped message="Skipping this exception"/>
  </testcase>
  <testcase name="verifyPageViewandReportTitle" classname="com.unityworks.testcases.AffinitiveTest" time="0">
    <skipped message="Skipping this exception"/>
  </testcase>
  <testcase name="verifyPageViewandReportTitle" classname="com.unityworks.testcases.AffinitiveTest" time="0">
    <skipped message="Skipping this exception"/>
  </testcase>
  <testcase name="verifyPageViewandReportTitle" classname="com.unityworks.testcases.AffinitiveTest" time="0">
    <skipped message="Skipping this exception"/>
  </testcase>
  <testcase name="verifyPageViewandReportTitle" classname="com.unityworks.testcases.AffinitiveTest" time="0">
    <skipped message="Skipping this exception"/>
  </testcase>
</testsuite>