<?xml version="1.0" encoding="UTF-8"?>
<testng-results skipped="57" failed="0" ignored="4" total="67" passed="6">
  <reporter-output>
  </reporter-output>
  <suite name="UnityworksReportTest" duration-ms="183912" started-at="2018-04-21T11:01:12Z" finished-at="2018-04-21T11:04:16Z">
    <groups>
    </groups>
    <test name="Unityworks" duration-ms="183912" started-at="2018-04-21T11:01:12Z" finished-at="2018-04-21T11:04:16Z">
      <class name="com.unityworks.testcases.AffinitiveTest">
        <test-method status="PASS" signature="initialize()[pri:0, instance:com.unityworks.testcases.AffinitiveTest@157853da]" name="initialize" is-config="true" duration-ms="3534" started-at="2018-04-21T11:01:08Z" finished-at="2018-04-21T11:01:12Z">
          <reporter-output>
          </reporter-output>
        </test-method> <!-- initialize -->
        <test-method status="PASS" signature="setExtent()[pri:0, instance:com.unityworks.testcases.AffinitiveTest@157853da]" name="setExtent" is-config="true" duration-ms="61" started-at="2018-04-21T11:01:12Z" finished-at="2018-04-21T11:01:12Z">
          <reporter-output>
          </reporter-output>
        </test-method> <!-- setExtent -->
        <test-method status="PASS" signature="setup()[pri:0, instance:com.unityworks.testcases.CampaignTest@71c3b41]" name="setup" is-config="true" duration-ms="16" started-at="2018-04-21T11:01:12Z" depends-on-methods="com.unityworks.core.CoreClass.setExtent" finished-at="2018-04-21T11:01:12Z">
          <reporter-output>
          </reporter-output>
        </test-method> <!-- setup -->
        <test-method status="PASS" signature="setup()[pri:0, instance:com.unityworks.testcases.AffinitiveTest@157853da]" name="setup" is-config="true" duration-ms="1" started-at="2018-04-21T11:01:12Z" depends-on-methods="com.unityworks.testcases.CampaignTest.setup, com.unityworks.core.CoreClass.setExtent" finished-at="2018-04-21T11:01:12Z">
          <reporter-output>
          </reporter-output>
        </test-method> <!-- setup -->
        <test-method status="PASS" signature="doubleclickreportTest(java.lang.String, java.lang.String, java.lang.String, java.lang.String, java.lang.String, java.lang.String, java.lang.String, java.lang.String, java.lang.String, java.lang.String, java.lang.String, java.lang.String, java.lang.String, java.lang.String, java.lang.String, java.lang.String, java.lang.String)[pri:0, instance:com.unityworks.testcases.AffinitiveTest@157853da]" name="doubleclickreportTest" duration-ms="36556" started-at="2018-04-21T11:01:12Z" data-provider="DoubleClickReportGetData" finished-at="2018-04-21T11:01:48Z">
          <params>
            <param index="0">
              <value>
                <![CDATA[12/01/2017]]>
              </value>
            </param>
            <param index="1">
              <value>
                <![CDATA[03/01/2018]]>
              </value>
            </param>
            <param index="2">
              <value>
                <![CDATA[FCA Canada DoubleClick]]>
              </value>
            </param>
            <param index="3">
              <value>
                <![CDATA[FCA Canada DoubleClick]]>
              </value>
            </param>
            <param index="4">
              <value>
                <![CDATA[Custom Select]]>
              </value>
            </param>
            <param index="5">
              <value>
                <![CDATA[Canda]]>
              </value>
            </param>
            <param index="6">
              <value>
                <![CDATA[Cherokee]]>
              </value>
            </param>
            <param index="7">
              <value>
                <![CDATA[Canda-RamCherokee]]>
              </value>
            </param>
            <param index="8">
              <value>
                <![CDATA[No]]>
              </value>
            </param>
            <param index="9">
              <value>
                <![CDATA[No]]>
              </value>
            </param>
            <param index="10">
              <value>
                <![CDATA[No]]>
              </value>
            </param>
            <param index="11">
              <value>
                <![CDATA[Report]]>
              </value>
            </param>
            <param index="12">
              <value>
                <![CDATA[//span[text()='FCA Canada DoubleClick Report']]]>
              </value>
            </param>
            <param index="13">
              <value>
                <![CDATA[//*[@id="weekly_report_data_table"]/tfoot/tr/td[7]]]>
              </value>
            </param>
            <param index="14">
              <value>
                <![CDATA[FCA Canada DoubleClick Report]]>
              </value>
            </param>
            <param index="15">
              <value>
                <![CDATA[9,109,738]]>
              </value>
            </param>
            <param index="16">
              <value>
                <![CDATA[Yes]]>
              </value>
            </param>
          </params>
          <reporter-output>
          </reporter-output>
        </test-method> <!-- doubleclickreportTest -->
        <test-method status="PASS" signature="tearDown(org.testng.ITestResult)[pri:0, instance:com.unityworks.testcases.AffinitiveTest@157853da]" name="tearDown" is-config="true" duration-ms="2" started-at="2018-04-21T11:01:48Z" finished-at="2018-04-21T11:01:48Z">
          <params>
            <param index="0">
              <value>
                <![CDATA[[TestResult name=doubleclickreportTest status=SUCCESS method=AffinitiveTest.doubleclickreportTest(java.lang.String, java.lang.String, java.lang.String, java.lang.String, java.lang.String, java.lang.String, java.lang.String, java.lang.String, java.lang.String, java.lang.String, java.lang.String, java.lang.String, java.lang.String, java.lang.String, java.lang.String, java.lang.String, java.lang.String)[pri:0, instance:com.unityworks.testcases.AffinitiveTest@157853da] output={null}]]]>
              </value>
            </param>
          </params>
          <reporter-output>
          </reporter-output>
        </test-method> <!-- tearDown -->
        <test-method status="PASS" signature="doubleclickreportTest(java.lang.String, java.lang.String, java.lang.String, java.lang.String, java.lang.String, java.lang.String, java.lang.String, java.lang.String, java.lang.String, java.lang.String, java.lang.String, java.lang.String, java.lang.String, java.lang.String, java.lang.String, java.lang.String, java.lang.String)[pri:0, instance:com.unityworks.testcases.AffinitiveTest@157853da]" name="doubleclickreportTest" duration-ms="27372" started-at="2018-04-21T11:01:48Z" data-provider="DoubleClickReportGetData" finished-at="2018-04-21T11:02:16Z">
          <params>
            <param index="0">
              <value>
                <![CDATA[12/01/2017]]>
              </value>
            </param>
            <param index="1">
              <value>
                <![CDATA[03/01/2018]]>
              </value>
            </param>
            <param index="2">
              <value>
                <![CDATA[FCA Canada DoubleClick]]>
              </value>
            </param>
            <param index="3">
              <value>
                <![CDATA[FCA Canada DoubleClick]]>
              </value>
            </param>
            <param index="4">
              <value>
                <![CDATA[Custom Select]]>
              </value>
            </param>
            <param index="5">
              <value>
                <![CDATA[Canda]]>
              </value>
            </param>
            <param index="6">
              <value>
                <![CDATA[Cherokee]]>
              </value>
            </param>
            <param index="7">
              <value>
                <![CDATA[Canda-RamCherokee]]>
              </value>
            </param>
            <param index="8">
              <value>
                <![CDATA[No]]>
              </value>
            </param>
            <param index="9">
              <value>
                <![CDATA[No]]>
              </value>
            </param>
            <param index="10">
              <value>
                <![CDATA[No]]>
              </value>
            </param>
            <param index="11">
              <value>
                <![CDATA[Management Fees]]>
              </value>
            </param>
            <param index="12">
              <value>
                <![CDATA[//span[text()='Management Fee Table']]]>
              </value>
            </param>
            <param index="13">
              <value>
                <![CDATA[ //*[@id="mgt_fees_data_table"]/tbody/tr[last()]/td]]>
              </value>
            </param>
            <param index="14">
              <value>
                <![CDATA[Management Fee Table]]>
              </value>
            </param>
            <param index="15">
              <value>
                <![CDATA[]]>
              </value>
            </param>
            <param index="16">
              <value>
                <![CDATA[Yes]]>
              </value>
            </param>
          </params>
          <reporter-output>
          </reporter-output>
        </test-method> <!-- doubleclickreportTest -->
        <test-method status="PASS" signature="tearDown(org.testng.ITestResult)[pri:0, instance:com.unityworks.testcases.AffinitiveTest@157853da]" name="tearDown" is-config="true" duration-ms="0" started-at="2018-04-21T11:02:16Z" finished-at="2018-04-21T11:02:16Z">
          <params>
            <param index="0">
              <value>
                <![CDATA[[TestResult name=doubleclickreportTest status=SUCCESS method=AffinitiveTest.doubleclickreportTest(java.lang.String, java.lang.String, java.lang.String, java.lang.String, java.lang.String, java.lang.String, java.lang.String, java.lang.String, java.lang.String, java.lang.String, java.lang.String, java.lang.String, java.lang.String, java.lang.String, java.lang.String, java.lang.String, java.lang.String)[pri:0, instance:com.unityworks.testcases.AffinitiveTest@157853da] output={null}]]]>
              </value>
            </param>
          </params>
          <reporter-output>
          </reporter-output>
        </test-method> <!-- tearDown -->
        <test-method status="PASS" signature="verifyPageViewandReportTitle(java.lang.String, java.lang.String, java.lang.String, java.lang.String, java.lang.String, java.lang.String, java.lang.String, java.lang.String, java.lang.String)[pri:0, instance:com.unityworks.testcases.AffinitiveTest@157853da]" name="verifyPageViewandReportTitle" duration-ms="27067" started-at="2018-04-21T11:02:16Z" data-provider="NewReportGetData" finished-at="2018-04-21T11:02:43Z">
          <params>
            <param index="0">
              <value>
                <![CDATA[03/01/2018]]>
              </value>
            </param>
            <param index="1">
              <value>
                <![CDATA[03/10/2018]]>
              </value>
            </param>
            <param index="2">
              <value>
                <![CDATA[Epsilon]]>
              </value>
            </param>
            <param index="3">
              <value>
                <![CDATA[BMW Airbag Recall]]>
              </value>
            </param>
            <param index="4">
              <value>
                <![CDATA[//span[text()='BMW Airbag Recall']]]>
              </value>
            </param>
            <param index="5">
              <value>
                <![CDATA[//*[@id='first_report']/tbody/tr[last()]/td[5]/b]]>
              </value>
            </param>
            <param index="6">
              <value>
                <![CDATA[BMW Airbag Recall]]>
              </value>
            </param>
            <param index="7">
              <value>
                <![CDATA[398]]>
              </value>
            </param>
            <param index="8">
              <value>
                <![CDATA[Yes]]>
              </value>
            </param>
          </params>
          <reporter-output>
          </reporter-output>
        </test-method> <!-- verifyPageViewandReportTitle -->
        <test-method status="SKIP" signature="verifyPageViewandReportTitle(java.lang.String, java.lang.String, java.lang.String, java.lang.String, java.lang.String, java.lang.String, java.lang.String, java.lang.String, java.lang.String)[pri:0, instance:com.unityworks.testcases.AffinitiveTest@157853da]" name="verifyPageViewandReportTitle" duration-ms="1" started-at="2018-04-21T11:02:43Z" data-provider="NewReportGetData" finished-at="2018-04-21T11:02:43Z">
          <params>
            <param index="0">
              <value>
                <![CDATA[03/01/2018]]>
              </value>
            </param>
            <param index="1">
              <value>
                <![CDATA[03/10/2018]]>
              </value>
            </param>
            <param index="2">
              <value>
                <![CDATA[Epsilon]]>
              </value>
            </param>
            <param index="3">
              <value>
                <![CDATA[BMW T2]]>
              </value>
            </param>
            <param index="4">
              <value>
                <![CDATA[//span[text()='Epsilon BMW T2']]]>
              </value>
            </param>
            <param index="5">
              <value>
                <![CDATA[//*[@id='first_report']/tbody/tr[last()]/td[5]/b]]>
              </value>
            </param>
            <param index="6">
              <value>
                <![CDATA[Epsilon BMW T2]]>
              </value>
            </param>
            <param index="7">
              <value>
                <![CDATA[]]>
              </value>
            </param>
            <param index="8">
              <value>
                <![CDATA[No]]>
              </value>
            </param>
          </params>
          <exception class="org.testng.SkipException">
            <message>
              <![CDATA[Skipping this exception]]>
            </message>
            <full-stacktrace>
              <![CDATA[org.testng.SkipException: Skipping this exception
at com.unityworks.testcases.AffinitiveTest.verifyPageViewandReportTitle(AffinitiveTest.java:148)
at sun.reflect.NativeMethodAccessorImpl.invoke0(Native Method)
at sun.reflect.NativeMethodAccessorImpl.invoke(NativeMethodAccessorImpl.java:62)
at sun.reflect.DelegatingMethodAccessorImpl.invoke(DelegatingMethodAccessorImpl.java:43)
at java.lang.reflect.Method.invoke(Method.java:498)
at org.testng.internal.MethodInvocationHelper.invokeMethod(MethodInvocationHelper.java:124)
at org.testng.internal.Invoker.invokeMethod(Invoker.java:580)
at org.testng.internal.Invoker.invokeTestMethod(Invoker.java:716)
at org.testng.internal.Invoker.invokeTestMethods(Invoker.java:988)
at org.testng.internal.TestMethodWorker.invokeTestMethods(TestMethodWorker.java:125)
at org.testng.internal.TestMethodWorker.run(TestMethodWorker.java:109)
at org.testng.TestRunner.privateRun(TestRunner.java:648)
at org.testng.TestRunner.run(TestRunner.java:505)
at org.testng.SuiteRunner.runTest(SuiteRunner.java:455)
at org.testng.SuiteRunner.runSequentially(SuiteRunner.java:450)
at org.testng.SuiteRunner.privateRun(SuiteRunner.java:415)
at org.testng.SuiteRunner.run(SuiteRunner.java:364)
at org.testng.SuiteRunnerWorker.runSuite(SuiteRunnerWorker.java:52)
at org.testng.SuiteRunnerWorker.run(SuiteRunnerWorker.java:84)
at org.testng.TestNG.runSuitesSequentially(TestNG.java:1208)
at org.testng.TestNG.runSuitesLocally(TestNG.java:1137)
at org.testng.TestNG.runSuites(TestNG.java:1049)
at org.testng.TestNG.run(TestNG.java:1017)
at org.apache.maven.surefire.testng.TestNGExecutor.run(TestNGExecutor.java:281)
at org.apache.maven.surefire.testng.TestNGXmlTestSuite.execute(TestNGXmlTestSuite.java:75)
at org.apache.maven.surefire.testng.TestNGProvider.invoke(TestNGProvider.java:121)
at org.apache.maven.surefire.booter.ForkedBooter.invokeProviderInSameClassLoader(ForkedBooter.java:290)
at org.apache.maven.surefire.booter.ForkedBooter.runSuitesInProcess(ForkedBooter.java:242)
at org.apache.maven.surefire.booter.ForkedBooter.main(ForkedBooter.java:121)
]]>
            </full-stacktrace>
          </exception> <!-- org.testng.SkipException -->
          <reporter-output>
          </reporter-output>
        </test-method> <!-- verifyPageViewandReportTitle -->
        <test-method status="SKIP" signature="verifyPageViewandReportTitle(java.lang.String, java.lang.String, java.lang.String, java.lang.String, java.lang.String, java.lang.String, java.lang.String, java.lang.String, java.lang.String)[pri:0, instance:com.unityworks.testcases.AffinitiveTest@157853da]" name="verifyPageViewandReportTitle" duration-ms="0" started-at="2018-04-21T11:02:43Z" data-provider="NewReportGetData" finished-at="2018-04-21T11:02:43Z">
          <params>
            <param index="0">
              <value>
                <![CDATA[03/01/2018]]>
              </value>
            </param>
            <param index="1">
              <value>
                <![CDATA[03/10/2018]]>
              </value>
            </param>
            <param index="2">
              <value>
                <![CDATA[Epsilon]]>
              </value>
            </param>
            <param index="3">
              <value>
                <![CDATA[2014 Sales Touches Round 1]]>
              </value>
            </param>
            <param index="4">
              <value>
                <![CDATA[//span[text()='Epsilon Sales Touch']]]>
              </value>
            </param>
            <param index="5">
              <value>
                <![CDATA[//*[@id='first_report']/tbody/tr[last()]/td[5]/b]]>
              </value>
            </param>
            <param index="6">
              <value>
                <![CDATA[Epsilon Sales Touch]]>
              </value>
            </param>
            <param index="7">
              <value>
                <![CDATA[95]]>
              </value>
            </param>
            <param index="8">
              <value>
                <![CDATA[No]]>
              </value>
            </param>
          </params>
          <exception class="org.testng.SkipException">
            <message>
              <![CDATA[Skipping this exception]]>
            </message>
            <full-stacktrace>
              <![CDATA[org.testng.SkipException: Skipping this exception
at com.unityworks.testcases.AffinitiveTest.verifyPageViewandReportTitle(AffinitiveTest.java:148)
at sun.reflect.NativeMethodAccessorImpl.invoke0(Native Method)
at sun.reflect.NativeMethodAccessorImpl.invoke(NativeMethodAccessorImpl.java:62)
at sun.reflect.DelegatingMethodAccessorImpl.invoke(DelegatingMethodAccessorImpl.java:43)
at java.lang.reflect.Method.invoke(Method.java:498)
at org.testng.internal.MethodInvocationHelper.invokeMethod(MethodInvocationHelper.java:124)
at org.testng.internal.Invoker.invokeMethod(Invoker.java:580)
at org.testng.internal.Invoker.invokeTestMethod(Invoker.java:716)
at org.testng.internal.Invoker.invokeTestMethods(Invoker.java:988)
at org.testng.internal.TestMethodWorker.invokeTestMethods(TestMethodWorker.java:125)
at org.testng.internal.TestMethodWorker.run(TestMethodWorker.java:109)
at org.testng.TestRunner.privateRun(TestRunner.java:648)
at org.testng.TestRunner.run(TestRunner.java:505)
at org.testng.SuiteRunner.runTest(SuiteRunner.java:455)
at org.testng.SuiteRunner.runSequentially(SuiteRunner.java:450)
at org.testng.SuiteRunner.privateRun(SuiteRunner.java:415)
at org.testng.SuiteRunner.run(SuiteRunner.java:364)
at org.testng.SuiteRunnerWorker.runSuite(SuiteRunnerWorker.java:52)
at org.testng.SuiteRunnerWorker.run(SuiteRunnerWorker.java:84)
at org.testng.TestNG.runSuitesSequentially(TestNG.java:1208)
at org.testng.TestNG.runSuitesLocally(TestNG.java:1137)
at org.testng.TestNG.runSuites(TestNG.java:1049)
at org.testng.TestNG.run(TestNG.java:1017)
at org.apache.maven.surefire.testng.TestNGExecutor.run(TestNGExecutor.java:281)
at org.apache.maven.surefire.testng.TestNGXmlTestSuite.execute(TestNGXmlTestSuite.java:75)
at org.apache.maven.surefire.testng.TestNGProvider.invoke(TestNGProvider.java:121)
at org.apache.maven.surefire.booter.ForkedBooter.invokeProviderInSameClassLoader(ForkedBooter.java:290)
at org.apache.maven.surefire.booter.ForkedBooter.runSuitesInProcess(ForkedBooter.java:242)
at org.apache.maven.surefire.booter.ForkedBooter.main(ForkedBooter.java:121)
]]>
            </full-stacktrace>
          </exception> <!-- org.testng.SkipException -->
          <reporter-output>
          </reporter-output>
        </test-method> <!-- verifyPageViewandReportTitle -->
        <test-method status="PASS" signature="tearDown(org.testng.ITestResult)[pri:0, instance:com.unityworks.testcases.AffinitiveTest@157853da]" name="tearDown" is-config="true" duration-ms="0" started-at="2018-04-21T11:02:43Z" finished-at="2018-04-21T11:02:43Z">
          <params>
            <param index="0">
              <value>
                <![CDATA[[TestResult name=verifyPageViewandReportTitle status=SKIP method=AffinitiveTest.verifyPageViewandReportTitle(java.lang.String, java.lang.String, java.lang.String, java.lang.String, java.lang.String, java.lang.String, java.lang.String, java.lang.String, java.lang.String)[pri:0, instance:com.unityworks.testcases.AffinitiveTest@157853da] output={null}]]]>
              </value>
            </param>
          </params>
          <reporter-output>
          </reporter-output>
        </test-method> <!-- tearDown -->
        <test-method status="PASS" signature="tearDown(org.testng.ITestResult)[pri:0, instance:com.unityworks.testcases.AffinitiveTest@157853da]" name="tearDown" is-config="true" duration-ms="0" started-at="2018-04-21T11:02:43Z" finished-at="2018-04-21T11:02:43Z">
          <params>
            <param index="0">
              <value>
                <![CDATA[[TestResult name=verifyPageViewandReportTitle status=SUCCESS method=AffinitiveTest.verifyPageViewandReportTitle(java.lang.String, java.lang.String, java.lang.String, java.lang.String, java.lang.String, java.lang.String, java.lang.String, java.lang.String, java.lang.String)[pri:0, instance:com.unityworks.testcases.AffinitiveTest@157853da] output={null}]]]>
              </value>
            </param>
          </params>
          <reporter-output>
          </reporter-output>
        </test-method> <!-- tearDown -->
        <test-method status="SKIP" signature="verifyPageViewandReportTitle(java.lang.String, java.lang.String, java.lang.String, java.lang.String, java.lang.String, java.lang.String, java.lang.String, java.lang.String, java.lang.String)[pri:0, instance:com.unityworks.testcases.AffinitiveTest@157853da]" name="verifyPageViewandReportTitle" duration-ms="0" started-at="2018-04-21T11:02:43Z" data-provider="NewReportGetData" finished-at="2018-04-21T11:02:43Z">
          <params>
            <param index="0">
              <value>
                <![CDATA[03/01/2018]]>
              </value>
            </param>
            <param index="1">
              <value>
                <![CDATA[03/10/2018]]>
              </value>
            </param>
            <param index="2">
              <value>
                <![CDATA[Epsilon]]>
              </value>
            </param>
            <param index="3">
              <value>
                <![CDATA[CSSR - Car Care]]>
              </value>
            </param>
            <param index="4">
              <value>
                <![CDATA[//span[text()='Epsilon Car Care Report']]]>
              </value>
            </param>
            <param index="5">
              <value>
                <![CDATA[//*[@id='first_report']/tbody/tr[last()]/td[5]/b]]>
              </value>
            </param>
            <param index="6">
              <value>
                <![CDATA[Epsilon Car Care Report]]>
              </value>
            </param>
            <param index="7">
              <value>
                <![CDATA[1926]]>
              </value>
            </param>
            <param index="8">
              <value>
                <![CDATA[No]]>
              </value>
            </param>
          </params>
          <exception class="org.testng.SkipException">
            <message>
              <![CDATA[Skipping this exception]]>
            </message>
            <full-stacktrace>
              <![CDATA[org.testng.SkipException: Skipping this exception
at com.unityworks.testcases.AffinitiveTest.verifyPageViewandReportTitle(AffinitiveTest.java:148)
at sun.reflect.NativeMethodAccessorImpl.invoke0(Native Method)
at sun.reflect.NativeMethodAccessorImpl.invoke(NativeMethodAccessorImpl.java:62)
at sun.reflect.DelegatingMethodAccessorImpl.invoke(DelegatingMethodAccessorImpl.java:43)
at java.lang.reflect.Method.invoke(Method.java:498)
at org.testng.internal.MethodInvocationHelper.invokeMethod(MethodInvocationHelper.java:124)
at org.testng.internal.Invoker.invokeMethod(Invoker.java:580)
at org.testng.internal.Invoker.invokeTestMethod(Invoker.java:716)
at org.testng.internal.Invoker.invokeTestMethods(Invoker.java:988)
at org.testng.internal.TestMethodWorker.invokeTestMethods(TestMethodWorker.java:125)
at org.testng.internal.TestMethodWorker.run(TestMethodWorker.java:109)
at org.testng.TestRunner.privateRun(TestRunner.java:648)
at org.testng.TestRunner.run(TestRunner.java:505)
at org.testng.SuiteRunner.runTest(SuiteRunner.java:455)
at org.testng.SuiteRunner.runSequentially(SuiteRunner.java:450)
at org.testng.SuiteRunner.privateRun(SuiteRunner.java:415)
at org.testng.SuiteRunner.run(SuiteRunner.java:364)
at org.testng.SuiteRunnerWorker.runSuite(SuiteRunnerWorker.java:52)
at org.testng.SuiteRunnerWorker.run(SuiteRunnerWorker.java:84)
at org.testng.TestNG.runSuitesSequentially(TestNG.java:1208)
at org.testng.TestNG.runSuitesLocally(TestNG.java:1137)
at org.testng.TestNG.runSuites(TestNG.java:1049)
at org.testng.TestNG.run(TestNG.java:1017)
at org.apache.maven.surefire.testng.TestNGExecutor.run(TestNGExecutor.java:281)
at org.apache.maven.surefire.testng.TestNGXmlTestSuite.execute(TestNGXmlTestSuite.java:75)
at org.apache.maven.surefire.testng.TestNGProvider.invoke(TestNGProvider.java:121)
at org.apache.maven.surefire.booter.ForkedBooter.invokeProviderInSameClassLoader(ForkedBooter.java:290)
at org.apache.maven.surefire.booter.ForkedBooter.runSuitesInProcess(ForkedBooter.java:242)
at org.apache.maven.surefire.booter.ForkedBooter.main(ForkedBooter.java:121)
]]>
            </full-stacktrace>
          </exception> <!-- org.testng.SkipException -->
          <reporter-output>
          </reporter-output>
        </test-method> <!-- verifyPageViewandReportTitle -->
        <test-method status="SKIP" signature="verifyPageViewandReportTitle(java.lang.String, java.lang.String, java.lang.String, java.lang.String, java.lang.String, java.lang.String, java.lang.String, java.lang.String, java.lang.String)[pri:0, instance:com.unityworks.testcases.AffinitiveTest@157853da]" name="verifyPageViewandReportTitle" duration-ms="2" started-at="2018-04-21T11:02:43Z" data-provider="NewReportGetData" finished-at="2018-04-21T11:02:43Z">
          <params>
            <param index="0">
              <value>
                <![CDATA[03/01/2018]]>
              </value>
            </param>
            <param index="1">
              <value>
                <![CDATA[03/10/2018]]>
              </value>
            </param>
            <param index="2">
              <value>
                <![CDATA[Epsilon]]>
              </value>
            </param>
            <param index="3">
              <value>
                <![CDATA[CSSR - EVO]]>
              </value>
            </param>
            <param index="4">
              <value>
                <![CDATA[//span[text()='Epsilon EVO Report']]]>
              </value>
            </param>
            <param index="5">
              <value>
                <![CDATA[//tbody/tr[last()]/td[5]/b]]>
              </value>
            </param>
            <param index="6">
              <value>
                <![CDATA[Epsilon EVO Report]]>
              </value>
            </param>
            <param index="7">
              <value>
                <![CDATA[729]]>
              </value>
            </param>
            <param index="8">
              <value>
                <![CDATA[No]]>
              </value>
            </param>
          </params>
          <exception class="org.testng.SkipException">
            <message>
              <![CDATA[Skipping this exception]]>
            </message>
            <full-stacktrace>
              <![CDATA[org.testng.SkipException: Skipping this exception
at com.unityworks.testcases.AffinitiveTest.verifyPageViewandReportTitle(AffinitiveTest.java:148)
at sun.reflect.NativeMethodAccessorImpl.invoke0(Native Method)
at sun.reflect.NativeMethodAccessorImpl.invoke(NativeMethodAccessorImpl.java:62)
at sun.reflect.DelegatingMethodAccessorImpl.invoke(DelegatingMethodAccessorImpl.java:43)
at java.lang.reflect.Method.invoke(Method.java:498)
at org.testng.internal.MethodInvocationHelper.invokeMethod(MethodInvocationHelper.java:124)
at org.testng.internal.Invoker.invokeMethod(Invoker.java:580)
at org.testng.internal.Invoker.invokeTestMethod(Invoker.java:716)
at org.testng.internal.Invoker.invokeTestMethods(Invoker.java:988)
at org.testng.internal.TestMethodWorker.invokeTestMethods(TestMethodWorker.java:125)
at org.testng.internal.TestMethodWorker.run(TestMethodWorker.java:109)
at org.testng.TestRunner.privateRun(TestRunner.java:648)
at org.testng.TestRunner.run(TestRunner.java:505)
at org.testng.SuiteRunner.runTest(SuiteRunner.java:455)
at org.testng.SuiteRunner.runSequentially(SuiteRunner.java:450)
at org.testng.SuiteRunner.privateRun(SuiteRunner.java:415)
at org.testng.SuiteRunner.run(SuiteRunner.java:364)
at org.testng.SuiteRunnerWorker.runSuite(SuiteRunnerWorker.java:52)
at org.testng.SuiteRunnerWorker.run(SuiteRunnerWorker.java:84)
at org.testng.TestNG.runSuitesSequentially(TestNG.java:1208)
at org.testng.TestNG.runSuitesLocally(TestNG.java:1137)
at org.testng.TestNG.runSuites(TestNG.java:1049)
at org.testng.TestNG.run(TestNG.java:1017)
at org.apache.maven.surefire.testng.TestNGExecutor.run(TestNGExecutor.java:281)
at org.apache.maven.surefire.testng.TestNGXmlTestSuite.execute(TestNGXmlTestSuite.java:75)
at org.apache.maven.surefire.testng.TestNGProvider.invoke(TestNGProvider.java:121)
at org.apache.maven.surefire.booter.ForkedBooter.invokeProviderInSameClassLoader(ForkedBooter.java:290)
at org.apache.maven.surefire.booter.ForkedBooter.runSuitesInProcess(ForkedBooter.java:242)
at org.apache.maven.surefire.booter.ForkedBooter.main(ForkedBooter.java:121)
]]>
            </full-stacktrace>
          </exception> <!-- org.testng.SkipException -->
          <reporter-output>
          </reporter-output>
        </test-method> <!-- verifyPageViewandReportTitle -->
        <test-method status="PASS" signature="tearDown(org.testng.ITestResult)[pri:0, instance:com.unityworks.testcases.AffinitiveTest@157853da]" name="tearDown" is-config="true" duration-ms="0" started-at="2018-04-21T11:02:43Z" finished-at="2018-04-21T11:02:43Z">
          <params>
            <param index="0">
              <value>
                <![CDATA[[TestResult name=verifyPageViewandReportTitle status=SKIP method=AffinitiveTest.verifyPageViewandReportTitle(java.lang.String, java.lang.String, java.lang.String, java.lang.String, java.lang.String, java.lang.String, java.lang.String, java.lang.String, java.lang.String)[pri:0, instance:com.unityworks.testcases.AffinitiveTest@157853da] output={null}]]]>
              </value>
            </param>
          </params>
          <reporter-output>
          </reporter-output>
        </test-method> <!-- tearDown -->
        <test-method status="PASS" signature="tearDown(org.testng.ITestResult)[pri:0, instance:com.unityworks.testcases.AffinitiveTest@157853da]" name="tearDown" is-config="true" duration-ms="0" started-at="2018-04-21T11:02:43Z" finished-at="2018-04-21T11:02:43Z">
          <params>
            <param index="0">
              <value>
                <![CDATA[[TestResult name=verifyPageViewandReportTitle status=SKIP method=AffinitiveTest.verifyPageViewandReportTitle(java.lang.String, java.lang.String, java.lang.String, java.lang.String, java.lang.String, java.lang.String, java.lang.String, java.lang.String, java.lang.String)[pri:0, instance:com.unityworks.testcases.AffinitiveTest@157853da] output={null}]]]>
              </value>
            </param>
          </params>
          <reporter-output>
          </reporter-output>
        </test-method> <!-- tearDown -->
        <test-method status="PASS" signature="tearDown(org.testng.ITestResult)[pri:0, instance:com.unityworks.testcases.AffinitiveTest@157853da]" name="tearDown" is-config="true" duration-ms="0" started-at="2018-04-21T11:02:43Z" finished-at="2018-04-21T11:02:43Z">
          <params>
            <param index="0">
              <value>
                <![CDATA[[TestResult name=verifyPageViewandReportTitle status=SKIP method=AffinitiveTest.verifyPageViewandReportTitle(java.lang.String, java.lang.String, java.lang.String, java.lang.String, java.lang.String, java.lang.String, java.lang.String, java.lang.String, java.lang.String)[pri:0, instance:com.unityworks.testcases.AffinitiveTest@157853da] output={null}]]]>
              </value>
            </param>
          </params>
          <reporter-output>
          </reporter-output>
        </test-method> <!-- tearDown -->
        <test-method status="SKIP" signature="verifyPageViewandReportTitle(java.lang.String, java.lang.String, java.lang.String, java.lang.String, java.lang.String, java.lang.String, java.lang.String, java.lang.String, java.lang.String)[pri:0, instance:com.unityworks.testcases.AffinitiveTest@157853da]" name="verifyPageViewandReportTitle" duration-ms="0" started-at="2018-04-21T11:02:43Z" data-provider="NewReportGetData" finished-at="2018-04-21T11:02:43Z">
          <params>
            <param index="0">
              <value>
                <![CDATA[03/01/2018]]>
              </value>
            </param>
            <param index="1">
              <value>
                <![CDATA[03/10/2018]]>
              </value>
            </param>
            <param index="2">
              <value>
                <![CDATA[Epsilon]]>
              </value>
            </param>
            <param index="3">
              <value>
                <![CDATA[Business Elite]]>
              </value>
            </param>
            <param index="4">
              <value>
                <![CDATA[//span[text()='Epsilon Business Elite Standard, Non-Standard Report']]]>
              </value>
            </param>
            <param index="5">
              <value>
                <![CDATA[//*[@id='first_report']/tbody/tr[last()]/td[3]/b]]>
              </value>
            </param>
            <param index="6">
              <value>
                <![CDATA[Epsilon Business Elite Standard, Non-Standard Report]]>
              </value>
            </param>
            <param index="7">
              <value>
                <![CDATA[1]]>
              </value>
            </param>
            <param index="8">
              <value>
                <![CDATA[No]]>
              </value>
            </param>
          </params>
          <exception class="org.testng.SkipException">
            <message>
              <![CDATA[Skipping this exception]]>
            </message>
            <full-stacktrace>
              <![CDATA[org.testng.SkipException: Skipping this exception
at com.unityworks.testcases.AffinitiveTest.verifyPageViewandReportTitle(AffinitiveTest.java:148)
at sun.reflect.NativeMethodAccessorImpl.invoke0(Native Method)
at sun.reflect.NativeMethodAccessorImpl.invoke(NativeMethodAccessorImpl.java:62)
at sun.reflect.DelegatingMethodAccessorImpl.invoke(DelegatingMethodAccessorImpl.java:43)
at java.lang.reflect.Method.invoke(Method.java:498)
at org.testng.internal.MethodInvocationHelper.invokeMethod(MethodInvocationHelper.java:124)
at org.testng.internal.Invoker.invokeMethod(Invoker.java:580)
at org.testng.internal.Invoker.invokeTestMethod(Invoker.java:716)
at org.testng.internal.Invoker.invokeTestMethods(Invoker.java:988)
at org.testng.internal.TestMethodWorker.invokeTestMethods(TestMethodWorker.java:125)
at org.testng.internal.TestMethodWorker.run(TestMethodWorker.java:109)
at org.testng.TestRunner.privateRun(TestRunner.java:648)
at org.testng.TestRunner.run(TestRunner.java:505)
at org.testng.SuiteRunner.runTest(SuiteRunner.java:455)
at org.testng.SuiteRunner.runSequentially(SuiteRunner.java:450)
at org.testng.SuiteRunner.privateRun(SuiteRunner.java:415)
at org.testng.SuiteRunner.run(SuiteRunner.java:364)
at org.testng.SuiteRunnerWorker.runSuite(SuiteRunnerWorker.java:52)
at org.testng.SuiteRunnerWorker.run(SuiteRunnerWorker.java:84)
at org.testng.TestNG.runSuitesSequentially(TestNG.java:1208)
at org.testng.TestNG.runSuitesLocally(TestNG.java:1137)
at org.testng.TestNG.runSuites(TestNG.java:1049)
at org.testng.TestNG.run(TestNG.java:1017)
at org.apache.maven.surefire.testng.TestNGExecutor.run(TestNGExecutor.java:281)
at org.apache.maven.surefire.testng.TestNGXmlTestSuite.execute(TestNGXmlTestSuite.java:75)
at org.apache.maven.surefire.testng.TestNGProvider.invoke(TestNGProvider.java:121)
at org.apache.maven.surefire.booter.ForkedBooter.invokeProviderInSameClassLoader(ForkedBooter.java:290)
at org.apache.maven.surefire.booter.ForkedBooter.runSuitesInProcess(ForkedBooter.java:242)
at org.apache.maven.surefire.booter.ForkedBooter.main(ForkedBooter.java:121)
]]>
            </full-stacktrace>
          </exception> <!-- org.testng.SkipException -->
          <reporter-output>
          </reporter-output>
        </test-method> <!-- verifyPageViewandReportTitle -->
        <test-method status="SKIP" signature="verifyPageViewandReportTitle(java.lang.String, java.lang.String, java.lang.String, java.lang.String, java.lang.String, java.lang.String, java.lang.String, java.lang.String, java.lang.String)[pri:0, instance:com.unityworks.testcases.AffinitiveTest@157853da]" name="verifyPageViewandReportTitle" duration-ms="0" started-at="2018-04-21T11:02:43Z" data-provider="NewReportGetData" finished-at="2018-04-21T11:02:43Z">
          <params>
            <param index="0">
              <value>
                <![CDATA[03/01/2018]]>
              </value>
            </param>
            <param index="1">
              <value>
                <![CDATA[03/10/2018]]>
              </value>
            </param>
            <param index="2">
              <value>
                <![CDATA[Epsilon]]>
              </value>
            </param>
            <param index="3">
              <value>
                <![CDATA[CSSR - OLA]]>
              </value>
            </param>
            <param index="4">
              <value>
                <![CDATA[//span[text()='Epsilon OLA Report']]]>
              </value>
            </param>
            <param index="5">
              <value>
                <![CDATA[//*[@id='first_report']/tbody/tr[last()]/td[5]/b]]>
              </value>
            </param>
            <param index="6">
              <value>
                <![CDATA[Epsilon OLA Report]]>
              </value>
            </param>
            <param index="7">
              <value>
                <![CDATA[5005]]>
              </value>
            </param>
            <param index="8">
              <value>
                <![CDATA[No]]>
              </value>
            </param>
          </params>
          <exception class="org.testng.SkipException">
            <message>
              <![CDATA[Skipping this exception]]>
            </message>
            <full-stacktrace>
              <![CDATA[org.testng.SkipException: Skipping this exception
at com.unityworks.testcases.AffinitiveTest.verifyPageViewandReportTitle(AffinitiveTest.java:148)
at sun.reflect.NativeMethodAccessorImpl.invoke0(Native Method)
at sun.reflect.NativeMethodAccessorImpl.invoke(NativeMethodAccessorImpl.java:62)
at sun.reflect.DelegatingMethodAccessorImpl.invoke(DelegatingMethodAccessorImpl.java:43)
at java.lang.reflect.Method.invoke(Method.java:498)
at org.testng.internal.MethodInvocationHelper.invokeMethod(MethodInvocationHelper.java:124)
at org.testng.internal.Invoker.invokeMethod(Invoker.java:580)
at org.testng.internal.Invoker.invokeTestMethod(Invoker.java:716)
at org.testng.internal.Invoker.invokeTestMethods(Invoker.java:988)
at org.testng.internal.TestMethodWorker.invokeTestMethods(TestMethodWorker.java:125)
at org.testng.internal.TestMethodWorker.run(TestMethodWorker.java:109)
at org.testng.TestRunner.privateRun(TestRunner.java:648)
at org.testng.TestRunner.run(TestRunner.java:505)
at org.testng.SuiteRunner.runTest(SuiteRunner.java:455)
at org.testng.SuiteRunner.runSequentially(SuiteRunner.java:450)
at org.testng.SuiteRunner.privateRun(SuiteRunner.java:415)
at org.testng.SuiteRunner.run(SuiteRunner.java:364)
at org.testng.SuiteRunnerWorker.runSuite(SuiteRunnerWorker.java:52)
at org.testng.SuiteRunnerWorker.run(SuiteRunnerWorker.java:84)
at org.testng.TestNG.runSuitesSequentially(TestNG.java:1208)
at org.testng.TestNG.runSuitesLocally(TestNG.java:1137)
at org.testng.TestNG.runSuites(TestNG.java:1049)
at org.testng.TestNG.run(TestNG.java:1017)
at org.apache.maven.surefire.testng.TestNGExecutor.run(TestNGExecutor.java:281)
at org.apache.maven.surefire.testng.TestNGXmlTestSuite.execute(TestNGXmlTestSuite.java:75)
at org.apache.maven.surefire.testng.TestNGProvider.invoke(TestNGProvider.java:121)
at org.apache.maven.surefire.booter.ForkedBooter.invokeProviderInSameClassLoader(ForkedBooter.java:290)
at org.apache.maven.surefire.booter.ForkedBooter.runSuitesInProcess(ForkedBooter.java:242)
at org.apache.maven.surefire.booter.ForkedBooter.main(ForkedBooter.java:121)
]]>
            </full-stacktrace>
          </exception> <!-- org.testng.SkipException -->
          <reporter-output>
          </reporter-output>
        </test-method> <!-- verifyPageViewandReportTitle -->
        <test-method status="PASS" signature="tearDown(org.testng.ITestResult)[pri:0, instance:com.unityworks.testcases.AffinitiveTest@157853da]" name="tearDown" is-config="true" duration-ms="0" started-at="2018-04-21T11:02:43Z" finished-at="2018-04-21T11:02:43Z">
          <params>
            <param index="0">
              <value>
                <![CDATA[[TestResult name=verifyPageViewandReportTitle status=SKIP method=AffinitiveTest.verifyPageViewandReportTitle(java.lang.String, java.lang.String, java.lang.String, java.lang.String, java.lang.String, java.lang.String, java.lang.String, java.lang.String, java.lang.String)[pri:0, instance:com.unityworks.testcases.AffinitiveTest@157853da] output={null}]]]>
              </value>
            </param>
          </params>
          <reporter-output>
          </reporter-output>
        </test-method> <!-- tearDown -->
        <test-method status="PASS" signature="tearDown(org.testng.ITestResult)[pri:0, instance:com.unityworks.testcases.AffinitiveTest@157853da]" name="tearDown" is-config="true" duration-ms="0" started-at="2018-04-21T11:02:43Z" finished-at="2018-04-21T11:02:43Z">
          <params>
            <param index="0">
              <value>
                <![CDATA[[TestResult name=verifyPageViewandReportTitle status=SKIP method=AffinitiveTest.verifyPageViewandReportTitle(java.lang.String, java.lang.String, java.lang.String, java.lang.String, java.lang.String, java.lang.String, java.lang.String, java.lang.String, java.lang.String)[pri:0, instance:com.unityworks.testcases.AffinitiveTest@157853da] output={null}]]]>
              </value>
            </param>
          </params>
          <reporter-output>
          </reporter-output>
        </test-method> <!-- tearDown -->
        <test-method status="SKIP" signature="verifyPageViewandReportTitle(java.lang.String, java.lang.String, java.lang.String, java.lang.String, java.lang.String, java.lang.String, java.lang.String, java.lang.String, java.lang.String)[pri:0, instance:com.unityworks.testcases.AffinitiveTest@157853da]" name="verifyPageViewandReportTitle" duration-ms="0" started-at="2018-04-21T11:02:43Z" data-provider="NewReportGetData" finished-at="2018-04-21T11:02:43Z">
          <params>
            <param index="0">
              <value>
                <![CDATA[03/01/2018]]>
              </value>
            </param>
            <param index="1">
              <value>
                <![CDATA[03/10/2018]]>
              </value>
            </param>
            <param index="2">
              <value>
                <![CDATA[Epsilon]]>
              </value>
            </param>
            <param index="3">
              <value>
                <![CDATA[CSSR - EVO & OLA Combined]]>
              </value>
            </param>
            <param index="4">
              <value>
                <![CDATA[//span[text()='EVO OLA Combined Report']]]>
              </value>
            </param>
            <param index="5">
              <value>
                <![CDATA[//*[@id='first_report']/tbody/tr[last()]/td[5]/b]]>
              </value>
            </param>
            <param index="6">
              <value>
                <![CDATA[EVO OLA Combined Report]]>
              </value>
            </param>
            <param index="7">
              <value>
                <![CDATA[5734]]>
              </value>
            </param>
            <param index="8">
              <value>
                <![CDATA[No]]>
              </value>
            </param>
          </params>
          <exception class="org.testng.SkipException">
            <message>
              <![CDATA[Skipping this exception]]>
            </message>
            <full-stacktrace>
              <![CDATA[org.testng.SkipException: Skipping this exception
at com.unityworks.testcases.AffinitiveTest.verifyPageViewandReportTitle(AffinitiveTest.java:148)
at sun.reflect.NativeMethodAccessorImpl.invoke0(Native Method)
at sun.reflect.NativeMethodAccessorImpl.invoke(NativeMethodAccessorImpl.java:62)
at sun.reflect.DelegatingMethodAccessorImpl.invoke(DelegatingMethodAccessorImpl.java:43)
at java.lang.reflect.Method.invoke(Method.java:498)
at org.testng.internal.MethodInvocationHelper.invokeMethod(MethodInvocationHelper.java:124)
at org.testng.internal.Invoker.invokeMethod(Invoker.java:580)
at org.testng.internal.Invoker.invokeTestMethod(Invoker.java:716)
at org.testng.internal.Invoker.invokeTestMethods(Invoker.java:988)
at org.testng.internal.TestMethodWorker.invokeTestMethods(TestMethodWorker.java:125)
at org.testng.internal.TestMethodWorker.run(TestMethodWorker.java:109)
at org.testng.TestRunner.privateRun(TestRunner.java:648)
at org.testng.TestRunner.run(TestRunner.java:505)
at org.testng.SuiteRunner.runTest(SuiteRunner.java:455)
at org.testng.SuiteRunner.runSequentially(SuiteRunner.java:450)
at org.testng.SuiteRunner.privateRun(SuiteRunner.java:415)
at org.testng.SuiteRunner.run(SuiteRunner.java:364)
at org.testng.SuiteRunnerWorker.runSuite(SuiteRunnerWorker.java:52)
at org.testng.SuiteRunnerWorker.run(SuiteRunnerWorker.java:84)
at org.testng.TestNG.runSuitesSequentially(TestNG.java:1208)
at org.testng.TestNG.runSuitesLocally(TestNG.java:1137)
at org.testng.TestNG.runSuites(TestNG.java:1049)
at org.testng.TestNG.run(TestNG.java:1017)
at org.apache.maven.surefire.testng.TestNGExecutor.run(TestNGExecutor.java:281)
at org.apache.maven.surefire.testng.TestNGXmlTestSuite.execute(TestNGXmlTestSuite.java:75)
at org.apache.maven.surefire.testng.TestNGProvider.invoke(TestNGProvider.java:121)
at org.apache.maven.surefire.booter.ForkedBooter.invokeProviderInSameClassLoader(ForkedBooter.java:290)
at org.apache.maven.surefire.booter.ForkedBooter.runSuitesInProcess(ForkedBooter.java:242)
at org.apache.maven.surefire.booter.ForkedBooter.main(ForkedBooter.java:121)
]]>
            </full-stacktrace>
          </exception> <!-- org.testng.SkipException -->
          <reporter-output>
          </reporter-output>
        </test-method> <!-- verifyPageViewandReportTitle -->
        <test-method status="PASS" signature="tearDown(org.testng.ITestResult)[pri:0, instance:com.unityworks.testcases.AffinitiveTest@157853da]" name="tearDown" is-config="true" duration-ms="0" started-at="2018-04-21T11:02:43Z" finished-at="2018-04-21T11:02:43Z">
          <params>
            <param index="0">
              <value>
                <![CDATA[[TestResult name=verifyPageViewandReportTitle status=SKIP method=AffinitiveTest.verifyPageViewandReportTitle(java.lang.String, java.lang.String, java.lang.String, java.lang.String, java.lang.String, java.lang.String, java.lang.String, java.lang.String, java.lang.String)[pri:0, instance:com.unityworks.testcases.AffinitiveTest@157853da] output={null}]]]>
              </value>
            </param>
          </params>
          <reporter-output>
          </reporter-output>
        </test-method> <!-- tearDown -->
        <test-method status="SKIP" signature="verifyPageViewandReportTitle(java.lang.String, java.lang.String, java.lang.String, java.lang.String, java.lang.String, java.lang.String, java.lang.String, java.lang.String, java.lang.String)[pri:0, instance:com.unityworks.testcases.AffinitiveTest@157853da]" name="verifyPageViewandReportTitle" duration-ms="0" started-at="2018-04-21T11:02:43Z" data-provider="NewReportGetData" finished-at="2018-04-21T11:02:43Z">
          <params>
            <param index="0">
              <value>
                <![CDATA[03/01/2018]]>
              </value>
            </param>
            <param index="1">
              <value>
                <![CDATA[03/10/2018]]>
              </value>
            </param>
            <param index="2">
              <value>
                <![CDATA[Epsilon]]>
              </value>
            </param>
            <param index="3">
              <value>
                <![CDATA[CSSR Lease]]>
              </value>
            </param>
            <param index="4">
              <value>
                <![CDATA[//span[text()='Epsilon CSSR Lease Report']]]>
              </value>
            </param>
            <param index="5">
              <value>
                <![CDATA[//*[@id='first_report']/tbody/tr[last()]/td[5]/b]]>
              </value>
            </param>
            <param index="6">
              <value>
                <![CDATA[Epsilon CSSR Lease Report]]>
              </value>
            </param>
            <param index="7">
              <value>
                <![CDATA[184]]>
              </value>
            </param>
            <param index="8">
              <value>
                <![CDATA[No]]>
              </value>
            </param>
          </params>
          <exception class="org.testng.SkipException">
            <message>
              <![CDATA[Skipping this exception]]>
            </message>
            <full-stacktrace>
              <![CDATA[org.testng.SkipException: Skipping this exception
at com.unityworks.testcases.AffinitiveTest.verifyPageViewandReportTitle(AffinitiveTest.java:148)
at sun.reflect.NativeMethodAccessorImpl.invoke0(Native Method)
at sun.reflect.NativeMethodAccessorImpl.invoke(NativeMethodAccessorImpl.java:62)
at sun.reflect.DelegatingMethodAccessorImpl.invoke(DelegatingMethodAccessorImpl.java:43)
at java.lang.reflect.Method.invoke(Method.java:498)
at org.testng.internal.MethodInvocationHelper.invokeMethod(MethodInvocationHelper.java:124)
at org.testng.internal.Invoker.invokeMethod(Invoker.java:580)
at org.testng.internal.Invoker.invokeTestMethod(Invoker.java:716)
at org.testng.internal.Invoker.invokeTestMethods(Invoker.java:988)
at org.testng.internal.TestMethodWorker.invokeTestMethods(TestMethodWorker.java:125)
at org.testng.internal.TestMethodWorker.run(TestMethodWorker.java:109)
at org.testng.TestRunner.privateRun(TestRunner.java:648)
at org.testng.TestRunner.run(TestRunner.java:505)
at org.testng.SuiteRunner.runTest(SuiteRunner.java:455)
at org.testng.SuiteRunner.runSequentially(SuiteRunner.java:450)
at org.testng.SuiteRunner.privateRun(SuiteRunner.java:415)
at org.testng.SuiteRunner.run(SuiteRunner.java:364)
at org.testng.SuiteRunnerWorker.runSuite(SuiteRunnerWorker.java:52)
at org.testng.SuiteRunnerWorker.run(SuiteRunnerWorker.java:84)
at org.testng.TestNG.runSuitesSequentially(TestNG.java:1208)
at org.testng.TestNG.runSuitesLocally(TestNG.java:1137)
at org.testng.TestNG.runSuites(TestNG.java:1049)
at org.testng.TestNG.run(TestNG.java:1017)
at org.apache.maven.surefire.testng.TestNGExecutor.run(TestNGExecutor.java:281)
at org.apache.maven.surefire.testng.TestNGXmlTestSuite.execute(TestNGXmlTestSuite.java:75)
at org.apache.maven.surefire.testng.TestNGProvider.invoke(TestNGProvider.java:121)
at org.apache.maven.surefire.booter.ForkedBooter.invokeProviderInSameClassLoader(ForkedBooter.java:290)
at org.apache.maven.surefire.booter.ForkedBooter.runSuitesInProcess(ForkedBooter.java:242)
at org.apache.maven.surefire.booter.ForkedBooter.main(ForkedBooter.java:121)
]]>
            </full-stacktrace>
          </exception> <!-- org.testng.SkipException -->
          <reporter-output>
          </reporter-output>
        </test-method> <!-- verifyPageViewandReportTitle -->
        <test-method status="SKIP" signature="verifyPageViewandReportTitle(java.lang.String, java.lang.String, java.lang.String, java.lang.String, java.lang.String, java.lang.String, java.lang.String, java.lang.String, java.lang.String)[pri:0, instance:com.unityworks.testcases.AffinitiveTest@157853da]" name="verifyPageViewandReportTitle" duration-ms="0" started-at="2018-04-21T11:02:43Z" data-provider="NewReportGetData" finished-at="2018-04-21T11:02:43Z">
          <params>
            <param index="0">
              <value>
                <![CDATA[03/01/2018]]>
              </value>
            </param>
            <param index="1">
              <value>
                <![CDATA[03/10/2018]]>
              </value>
            </param>
            <param index="2">
              <value>
                <![CDATA[Epsilon]]>
              </value>
            </param>
            <param index="3">
              <value>
                <![CDATA[Ford Truck]]>
              </value>
            </param>
            <param index="4">
              <value>
                <![CDATA[//span[text()='Ford Truck Report']]]>
              </value>
            </param>
            <param index="5">
              <value>
                <![CDATA[//tbody/tr[last()]/td[3]/b]]>
              </value>
            </param>
            <param index="6">
              <value>
                <![CDATA[Ford Truck Report]]>
              </value>
            </param>
            <param index="7">
              <value>
                <![CDATA[8]]>
              </value>
            </param>
            <param index="8">
              <value>
                <![CDATA[No]]>
              </value>
            </param>
          </params>
          <exception class="org.testng.SkipException">
            <message>
              <![CDATA[Skipping this exception]]>
            </message>
            <full-stacktrace>
              <![CDATA[org.testng.SkipException: Skipping this exception
at com.unityworks.testcases.AffinitiveTest.verifyPageViewandReportTitle(AffinitiveTest.java:148)
at sun.reflect.NativeMethodAccessorImpl.invoke0(Native Method)
at sun.reflect.NativeMethodAccessorImpl.invoke(NativeMethodAccessorImpl.java:62)
at sun.reflect.DelegatingMethodAccessorImpl.invoke(DelegatingMethodAccessorImpl.java:43)
at java.lang.reflect.Method.invoke(Method.java:498)
at org.testng.internal.MethodInvocationHelper.invokeMethod(MethodInvocationHelper.java:124)
at org.testng.internal.Invoker.invokeMethod(Invoker.java:580)
at org.testng.internal.Invoker.invokeTestMethod(Invoker.java:716)
at org.testng.internal.Invoker.invokeTestMethods(Invoker.java:988)
at org.testng.internal.TestMethodWorker.invokeTestMethods(TestMethodWorker.java:125)
at org.testng.internal.TestMethodWorker.run(TestMethodWorker.java:109)
at org.testng.TestRunner.privateRun(TestRunner.java:648)
at org.testng.TestRunner.run(TestRunner.java:505)
at org.testng.SuiteRunner.runTest(SuiteRunner.java:455)
at org.testng.SuiteRunner.runSequentially(SuiteRunner.java:450)
at org.testng.SuiteRunner.privateRun(SuiteRunner.java:415)
at org.testng.SuiteRunner.run(SuiteRunner.java:364)
at org.testng.SuiteRunnerWorker.runSuite(SuiteRunnerWorker.java:52)
at org.testng.SuiteRunnerWorker.run(SuiteRunnerWorker.java:84)
at org.testng.TestNG.runSuitesSequentially(TestNG.java:1208)
at org.testng.TestNG.runSuitesLocally(TestNG.java:1137)
at org.testng.TestNG.runSuites(TestNG.java:1049)
at org.testng.TestNG.run(TestNG.java:1017)
at org.apache.maven.surefire.testng.TestNGExecutor.run(TestNGExecutor.java:281)
at org.apache.maven.surefire.testng.TestNGXmlTestSuite.execute(TestNGXmlTestSuite.java:75)
at org.apache.maven.surefire.testng.TestNGProvider.invoke(TestNGProvider.java:121)
at org.apache.maven.surefire.booter.ForkedBooter.invokeProviderInSameClassLoader(ForkedBooter.java:290)
at org.apache.maven.surefire.booter.ForkedBooter.runSuitesInProcess(ForkedBooter.java:242)
at org.apache.maven.surefire.booter.ForkedBooter.main(ForkedBooter.java:121)
]]>
            </full-stacktrace>
          </exception> <!-- org.testng.SkipException -->
          <reporter-output>
          </reporter-output>
        </test-method> <!-- verifyPageViewandReportTitle -->
        <test-method status="SKIP" signature="verifyPageViewandReportTitle(java.lang.String, java.lang.String, java.lang.String, java.lang.String, java.lang.String, java.lang.String, java.lang.String, java.lang.String, java.lang.String)[pri:0, instance:com.unityworks.testcases.AffinitiveTest@157853da]" name="verifyPageViewandReportTitle" duration-ms="0" started-at="2018-04-21T11:02:43Z" data-provider="NewReportGetData" finished-at="2018-04-21T11:02:43Z">
          <params>
            <param index="0">
              <value>
                <![CDATA[03/01/2018]]>
              </value>
            </param>
            <param index="1">
              <value>
                <![CDATA[03/10/2018]]>
              </value>
            </param>
            <param index="2">
              <value>
                <![CDATA[Epsilon]]>
              </value>
            </param>
            <param index="3">
              <value>
                <![CDATA[Ford Service]]>
              </value>
            </param>
            <param index="4">
              <value>
                <![CDATA[//span[text()='Ford Report']]]>
              </value>
            </param>
            <param index="5">
              <value>
                <![CDATA[//tbody/tr[last()]/td[3]/b]]>
              </value>
            </param>
            <param index="6">
              <value>
                <![CDATA[Ford Report]]>
              </value>
            </param>
            <param index="7">
              <value>
                <![CDATA[33]]>
              </value>
            </param>
            <param index="8">
              <value>
                <![CDATA[No]]>
              </value>
            </param>
          </params>
          <exception class="org.testng.SkipException">
            <message>
              <![CDATA[Skipping this exception]]>
            </message>
            <full-stacktrace>
              <![CDATA[org.testng.SkipException: Skipping this exception
at com.unityworks.testcases.AffinitiveTest.verifyPageViewandReportTitle(AffinitiveTest.java:148)
at sun.reflect.NativeMethodAccessorImpl.invoke0(Native Method)
at sun.reflect.NativeMethodAccessorImpl.invoke(NativeMethodAccessorImpl.java:62)
at sun.reflect.DelegatingMethodAccessorImpl.invoke(DelegatingMethodAccessorImpl.java:43)
at java.lang.reflect.Method.invoke(Method.java:498)
at org.testng.internal.MethodInvocationHelper.invokeMethod(MethodInvocationHelper.java:124)
at org.testng.internal.Invoker.invokeMethod(Invoker.java:580)
at org.testng.internal.Invoker.invokeTestMethod(Invoker.java:716)
at org.testng.internal.Invoker.invokeTestMethods(Invoker.java:988)
at org.testng.internal.TestMethodWorker.invokeTestMethods(TestMethodWorker.java:125)
at org.testng.internal.TestMethodWorker.run(TestMethodWorker.java:109)
at org.testng.TestRunner.privateRun(TestRunner.java:648)
at org.testng.TestRunner.run(TestRunner.java:505)
at org.testng.SuiteRunner.runTest(SuiteRunner.java:455)
at org.testng.SuiteRunner.runSequentially(SuiteRunner.java:450)
at org.testng.SuiteRunner.privateRun(SuiteRunner.java:415)
at org.testng.SuiteRunner.run(SuiteRunner.java:364)
at org.testng.SuiteRunnerWorker.runSuite(SuiteRunnerWorker.java:52)
at org.testng.SuiteRunnerWorker.run(SuiteRunnerWorker.java:84)
at org.testng.TestNG.runSuitesSequentially(TestNG.java:1208)
at org.testng.TestNG.runSuitesLocally(TestNG.java:1137)
at org.testng.TestNG.runSuites(TestNG.java:1049)
at org.testng.TestNG.run(TestNG.java:1017)
at org.apache.maven.surefire.testng.TestNGExecutor.run(TestNGExecutor.java:281)
at org.apache.maven.surefire.testng.TestNGXmlTestSuite.execute(TestNGXmlTestSuite.java:75)
at org.apache.maven.surefire.testng.TestNGProvider.invoke(TestNGProvider.java:121)
at org.apache.maven.surefire.booter.ForkedBooter.invokeProviderInSameClassLoader(ForkedBooter.java:290)
at org.apache.maven.surefire.booter.ForkedBooter.runSuitesInProcess(ForkedBooter.java:242)
at org.apache.maven.surefire.booter.ForkedBooter.main(ForkedBooter.java:121)
]]>
            </full-stacktrace>
          </exception> <!-- org.testng.SkipException -->
          <reporter-output>
          </reporter-output>
        </test-method> <!-- verifyPageViewandReportTitle -->
        <test-method status="PASS" signature="tearDown(org.testng.ITestResult)[pri:0, instance:com.unityworks.testcases.AffinitiveTest@157853da]" name="tearDown" is-config="true" duration-ms="0" started-at="2018-04-21T11:02:43Z" finished-at="2018-04-21T11:02:43Z">
          <params>
            <param index="0">
              <value>
                <![CDATA[[TestResult name=verifyPageViewandReportTitle status=SKIP method=AffinitiveTest.verifyPageViewandReportTitle(java.lang.String, java.lang.String, java.lang.String, java.lang.String, java.lang.String, java.lang.String, java.lang.String, java.lang.String, java.lang.String)[pri:0, instance:com.unityworks.testcases.AffinitiveTest@157853da] output={null}]]]>
              </value>
            </param>
          </params>
          <reporter-output>
          </reporter-output>
        </test-method> <!-- tearDown -->
        <test-method status="SKIP" signature="verifyPageViewandReportTitle(java.lang.String, java.lang.String, java.lang.String, java.lang.String, java.lang.String, java.lang.String, java.lang.String, java.lang.String, java.lang.String)[pri:0, instance:com.unityworks.testcases.AffinitiveTest@157853da]" name="verifyPageViewandReportTitle" duration-ms="0" started-at="2018-04-21T11:02:43Z" data-provider="NewReportGetData" finished-at="2018-04-21T11:02:43Z">
          <params>
            <param index="0">
              <value>
                <![CDATA[03/01/2018]]>
              </value>
            </param>
            <param index="1">
              <value>
                <![CDATA[03/10/2018]]>
              </value>
            </param>
            <param index="2">
              <value>
                <![CDATA[Epsilon]]>
              </value>
            </param>
            <param index="3">
              <value>
                <![CDATA[Cherokee]]>
              </value>
            </param>
            <param index="4">
              <value>
                <![CDATA[//span[text()='Cherokee Report']]]>
              </value>
            </param>
            <param index="5">
              <value>
                <![CDATA[//tbody/tr[last()]/td[3]/b]]>
              </value>
            </param>
            <param index="6">
              <value>
                <![CDATA[Cherokee Report]]>
              </value>
            </param>
            <param index="7">
              <value>
                <![CDATA[33]]>
              </value>
            </param>
            <param index="8">
              <value>
                <![CDATA[No]]>
              </value>
            </param>
          </params>
          <exception class="org.testng.SkipException">
            <message>
              <![CDATA[Skipping this exception]]>
            </message>
            <full-stacktrace>
              <![CDATA[org.testng.SkipException: Skipping this exception
at com.unityworks.testcases.AffinitiveTest.verifyPageViewandReportTitle(AffinitiveTest.java:148)
at sun.reflect.NativeMethodAccessorImpl.invoke0(Native Method)
at sun.reflect.NativeMethodAccessorImpl.invoke(NativeMethodAccessorImpl.java:62)
at sun.reflect.DelegatingMethodAccessorImpl.invoke(DelegatingMethodAccessorImpl.java:43)
at java.lang.reflect.Method.invoke(Method.java:498)
at org.testng.internal.MethodInvocationHelper.invokeMethod(MethodInvocationHelper.java:124)
at org.testng.internal.Invoker.invokeMethod(Invoker.java:580)
at org.testng.internal.Invoker.invokeTestMethod(Invoker.java:716)
at org.testng.internal.Invoker.invokeTestMethods(Invoker.java:988)
at org.testng.internal.TestMethodWorker.invokeTestMethods(TestMethodWorker.java:125)
at org.testng.internal.TestMethodWorker.run(TestMethodWorker.java:109)
at org.testng.TestRunner.privateRun(TestRunner.java:648)
at org.testng.TestRunner.run(TestRunner.java:505)
at org.testng.SuiteRunner.runTest(SuiteRunner.java:455)
at org.testng.SuiteRunner.runSequentially(SuiteRunner.java:450)
at org.testng.SuiteRunner.privateRun(SuiteRunner.java:415)
at org.testng.SuiteRunner.run(SuiteRunner.java:364)
at org.testng.SuiteRunnerWorker.runSuite(SuiteRunnerWorker.java:52)
at org.testng.SuiteRunnerWorker.run(SuiteRunnerWorker.java:84)
at org.testng.TestNG.runSuitesSequentially(TestNG.java:1208)
at org.testng.TestNG.runSuitesLocally(TestNG.java:1137)
at org.testng.TestNG.runSuites(TestNG.java:1049)
at org.testng.TestNG.run(TestNG.java:1017)
at org.apache.maven.surefire.testng.TestNGExecutor.run(TestNGExecutor.java:281)
at org.apache.maven.surefire.testng.TestNGXmlTestSuite.execute(TestNGXmlTestSuite.java:75)
at org.apache.maven.surefire.testng.TestNGProvider.invoke(TestNGProvider.java:121)
at org.apache.maven.surefire.booter.ForkedBooter.invokeProviderInSameClassLoader(ForkedBooter.java:290)
at org.apache.maven.surefire.booter.ForkedBooter.runSuitesInProcess(ForkedBooter.java:242)
at org.apache.maven.surefire.booter.ForkedBooter.main(ForkedBooter.java:121)
]]>
            </full-stacktrace>
          </exception> <!-- org.testng.SkipException -->
          <reporter-output>
          </reporter-output>
        </test-method> <!-- verifyPageViewandReportTitle -->
        <test-method status="PASS" signature="tearDown(org.testng.ITestResult)[pri:0, instance:com.unityworks.testcases.AffinitiveTest@157853da]" name="tearDown" is-config="true" duration-ms="0" started-at="2018-04-21T11:02:43Z" finished-at="2018-04-21T11:02:43Z">
          <params>
            <param index="0">
              <value>
                <![CDATA[[TestResult name=verifyPageViewandReportTitle status=SKIP method=AffinitiveTest.verifyPageViewandReportTitle(java.lang.String, java.lang.String, java.lang.String, java.lang.String, java.lang.String, java.lang.String, java.lang.String, java.lang.String, java.lang.String)[pri:0, instance:com.unityworks.testcases.AffinitiveTest@157853da] output={null}]]]>
              </value>
            </param>
          </params>
          <reporter-output>
          </reporter-output>
        </test-method> <!-- tearDown -->
        <test-method status="PASS" signature="tearDown(org.testng.ITestResult)[pri:0, instance:com.unityworks.testcases.AffinitiveTest@157853da]" name="tearDown" is-config="true" duration-ms="0" started-at="2018-04-21T11:02:43Z" finished-at="2018-04-21T11:02:43Z">
          <params>
            <param index="0">
              <value>
                <![CDATA[[TestResult name=verifyPageViewandReportTitle status=SKIP method=AffinitiveTest.verifyPageViewandReportTitle(java.lang.String, java.lang.String, java.lang.String, java.lang.String, java.lang.String, java.lang.String, java.lang.String, java.lang.String, java.lang.String)[pri:0, instance:com.unityworks.testcases.AffinitiveTest@157853da] output={null}]]]>
              </value>
            </param>
          </params>
          <reporter-output>
          </reporter-output>
        </test-method> <!-- tearDown -->
        <test-method status="PASS" signature="tearDown(org.testng.ITestResult)[pri:0, instance:com.unityworks.testcases.AffinitiveTest@157853da]" name="tearDown" is-config="true" duration-ms="1" started-at="2018-04-21T11:02:43Z" finished-at="2018-04-21T11:02:43Z">
          <params>
            <param index="0">
              <value>
                <![CDATA[[TestResult name=verifyPageViewandReportTitle status=SKIP method=AffinitiveTest.verifyPageViewandReportTitle(java.lang.String, java.lang.String, java.lang.String, java.lang.String, java.lang.String, java.lang.String, java.lang.String, java.lang.String, java.lang.String)[pri:0, instance:com.unityworks.testcases.AffinitiveTest@157853da] output={null}]]]>
              </value>
            </param>
          </params>
          <reporter-output>
          </reporter-output>
        </test-method> <!-- tearDown -->
        <test-method status="SKIP" signature="verifyPageViewandReportTitle(java.lang.String, java.lang.String, java.lang.String, java.lang.String, java.lang.String, java.lang.String, java.lang.String, java.lang.String, java.lang.String)[pri:0, instance:com.unityworks.testcases.AffinitiveTest@157853da]" name="verifyPageViewandReportTitle" duration-ms="0" started-at="2018-04-21T11:02:43Z" data-provider="NewReportGetData" finished-at="2018-04-21T11:02:43Z">
          <params>
            <param index="0">
              <value>
                <![CDATA[03/01/2018]]>
              </value>
            </param>
            <param index="1">
              <value>
                <![CDATA[03/10/2018]]>
              </value>
            </param>
            <param index="2">
              <value>
                <![CDATA[Epsilon]]>
              </value>
            </param>
            <param index="3">
              <value>
                <![CDATA[Honda SPS]]>
              </value>
            </param>
            <param index="4">
              <value>
                <![CDATA[//span[text()='Honda SPS']]]>
              </value>
            </param>
            <param index="5">
              <value>
                <![CDATA[//tbody/tr[last()]/td[5]/b]]>
              </value>
            </param>
            <param index="6">
              <value>
                <![CDATA[Honda SPS]]>
              </value>
            </param>
            <param index="7">
              <value>
                <![CDATA[1579]]>
              </value>
            </param>
            <param index="8">
              <value>
                <![CDATA[No]]>
              </value>
            </param>
          </params>
          <exception class="org.testng.SkipException">
            <message>
              <![CDATA[Skipping this exception]]>
            </message>
            <full-stacktrace>
              <![CDATA[org.testng.SkipException: Skipping this exception
at com.unityworks.testcases.AffinitiveTest.verifyPageViewandReportTitle(AffinitiveTest.java:148)
at sun.reflect.NativeMethodAccessorImpl.invoke0(Native Method)
at sun.reflect.NativeMethodAccessorImpl.invoke(NativeMethodAccessorImpl.java:62)
at sun.reflect.DelegatingMethodAccessorImpl.invoke(DelegatingMethodAccessorImpl.java:43)
at java.lang.reflect.Method.invoke(Method.java:498)
at org.testng.internal.MethodInvocationHelper.invokeMethod(MethodInvocationHelper.java:124)
at org.testng.internal.Invoker.invokeMethod(Invoker.java:580)
at org.testng.internal.Invoker.invokeTestMethod(Invoker.java:716)
at org.testng.internal.Invoker.invokeTestMethods(Invoker.java:988)
at org.testng.internal.TestMethodWorker.invokeTestMethods(TestMethodWorker.java:125)
at org.testng.internal.TestMethodWorker.run(TestMethodWorker.java:109)
at org.testng.TestRunner.privateRun(TestRunner.java:648)
at org.testng.TestRunner.run(TestRunner.java:505)
at org.testng.SuiteRunner.runTest(SuiteRunner.java:455)
at org.testng.SuiteRunner.runSequentially(SuiteRunner.java:450)
at org.testng.SuiteRunner.privateRun(SuiteRunner.java:415)
at org.testng.SuiteRunner.run(SuiteRunner.java:364)
at org.testng.SuiteRunnerWorker.runSuite(SuiteRunnerWorker.java:52)
at org.testng.SuiteRunnerWorker.run(SuiteRunnerWorker.java:84)
at org.testng.TestNG.runSuitesSequentially(TestNG.java:1208)
at org.testng.TestNG.runSuitesLocally(TestNG.java:1137)
at org.testng.TestNG.runSuites(TestNG.java:1049)
at org.testng.TestNG.run(TestNG.java:1017)
at org.apache.maven.surefire.testng.TestNGExecutor.run(TestNGExecutor.java:281)
at org.apache.maven.surefire.testng.TestNGXmlTestSuite.execute(TestNGXmlTestSuite.java:75)
at org.apache.maven.surefire.testng.TestNGProvider.invoke(TestNGProvider.java:121)
at org.apache.maven.surefire.booter.ForkedBooter.invokeProviderInSameClassLoader(ForkedBooter.java:290)
at org.apache.maven.surefire.booter.ForkedBooter.runSuitesInProcess(ForkedBooter.java:242)
at org.apache.maven.surefire.booter.ForkedBooter.main(ForkedBooter.java:121)
]]>
            </full-stacktrace>
          </exception> <!-- org.testng.SkipException -->
          <reporter-output>
          </reporter-output>
        </test-method> <!-- verifyPageViewandReportTitle -->
        <test-method status="SKIP" signature="verifyPageViewandReportTitle(java.lang.String, java.lang.String, java.lang.String, java.lang.String, java.lang.String, java.lang.String, java.lang.String, java.lang.String, java.lang.String)[pri:0, instance:com.unityworks.testcases.AffinitiveTest@157853da]" name="verifyPageViewandReportTitle" duration-ms="0" started-at="2018-04-21T11:02:43Z" data-provider="NewReportGetData" finished-at="2018-04-21T11:02:43Z">
          <params>
            <param index="0">
              <value>
                <![CDATA[03/01/2018]]>
              </value>
            </param>
            <param index="1">
              <value>
                <![CDATA[03/10/2018]]>
              </value>
            </param>
            <param index="2">
              <value>
                <![CDATA[Epsilon]]>
              </value>
            </param>
            <param index="3">
              <value>
                <![CDATA[Hyundai EM]]>
              </value>
            </param>
            <param index="4">
              <value>
                <![CDATA[//span[text()='Hyundai EM']]]>
              </value>
            </param>
            <param index="5">
              <value>
                <![CDATA[//tbody/tr[last()]/td[5]/b]]>
              </value>
            </param>
            <param index="6">
              <value>
                <![CDATA[Hyundai EM]]>
              </value>
            </param>
            <param index="7">
              <value>
                <![CDATA[3319]]>
              </value>
            </param>
            <param index="8">
              <value>
                <![CDATA[No]]>
              </value>
            </param>
          </params>
          <exception class="org.testng.SkipException">
            <message>
              <![CDATA[Skipping this exception]]>
            </message>
            <full-stacktrace>
              <![CDATA[org.testng.SkipException: Skipping this exception
at com.unityworks.testcases.AffinitiveTest.verifyPageViewandReportTitle(AffinitiveTest.java:148)
at sun.reflect.NativeMethodAccessorImpl.invoke0(Native Method)
at sun.reflect.NativeMethodAccessorImpl.invoke(NativeMethodAccessorImpl.java:62)
at sun.reflect.DelegatingMethodAccessorImpl.invoke(DelegatingMethodAccessorImpl.java:43)
at java.lang.reflect.Method.invoke(Method.java:498)
at org.testng.internal.MethodInvocationHelper.invokeMethod(MethodInvocationHelper.java:124)
at org.testng.internal.Invoker.invokeMethod(Invoker.java:580)
at org.testng.internal.Invoker.invokeTestMethod(Invoker.java:716)
at org.testng.internal.Invoker.invokeTestMethods(Invoker.java:988)
at org.testng.internal.TestMethodWorker.invokeTestMethods(TestMethodWorker.java:125)
at org.testng.internal.TestMethodWorker.run(TestMethodWorker.java:109)
at org.testng.TestRunner.privateRun(TestRunner.java:648)
at org.testng.TestRunner.run(TestRunner.java:505)
at org.testng.SuiteRunner.runTest(SuiteRunner.java:455)
at org.testng.SuiteRunner.runSequentially(SuiteRunner.java:450)
at org.testng.SuiteRunner.privateRun(SuiteRunner.java:415)
at org.testng.SuiteRunner.run(SuiteRunner.java:364)
at org.testng.SuiteRunnerWorker.runSuite(SuiteRunnerWorker.java:52)
at org.testng.SuiteRunnerWorker.run(SuiteRunnerWorker.java:84)
at org.testng.TestNG.runSuitesSequentially(TestNG.java:1208)
at org.testng.TestNG.runSuitesLocally(TestNG.java:1137)
at org.testng.TestNG.runSuites(TestNG.java:1049)
at org.testng.TestNG.run(TestNG.java:1017)
at org.apache.maven.surefire.testng.TestNGExecutor.run(TestNGExecutor.java:281)
at org.apache.maven.surefire.testng.TestNGXmlTestSuite.execute(TestNGXmlTestSuite.java:75)
at org.apache.maven.surefire.testng.TestNGProvider.invoke(TestNGProvider.java:121)
at org.apache.maven.surefire.booter.ForkedBooter.invokeProviderInSameClassLoader(ForkedBooter.java:290)
at org.apache.maven.surefire.booter.ForkedBooter.runSuitesInProcess(ForkedBooter.java:242)
at org.apache.maven.surefire.booter.ForkedBooter.main(ForkedBooter.java:121)
]]>
            </full-stacktrace>
          </exception> <!-- org.testng.SkipException -->
          <reporter-output>
          </reporter-output>
        </test-method> <!-- verifyPageViewandReportTitle -->
        <test-method status="PASS" signature="tearDown(org.testng.ITestResult)[pri:0, instance:com.unityworks.testcases.AffinitiveTest@157853da]" name="tearDown" is-config="true" duration-ms="0" started-at="2018-04-21T11:02:43Z" finished-at="2018-04-21T11:02:43Z">
          <params>
            <param index="0">
              <value>
[...]
          </exception> <!-- org.testng.SkipException -->
          <reporter-output>
          </reporter-output>
        </test-method> <!-- verifyPageViewandReportTitle -->
        <test-method status="PASS" signature="tearDown(org.testng.ITestResult)[pri:0, instance:com.unityworks.testcases.AffinitiveTest@157853da]" name="tearDown" is-config="true" duration-ms="0" started-at="2018-04-21T11:02:43Z" finished-at="2018-04-21T11:02:43Z">
          <params>
            <param index="0">
              <value>
                <![CDATA[[TestResult name=verifyPageViewandReportTitle status=SKIP method=AffinitiveTest.verifyPageViewandReportTitle(java.lang.String, java.lang.String, java.lang.String, java.lang.String, java.lang.String, java.lang.String, java.lang.String, java.lang.String, java.lang.String)[pri:0, instance:com.unityworks.testcases.AffinitiveTest@157853da] output={null}]]]>
              </value>
            </param>
          </params>
          <reporter-output>
          </reporter-output>
        </test-method> <!-- tearDown -->
        <test-method status="PASS" signature="tearDown(org.testng.ITestResult)[pri:0, instance:com.unityworks.testcases.AffinitiveTest@157853da]" name="tearDown" is-config="true" duration-ms="0" started-at="2018-04-21T11:02:43Z" finished-at="2018-04-21T11:02:43Z">
          <params>
            <param index="0">
              <value>
                <![CDATA[[TestResult name=verifyPageViewandReportTitle status=SKIP method=AffinitiveTest.verifyPageViewandReportTitle(java.lang.String, java.lang.String, java.lang.String, java.lang.String, java.lang.String, java.lang.String, java.lang.String, java.lang.String, java.lang.String)[pri:0, instance:com.unityworks.testcases.AffinitiveTest@157853da] output={null}]]]>
              </value>
            </param>
          </params>
          <reporter-output>
          </reporter-output>
        </test-method> <!-- tearDown -->
        <test-method status="SKIP" signature="verifyPageViewandReportTitle(java.lang.String, java.lang.String, java.lang.String, java.lang.String, java.lang.String, java.lang.String, java.lang.String, java.lang.String, java.lang.String)[pri:0, instance:com.unityworks.testcases.AffinitiveTest@157853da]" name="verifyPageViewandReportTitle" duration-ms="0" started-at="2018-04-21T11:02:43Z" data-provider="NewReportGetData" finished-at="2018-04-21T11:02:43Z">
          <params>
            <param index="0">
              <value>
                <![CDATA[03/01/2018]]>
              </value>
            </param>
            <param index="1">
              <value>
                <![CDATA[03/10/2018]]>
              </value>
            </param>
            <param index="2">
              <value>
                <![CDATA[Fiat Chrysler Automobiles]]>
              </value>
            </param>
            <param index="3">
              <value>
                <![CDATA[SEBC T2.5 Alfa Romeo]]>
              </value>
            </param>
            <param index="4">
              <value>
                <![CDATA[//span[text()='SEBC T2.5 Alfa Romeo']]]>
              </value>
            </param>
            <param index="5">
              <value>
                <![CDATA[//tbody/tr[last()]/td[2]/b]]>
              </value>
            </param>
            <param index="6">
              <value>
                <![CDATA[SEBC T2.5 Alfa Romeo]]>
              </value>
            </param>
            <param index="7">
              <value>
                <![CDATA[1]]>
              </value>
            </param>
            <param index="8">
              <value>
                <![CDATA[No]]>
              </value>
            </param>
          </params>
          <exception class="org.testng.SkipException">
            <message>
              <![CDATA[Skipping this exception]]>
            </message>
            <full-stacktrace>
              <![CDATA[org.testng.SkipException: Skipping this exception
at com.unityworks.testcases.AffinitiveTest.verifyPageViewandReportTitle(AffinitiveTest.java:148)
at sun.reflect.GeneratedMethodAccessor2.invoke(Unknown Source)
at sun.reflect.DelegatingMethodAccessorImpl.invoke(DelegatingMethodAccessorImpl.java:43)
at java.lang.reflect.Method.invoke(Method.java:498)
at org.testng.internal.MethodInvocationHelper.invokeMethod(MethodInvocationHelper.java:124)
at org.testng.internal.Invoker.invokeMethod(Invoker.java:580)
at org.testng.internal.Invoker.invokeTestMethod(Invoker.java:716)
at org.testng.internal.Invoker.invokeTestMethods(Invoker.java:988)
at org.testng.internal.TestMethodWorker.invokeTestMethods(TestMethodWorker.java:125)
at org.testng.internal.TestMethodWorker.run(TestMethodWorker.java:109)
at org.testng.TestRunner.privateRun(TestRunner.java:648)
at org.testng.TestRunner.run(TestRunner.java:505)
at org.testng.SuiteRunner.runTest(SuiteRunner.java:455)
at org.testng.SuiteRunner.runSequentially(SuiteRunner.java:450)
at org.testng.SuiteRunner.privateRun(SuiteRunner.java:415)
at org.testng.SuiteRunner.run(SuiteRunner.java:364)
at org.testng.SuiteRunnerWorker.runSuite(SuiteRunnerWorker.java:52)
at org.testng.SuiteRunnerWorker.run(SuiteRunnerWorker.java:84)
at org.testng.TestNG.runSuitesSequentially(TestNG.java:1208)
at org.testng.TestNG.runSuitesLocally(TestNG.java:1137)
at org.testng.TestNG.runSuites(TestNG.java:1049)
at org.testng.TestNG.run(TestNG.java:1017)
at org.apache.maven.surefire.testng.TestNGExecutor.run(TestNGExecutor.java:281)
at org.apache.maven.surefire.testng.TestNGXmlTestSuite.execute(TestNGXmlTestSuite.java:75)
at org.apache.maven.surefire.testng.TestNGProvider.invoke(TestNGProvider.java:121)
at org.apache.maven.surefire.booter.ForkedBooter.invokeProviderInSameClassLoader(ForkedBooter.java:290)
at org.apache.maven.surefire.booter.ForkedBooter.runSuitesInProcess(ForkedBooter.java:242)
at org.apache.maven.surefire.booter.ForkedBooter.main(ForkedBooter.java:121)
]]>
            </full-stacktrace>
          </exception> <!-- org.testng.SkipException -->
          <reporter-output>
          </reporter-output>
        </test-method> <!-- verifyPageViewandReportTitle -->
        <test-method status="PASS" signature="tearDown(org.testng.ITestResult)[pri:0, instance:com.unityworks.testcases.AffinitiveTest@157853da]" name="tearDown" is-config="true" duration-ms="0" started-at="2018-04-21T11:02:43Z" finished-at="2018-04-21T11:02:43Z">
          <params>
            <param index="0">
              <value>
                <![CDATA[[TestResult name=verifyPageViewandReportTitle status=SKIP method=AffinitiveTest.verifyPageViewandReportTitle(java.lang.String, java.lang.String, java.lang.String, java.lang.String, java.lang.String, java.lang.String, java.lang.String, java.lang.String, java.lang.String)[pri:0, instance:com.unityworks.testcases.AffinitiveTest@157853da] output={null}]]]>
              </value>
            </param>
          </params>
          <reporter-output>
          </reporter-output>
        </test-method> <!-- tearDown -->
        <test-method status="SKIP" signature="verifyPageViewandReportTitle(java.lang.String, java.lang.String, java.lang.String, java.lang.String, java.lang.String, java.lang.String, java.lang.String, java.lang.String, java.lang.String)[pri:0, instance:com.unityworks.testcases.AffinitiveTest@157853da]" name="verifyPageViewandReportTitle" duration-ms="0" started-at="2018-04-21T11:02:43Z" data-provider="NewReportGetData" finished-at="2018-04-21T11:02:43Z">
          <params>
            <param index="0">
              <value>
                <![CDATA[03/01/2018]]>
              </value>
            </param>
            <param index="1">
              <value>
                <![CDATA[03/10/2018]]>
              </value>
            </param>
            <param index="2">
              <value>
                <![CDATA[National Karate]]>
              </value>
            </param>
            <param index="3">
              <value>
                <![CDATA[National Karate]]>
              </value>
            </param>
            <param index="4">
              <value>
                <![CDATA[//span[text()='National Karate Report']]]>
              </value>
            </param>
            <param index="5">
              <value>
                <![CDATA[//tbody/tr[last()]/td[3]/b]]>
              </value>
            </param>
            <param index="6">
              <value>
                <![CDATA[National Karate Report]]>
              </value>
            </param>
            <param index="7">
              <value>
                <![CDATA[133]]>
              </value>
            </param>
            <param index="8">
              <value>
                <![CDATA[No]]>
              </value>
            </param>
          </params>
          <exception class="org.testng.SkipException">
            <message>
              <![CDATA[Skipping this exception]]>
            </message>
            <full-stacktrace>
              <![CDATA[org.testng.SkipException: Skipping this exception
at com.unityworks.testcases.AffinitiveTest.verifyPageViewandReportTitle(AffinitiveTest.java:148)
at sun.reflect.GeneratedMethodAccessor2.invoke(Unknown Source)
at sun.reflect.DelegatingMethodAccessorImpl.invoke(DelegatingMethodAccessorImpl.java:43)
at java.lang.reflect.Method.invoke(Method.java:498)
at org.testng.internal.MethodInvocationHelper.invokeMethod(MethodInvocationHelper.java:124)
at org.testng.internal.Invoker.invokeMethod(Invoker.java:580)
at org.testng.internal.Invoker.invokeTestMethod(Invoker.java:716)
at org.testng.internal.Invoker.invokeTestMethods(Invoker.java:988)
at org.testng.internal.TestMethodWorker.invokeTestMethods(TestMethodWorker.java:125)
at org.testng.internal.TestMethodWorker.run(TestMethodWorker.java:109)
at org.testng.TestRunner.privateRun(TestRunner.java:648)
at org.testng.TestRunner.run(TestRunner.java:505)
at org.testng.SuiteRunner.runTest(SuiteRunner.java:455)
at org.testng.SuiteRunner.runSequentially(SuiteRunner.java:450)
at org.testng.SuiteRunner.privateRun(SuiteRunner.java:415)
at org.testng.SuiteRunner.run(SuiteRunner.java:364)
at org.testng.SuiteRunnerWorker.runSuite(SuiteRunnerWorker.java:52)
at org.testng.SuiteRunnerWorker.run(SuiteRunnerWorker.java:84)
at org.testng.TestNG.runSuitesSequentially(TestNG.java:1208)
at org.testng.TestNG.runSuitesLocally(TestNG.java:1137)
at org.testng.TestNG.runSuites(TestNG.java:1049)
at org.testng.TestNG.run(TestNG.java:1017)
at org.apache.maven.surefire.testng.TestNGExecutor.run(TestNGExecutor.java:281)
at org.apache.maven.surefire.testng.TestNGXmlTestSuite.execute(TestNGXmlTestSuite.java:75)
at org.apache.maven.surefire.testng.TestNGProvider.invoke(TestNGProvider.java:121)
at org.apache.maven.surefire.booter.ForkedBooter.invokeProviderInSameClassLoader(ForkedBooter.java:290)
at org.apache.maven.surefire.booter.ForkedBooter.runSuitesInProcess(ForkedBooter.java:242)
at org.apache.maven.surefire.booter.ForkedBooter.main(ForkedBooter.java:121)
]]>
            </full-stacktrace>
          </exception> <!-- org.testng.SkipException -->
          <reporter-output>
          </reporter-output>
        </test-method> <!-- verifyPageViewandReportTitle -->
        <test-method status="PASS" signature="tearDown(org.testng.ITestResult)[pri:0, instance:com.unityworks.testcases.AffinitiveTest@157853da]" name="tearDown" is-config="true" duration-ms="0" started-at="2018-04-21T11:02:43Z" finished-at="2018-04-21T11:02:43Z">
          <params>
            <param index="0">
              <value>
                <![CDATA[[TestResult name=verifyPageViewandReportTitle status=SKIP method=AffinitiveTest.verifyPageViewandReportTitle(java.lang.String, java.lang.String, java.lang.String, java.lang.String, java.lang.String, java.lang.String, java.lang.String, java.lang.String, java.lang.String)[pri:0, instance:com.unityworks.testcases.AffinitiveTest@157853da] output={null}]]]>
              </value>
            </param>
          </params>
          <reporter-output>
          </reporter-output>
        </test-method> <!-- tearDown -->
        <test-method status="PASS" signature="verifyPageViewandReportTitle(java.lang.String, java.lang.String, java.lang.String, java.lang.String, java.lang.String, java.lang.String, java.lang.String, java.lang.String, java.lang.String)[pri:0, instance:com.unityworks.testcases.AffinitiveTest@157853da]" name="verifyPageViewandReportTitle" duration-ms="26467" started-at="2018-04-21T11:02:43Z" data-provider="NewReportGetData" finished-at="2018-04-21T11:03:09Z">
          <params>
            <param index="0">
              <value>
                <![CDATA[03/01/2018]]>
              </value>
            </param>
            <param index="1">
              <value>
                <![CDATA[03/10/2018]]>
              </value>
            </param>
            <param index="2">
              <value>
                <![CDATA[Strategic Marketing]]>
              </value>
            </param>
            <param index="3">
              <value>
                <![CDATA[Strategic Marketing]]>
              </value>
            </param>
            <param index="4">
              <value>
                <![CDATA[//span[text()='Strategic Marketing Report']]]>
              </value>
            </param>
            <param index="5">
              <value>
                <![CDATA[//tbody/tr[last()]/td[3]/b]]>
              </value>
            </param>
            <param index="6">
              <value>
                <![CDATA[Strategic Marketing Report]]>
              </value>
            </param>
            <param index="7">
              <value>
                <![CDATA[89]]>
              </value>
            </param>
            <param index="8">
              <value>
                <![CDATA[Yes]]>
              </value>
            </param>
          </params>
          <reporter-output>
          </reporter-output>
        </test-method> <!-- verifyPageViewandReportTitle -->
        <test-method status="PASS" signature="verifyPageViewandReportTitle(java.lang.String, java.lang.String, java.lang.String, java.lang.String, java.lang.String, java.lang.String, java.lang.String, java.lang.String, java.lang.String)[pri:0, instance:com.unityworks.testcases.AffinitiveTest@157853da]" name="verifyPageViewandReportTitle" duration-ms="26803" started-at="2018-04-21T11:03:09Z" data-provider="NewReportGetData" finished-at="2018-04-21T11:03:36Z">
          <params>
            <param index="0">
              <value>
                <![CDATA[03/01/2018]]>
              </value>
            </param>
            <param index="1">
              <value>
                <![CDATA[03/10/2018]]>
              </value>
            </param>
            <param index="2">
              <value>
                <![CDATA[UnityWorks Website]]>
              </value>
            </param>
            <param index="3">
              <value>
                <![CDATA[UnityWorks Website]]>
              </value>
            </param>
            <param index="4">
              <value>
                <![CDATA[//span[text()='UnityWorks Website Report']]]>
              </value>
            </param>
            <param index="5">
              <value>
                <![CDATA[//tbody/tr[last()]/td[6]/b]]>
              </value>
            </param>
            <param index="6">
              <value>
                <![CDATA[UnityWorks Website Report]]>
              </value>
            </param>
            <param index="7">
              <value>
                <![CDATA[]]>
              </value>
            </param>
            <param index="8">
              <value>
                <![CDATA[Yes]]>
              </value>
            </param>
          </params>
          <reporter-output>
          </reporter-output>
        </test-method> <!-- verifyPageViewandReportTitle -->
        <test-method status="PASS" signature="tearDown(org.testng.ITestResult)[pri:0, instance:com.unityworks.testcases.AffinitiveTest@157853da]" name="tearDown" is-config="true" duration-ms="0" started-at="2018-04-21T11:03:09Z" finished-at="2018-04-21T11:03:09Z">
          <params>
            <param index="0">
              <value>
                <![CDATA[[TestResult name=verifyPageViewandReportTitle status=SUCCESS method=AffinitiveTest.verifyPageViewandReportTitle(java.lang.String, java.lang.String, java.lang.String, java.lang.String, java.lang.String, java.lang.String, java.lang.String, java.lang.String, java.lang.String)[pri:0, instance:com.unityworks.testcases.AffinitiveTest@157853da] output={null}]]]>
              </value>
            </param>
          </params>
          <reporter-output>
          </reporter-output>
        </test-method> <!-- tearDown -->
        <test-method status="PASS" signature="tearDown(org.testng.ITestResult)[pri:0, instance:com.unityworks.testcases.AffinitiveTest@157853da]" name="tearDown" is-config="true" duration-ms="0" started-at="2018-04-21T11:03:36Z" finished-at="2018-04-21T11:03:36Z">
          <params>
            <param index="0">
              <value>
                <![CDATA[[TestResult name=verifyPageViewandReportTitle status=SUCCESS method=AffinitiveTest.verifyPageViewandReportTitle(java.lang.String, java.lang.String, java.lang.String, java.lang.String, java.lang.String, java.lang.String, java.lang.String, java.lang.String, java.lang.String)[pri:0, instance:com.unityworks.testcases.AffinitiveTest@157853da] output={null}]]]>
              </value>
            </param>
          </params>
          <reporter-output>
          </reporter-output>
        </test-method> <!-- tearDown -->
        <test-method status="PASS" signature="endReport()[pri:0, instance:com.unityworks.testcases.AffinitiveTest@157853da]" name="endReport" is-config="true" duration-ms="229" started-at="2018-04-21T11:04:15Z" finished-at="2018-04-21T11:04:16Z">
          <reporter-output>
          </reporter-output>
        </test-method> <!-- endReport -->
        <test-method status="PASS" signature="SendEmail()[pri:0, instance:com.unityworks.testcases.AffinitiveTest@157853da]" name="SendEmail" is-config="true" duration-ms="0" started-at="2018-04-21T11:04:16Z" finished-at="2018-04-21T11:04:16Z">
          <reporter-output>
          </reporter-output>
        </test-method> <!-- SendEmail -->
      </class> <!-- com.unityworks.testcases.AffinitiveTest -->
      <class name="com.unityworks.testcases.CampaignTest">
        <test-method status="PASS" signature="ValidateCampaign()[pri:0, instance:com.unityworks.testcases.CampaignTest@71c3b41]" name="ValidateCampaign" duration-ms="39294" started-at="2018-04-21T11:03:36Z" finished-at="2018-04-21T11:04:15Z">
          <reporter-output>
          </reporter-output>
        </test-method> <!-- ValidateCampaign -->
        <test-method status="PASS" signature="tearDown(org.testng.ITestResult)[pri:0, instance:com.unityworks.testcases.CampaignTest@71c3b41]" name="tearDown" is-config="true" duration-ms="0" started-at="2018-04-21T11:04:15Z" finished-at="2018-04-21T11:04:15Z">
          <params>
            <param index="0">
              <value>
                <![CDATA[[TestResult name=ValidateCampaign status=SUCCESS method=CampaignTest.ValidateCampaign()[pri:0, instance:com.unityworks.testcases.CampaignTest@71c3b41] output={null}]]]>
              </value>
            </param>
          </params>
          <reporter-output>
          </reporter-output>
        </test-method> <!-- tearDown -->
      </class> <!-- com.unityworks.testcases.CampaignTest -->
    </test> <!-- Unityworks -->
  </suite> <!-- UnityworksReportTest -->
</testng-results>
