<?xml version="1.0" encoding="UTF-8"?>
<testng-results skipped="0" failed="0" ignored="1" total="3" passed="2">
  <reporter-output>
  </reporter-output>
  <suite name="Default suite" duration-ms="64199" started-at="2018-04-18T10:15:11Z" finished-at="2018-04-18T10:16:15Z">
    <groups>
    </groups>
    <test name="Default test" duration-ms="64199" started-at="2018-04-18T10:15:11Z" finished-at="2018-04-18T10:16:15Z">
      <class name="com.unityworks.testcases.AffinitiveTest">
        <test-method status="PASS" signature="initialize()[pri:0, instance:com.unityworks.testcases.AffinitiveTest@15aab8c6]" name="initialize" is-config="true" duration-ms="3516" started-at="2018-04-18T10:15:07Z" finished-at="2018-04-18T10:15:11Z">
          <reporter-output>
          </reporter-output>
        </test-method> <!-- initialize -->
        <test-method status="PASS" signature="setExtent()[pri:0, instance:com.unityworks.testcases.AffinitiveTest@15aab8c6]" name="setExtent" is-config="true" duration-ms="52" started-at="2018-04-18T10:15:11Z" finished-at="2018-04-18T10:15:11Z">
          <reporter-output>
          </reporter-output>
        </test-method> <!-- setExtent -->
        <test-method status="PASS" signature="setup()[pri:0, instance:com.unityworks.testcases.AffinitiveTest@15aab8c6]" name="setup" is-config="true" duration-ms="16" started-at="2018-04-18T10:15:11Z" depends-on-methods="com.unityworks.core.CoreClass.setExtent" finished-at="2018-04-18T10:15:11Z">
          <reporter-output>
          </reporter-output>
        </test-method> <!-- setup -->
        <test-method status="PASS" signature="doubleclickreportTest(java.lang.String, java.lang.String, java.lang.String, java.lang.String, java.lang.String, java.lang.String, java.lang.String, java.lang.String, java.lang.String, java.lang.String, java.lang.String, java.lang.String, java.lang.String, java.lang.String, java.lang.String, java.lang.String, java.lang.String)[pri:0, instance:com.unityworks.testcases.AffinitiveTest@15aab8c6]" name="doubleclickreportTest" duration-ms="36603" started-at="2018-04-18T10:15:11Z" data-provider="DoubleClickReportGetData" finished-at="2018-04-18T10:15:47Z">
          <params>
            <param index="0">
              <value>
                <![CDATA[12/01/2017]]>
              </value>
            </param>
            <param index="1">
              <value>
                <![CDATA[03/01/2018]]>
              </value>
            </param>
            <param index="2">
              <value>
                <![CDATA[FCA Canada DoubleClick]]>
              </value>
            </param>
            <param index="3">
              <value>
                <![CDATA[FCA Canada DoubleClick]]>
              </value>
            </param>
            <param index="4">
              <value>
                <![CDATA[Custom Select]]>
              </value>
            </param>
            <param index="5">
              <value>
                <![CDATA[Canda]]>
              </value>
            </param>
            <param index="6">
              <value>
                <![CDATA[Cherokee]]>
              </value>
            </param>
            <param index="7">
              <value>
                <![CDATA[Canda-RamCherokee]]>
              </value>
            </param>
            <param index="8">
              <value>
                <![CDATA[No]]>
              </value>
            </param>
            <param index="9">
              <value>
                <![CDATA[No]]>
              </value>
            </param>
            <param index="10">
              <value>
                <![CDATA[No]]>
              </value>
            </param>
            <param index="11">
              <value>
                <![CDATA[Report]]>
              </value>
            </param>
            <param index="12">
              <value>
                <![CDATA[//span[text()='FCA Canada DoubleClick Report']]]>
              </value>
            </param>
            <param index="13">
              <value>
                <![CDATA[//*[@id="weekly_report_data_table"]/tfoot/tr/td[7]]]>
              </value>
            </param>
            <param index="14">
              <value>
                <![CDATA[FCA Canada DoubleClick Report]]>
              </value>
            </param>
            <param index="15">
              <value>
                <![CDATA[9,109,738]]>
              </value>
            </param>
            <param index="16">
              <value>
                <![CDATA[Yes]]>
              </value>
            </param>
          </params>
          <reporter-output>
          </reporter-output>
        </test-method> <!-- doubleclickreportTest -->
        <test-method status="PASS" signature="tearDown(org.testng.ITestResult)[pri:0, instance:com.unityworks.testcases.AffinitiveTest@15aab8c6]" name="tearDown" is-config="true" duration-ms="2" started-at="2018-04-18T10:15:47Z" finished-at="2018-04-18T10:15:47Z">
          <params>
            <param index="0">
              <value>
                <![CDATA[[TestResult name=doubleclickreportTest status=SUCCESS method=AffinitiveTest.doubleclickreportTest(java.lang.String, java.lang.String, java.lang.String, java.lang.String, java.lang.String, java.lang.String, java.lang.String, java.lang.String, java.lang.String, java.lang.String, java.lang.String, java.lang.String, java.lang.String, java.lang.String, java.lang.String, java.lang.String, java.lang.String)[pri:0, instance:com.unityworks.testcases.AffinitiveTest@15aab8c6] output={null}]]]>
              </value>
            </param>
          </params>
          <reporter-output>
          </reporter-output>
        </test-method> <!-- tearDown -->
        <test-method status="PASS" signature="doubleclickreportTest(java.lang.String, java.lang.String, java.lang.String, java.lang.String, java.lang.String, java.lang.String, java.lang.String, java.lang.String, java.lang.String, java.lang.String, java.lang.String, java.lang.String, java.lang.String, java.lang.String, java.lang.String, java.lang.String, java.lang.String)[pri:0, instance:com.unityworks.testcases.AffinitiveTest@15aab8c6]" name="doubleclickreportTest" duration-ms="27334" started-at="2018-04-18T10:15:47Z" data-provider="DoubleClickReportGetData" finished-at="2018-04-18T10:16:15Z">
          <params>
            <param index="0">
              <value>
                <![CDATA[12/01/2017]]>
              </value>
            </param>
            <param index="1">
              <value>
                <![CDATA[03/01/2018]]>
              </value>
            </param>
            <param index="2">
              <value>
                <![CDATA[FCA Canada DoubleClick]]>
              </value>
            </param>
            <param index="3">
              <value>
                <![CDATA[FCA Canada DoubleClick]]>
              </value>
            </param>
            <param index="4">
              <value>
                <![CDATA[Custom Select]]>
              </value>
            </param>
            <param index="5">
              <value>
                <![CDATA[Canda]]>
              </value>
            </param>
            <param index="6">
              <value>
                <![CDATA[Cherokee]]>
              </value>
            </param>
            <param index="7">
              <value>
                <![CDATA[Canda-RamCherokee]]>
              </value>
            </param>
            <param index="8">
              <value>
                <![CDATA[No]]>
              </value>
            </param>
            <param index="9">
              <value>
                <![CDATA[No]]>
              </value>
            </param>
            <param index="10">
              <value>
                <![CDATA[No]]>
              </value>
            </param>
            <param index="11">
              <value>
                <![CDATA[Management Fees]]>
              </value>
            </param>
            <param index="12">
              <value>
                <![CDATA[//span[text()='Management Fee Table']]]>
              </value>
            </param>
            <param index="13">
              <value>
                <![CDATA[ //*[@id="mgt_fees_data_table"]/tbody/tr[last()]/td]]>
              </value>
            </param>
            <param index="14">
              <value>
                <![CDATA[Management Fee Table]]>
              </value>
            </param>
            <param index="15">
              <value>
                <![CDATA[]]>
              </value>
            </param>
            <param index="16">
              <value>
                <![CDATA[Yes]]>
              </value>
            </param>
          </params>
          <reporter-output>
          </reporter-output>
        </test-method> <!-- doubleclickreportTest -->
        <test-method status="PASS" signature="tearDown(org.testng.ITestResult)[pri:0, instance:com.unityworks.testcases.AffinitiveTest@15aab8c6]" name="tearDown" is-config="true" duration-ms="1" started-at="2018-04-18T10:16:15Z" finished-at="2018-04-18T10:16:15Z">
          <params>
            <param index="0">
              <value>
                <![CDATA[[TestResult name=doubleclickreportTest status=SUCCESS method=AffinitiveTest.doubleclickreportTest(java.lang.String, java.lang.String, java.lang.String, java.lang.String, java.lang.String, java.lang.String, java.lang.String, java.lang.String, java.lang.String, java.lang.String, java.lang.String, java.lang.String, java.lang.String, java.lang.String, java.lang.String, java.lang.String, java.lang.String)[pri:0, instance:com.unityworks.testcases.AffinitiveTest@15aab8c6] output={null}]]]>
              </value>
            </param>
          </params>
          <reporter-output>
          </reporter-output>
        </test-method> <!-- tearDown -->
        <test-method status="PASS" signature="endReport()[pri:0, instance:com.unityworks.testcases.AffinitiveTest@15aab8c6]" name="endReport" is-config="true" duration-ms="162" started-at="2018-04-18T10:16:15Z" finished-at="2018-04-18T10:16:15Z">
          <reporter-output>
          </reporter-output>
        </test-method> <!-- endReport -->
        <test-method status="PASS" signature="SendEmail()[pri:0, instance:com.unityworks.testcases.AffinitiveTest@15aab8c6]" name="SendEmail" is-config="true" duration-ms="1032" started-at="2018-04-18T10:16:15Z" finished-at="2018-04-18T10:16:16Z">
          <reporter-output>
          </reporter-output>
        </test-method> <!-- SendEmail -->
      </class> <!-- com.unityworks.testcases.AffinitiveTest -->
    </test> <!-- Default test -->
  </suite> <!-- Default suite -->
</testng-results>
